# JRE version: OpenJDK Runtime Environment (8.0_242-b08) (build 1.8.0_242-b08)
# Java VM: OpenJDK 64-Bit Server VM (25.242-b08 mixed mode bsd-amd64 compressed oops)
Heap:
 PSYoungGen      total 115712K, used 46242K [0x000000076ab00000, 0x0000000772a80000, 0x00000007c0000000)
  eden space 104960K, 33% used [0x000000076ab00000,0x000000076cdaded0,0x0000000771180000)
  from space 10752K, 99% used [0x0000000772000000,0x0000000772a7ab58,0x0000000772a80000)
  to   space 10752K, 0% used [0x0000000771580000,0x0000000771580000,0x0000000772000000)
 ParOldGen       total 109056K, used 17688K [0x00000006c0000000, 0x00000006c6a80000, 0x000000076ab00000)
  object space 109056K, 16% used [0x00000006c0000000,0x00000006c1146280,0x00000006c6a80000)
 Metaspace       used 27468K, capacity 27819K, committed 28160K, reserved 1075200K
  class space    used 2132K, capacity 2247K, committed 2304K, reserved 1048576K
GC Heap History (10 events):
Event: 3.949 GC heap before
{Heap before GC invocations=1 (full 0):
 PSYoungGen      total 76288K, used 64733K [0x000000076ab00000, 0x0000000770000000, 0x00000007c0000000)
  eden space 65536K, 98% used [0x000000076ab00000,0x000000076ea37520,0x000000076eb00000)
  from space 10752K, 0% used [0x000000076f580000,0x000000076f580000,0x0000000770000000)
  to   space 10752K, 0% used [0x000000076eb00000,0x000000076eb00000,0x000000076f580000)
 ParOldGen       total 175104K, used 0K [0x00000006c0000000, 0x00000006cab00000, 0x000000076ab00000)
  object space 175104K, 0% used [0x00000006c0000000,0x00000006c0000000,0x00000006cab00000)
 Metaspace       used 19223K, capacity 19643K, committed 19840K, reserved 1067008K
  class space    used 1922K, capacity 2052K, committed 2176K, reserved 1048576K
Event: 3.958 GC heap after
Heap after GC invocations=1 (full 0):
 PSYoungGen      total 76288K, used 10731K [0x000000076ab00000, 0x0000000770000000, 0x00000007c0000000)
  eden space 65536K, 0% used [0x000000076ab00000,0x000000076ab00000,0x000000076eb00000)
  from space 10752K, 99% used [0x000000076eb00000,0x000000076f57afa8,0x000000076f580000)
  to   space 10752K, 0% used [0x000000076f580000,0x000000076f580000,0x0000000770000000)
 ParOldGen       total 175104K, used 447K [0x00000006c0000000, 0x00000006cab00000, 0x000000076ab00000)
  object space 175104K, 0% used [0x00000006c0000000,0x00000006c006fc40,0x00000006cab00000)
 Metaspace       used 19223K, capacity 19643K, committed 19840K, reserved 1067008K
  class space    used 1922K, capacity 2052K, committed 2176K, reserved 1048576K
}
Event: 4.092 GC heap before
{Heap before GC invocations=2 (full 0):
 PSYoungGen      total 76288K, used 35982K [0x000000076ab00000, 0x0000000770000000, 0x00000007c0000000)
  eden space 65536K, 38% used [0x000000076ab00000,0x000000076c3a89b0,0x000000076eb00000)
  from space 10752K, 99% used [0x000000076eb00000,0x000000076f57afa8,0x000000076f580000)
  to   space 10752K, 0% used [0x000000076f580000,0x000000076f580000,0x0000000770000000)
 ParOldGen       total 175104K, used 447K [0x00000006c0000000, 0x00000006cab00000, 0x000000076ab00000)
  object space 175104K, 0% used [0x00000006c0000000,0x00000006c006fc40,0x00000006cab00000)
 Metaspace       used 20853K, capacity 21168K, committed 21296K, reserved 1069056K
  class space    used 1987K, capacity 2084K, committed 2176K, reserved 1048576K
Event: 4.100 GC heap after
Heap after GC invocations=2 (full 0):
 PSYoungGen      total 76288K, used 10749K [0x000000076ab00000, 0x0000000774000000, 0x00000007c0000000)
  eden space 65536K, 0% used [0x000000076ab00000,0x000000076ab00000,0x000000076eb00000)
  from space 10752K, 99% used [0x000000076f580000,0x000000076ffff4c0,0x0000000770000000)
  to   space 10752K, 0% used [0x000000076eb00000,0x000000076eb00000,0x000000076f580000)
 ParOldGen       total 175104K, used 7124K [0x00000006c0000000, 0x00000006cab00000, 0x000000076ab00000)
  object space 175104K, 4% used [0x00000006c0000000,0x00000006c06f5398,0x00000006cab00000)
 Metaspace       used 20853K, capacity 21168K, committed 21296K, reserved 1069056K
  class space    used 1987K, capacity 2084K, committed 2176K, reserved 1048576K
}
Event: 4.100 GC heap before
{Heap before GC invocations=3 (full 1):
 PSYoungGen      total 76288K, used 10749K [0x000000076ab00000, 0x0000000774000000, 0x00000007c0000000)
  eden space 65536K, 0% used [0x000000076ab00000,0x000000076ab00000,0x000000076eb00000)
  from space 10752K, 99% used [0x000000076f580000,0x000000076ffff4c0,0x0000000770000000)
  to   space 10752K, 0% used [0x000000076eb00000,0x000000076eb00000,0x000000076f580000)
 ParOldGen       total 175104K, used 7124K [0x00000006c0000000, 0x00000006cab00000, 0x000000076ab00000)
  object space 175104K, 4% used [0x00000006c0000000,0x00000006c06f5398,0x00000006cab00000)
 Metaspace       used 20853K, capacity 21168K, committed 21296K, reserved 1069056K
  class space    used 1987K, capacity 2084K, committed 2176K, reserved 1048576K
Event: 4.145 GC heap after
Heap after GC invocations=3 (full 1):
 PSYoungGen      total 76288K, used 0K [0x000000076ab00000, 0x0000000774000000, 0x00000007c0000000)
  eden space 65536K, 0% used [0x000000076ab00000,0x000000076ab00000,0x000000076eb00000)
  from space 10752K, 0% used [0x000000076f580000,0x000000076f580000,0x0000000770000000)
  to   space 10752K, 0% used [0x000000076eb00000,0x000000076eb00000,0x000000076f580000)
 ParOldGen       total 109056K, used 17408K [0x00000006c0000000, 0x00000006c6a80000, 0x000000076ab00000)
  object space 109056K, 15% used [0x00000006c0000000,0x00000006c1100270,0x00000006c6a80000)
 Metaspace       used 20853K, capacity 21168K, committed 21296K, reserved 1069056K
  class space    used 1987K, capacity 2084K, committed 2176K, reserved 1048576K
}
Event: 6.718 GC heap before
{Heap before GC invocations=4 (full 1):
 PSYoungGen      total 76288K, used 65536K [0x000000076ab00000, 0x0000000774000000, 0x00000007c0000000)
  eden space 65536K, 100% used [0x000000076ab00000,0x000000076eb00000,0x000000076eb00000)
  from space 10752K, 0% used [0x000000076f580000,0x000000076f580000,0x0000000770000000)
  to   space 10752K, 0% used [0x000000076eb00000,0x000000076eb00000,0x000000076f580000)
 ParOldGen       total 109056K, used 17408K [0x00000006c0000000, 0x00000006c6a80000, 0x000000076ab00000)
  object space 109056K, 15% used [0x00000006c0000000,0x00000006c1100270,0x00000006c6a80000)
 Metaspace       used 27044K, capacity 27431K, committed 27648K, reserved 1075200K
  class space    used 2120K, capacity 2245K, committed 2304K, reserved 1048576K
Event: 6.724 GC heap after
Heap after GC invocations=4 (full 1):
 PSYoungGen      total 76288K, used 10701K [0x000000076ab00000, 0x0000000772a80000, 0x00000007c0000000)
  eden space 65536K, 0% used [0x000000076ab00000,0x000000076ab00000,0x000000076eb00000)
  from space 10752K, 99% used [0x000000076eb00000,0x000000076f5736a0,0x000000076f580000)
  to   space 10752K, 0% used [0x0000000772000000,0x0000000772000000,0x0000000772a80000)
 ParOldGen       total 109056K, used 17416K [0x00000006c0000000, 0x00000006c6a80000, 0x000000076ab00000)
  object space 109056K, 15% used [0x00000006c0000000,0x00000006c1102270,0x00000006c6a80000)
 Metaspace       used 27044K, capacity 27431K, committed 27648K, reserved 1075200K
  class space    used 2120K, capacity 2245K, committed 2304K, reserved 1048576K
}
Event: 17.697 GC heap before
{Heap before GC invocations=5 (full 1):
 PSYoungGen      total 76288K, used 76237K [0x000000076ab00000, 0x0000000772a80000, 0x00000007c0000000)
  eden space 65536K, 100% used [0x000000076ab00000,0x000000076eb00000,0x000000076eb00000)
  from space 10752K, 99% used [0x000000076eb00000,0x000000076f5736a0,0x000000076f580000)
  to   space 10752K, 0% used [0x0000000772000000,0x0000000772000000,0x0000000772a80000)
 ParOldGen       total 109056K, used 17416K [0x00000006c0000000, 0x00000006c6a80000, 0x000000076ab00000)
  object space 109056K, 15% used [0x00000006c0000000,0x00000006c1102270,0x00000006c6a80000)
 Metaspace       used 27403K, capacity 27751K, committed 27904K, reserved 1075200K
  class space    used 2120K, capacity 2245K, committed 2304K, reserved 1048576K
Event: 17.702 GC heap after
Heap after GC invocations=5 (full 1):
 PSYoungGen      total 115712K, used 10730K [0x000000076ab00000, 0x0000000772a80000, 0x00000007c0000000)
  eden space 104960K, 0% used [0x000000076ab00000,0x000000076ab00000,0x0000000771180000)
  from space 10752K, 99% used [0x0000000772000000,0x0000000772a7ab58,0x0000000772a80000)
  to   space 10752K, 0% used [0x0000000771580000,0x0000000771580000,0x0000000772000000)
 ParOldGen       total 109056K, used 17688K [0x00000006c0000000, 0x00000006c6a80000, 0x000000076ab00000)
  object space 109056K, 16% used [0x00000006c0000000,0x00000006c1146280,0x00000006c6a80000)
 Metaspace       used 27403K, capacity 27751K, committed 27904K, reserved 1075200K
  class space    used 2120K, capacity 2245K, committed 2304K, reserved 1048576K
}

