# JRE version: OpenJDK Runtime Environment (8.0_242-b08) (build 1.8.0_242-b08)
# Java VM: OpenJDK 64-Bit Server VM (25.242-b08 mixed mode bsd-amd64 compressed oops)
Heap:
 PSYoungGen      total 358400K, used 336683K [0x000000076ab00000, 0x0000000782600000, 0x00000007c0000000)
  eden space 352256K, 95% used [0x000000076ab00000,0x000000077f382da0,0x0000000780300000)
  from space 6144K, 4% used [0x0000000782000000,0x0000000782048000,0x0000000782600000)
  to   space 17920K, 0% used [0x0000000780300000,0x0000000780300000,0x0000000781480000)
 ParOldGen       total 94208K, used 27556K [0x00000006c0000000, 0x00000006c5c00000, 0x000000076ab00000)
  object space 94208K, 29% used [0x00000006c0000000,0x00000006c1ae9298,0x00000006c5c00000)
 Metaspace       used 27855K, capacity 28185K, committed 28416K, reserved 1075200K
  class space    used 2166K, capacity 2280K, committed 2304K, reserved 1048576K
GC Heap History (10 events):
Event: 13.984 GC heap before
{Heap before GC invocations=5 (full 1):
 PSYoungGen      total 76288K, used 74156K [0x000000076ab00000, 0x0000000773800000, 0x00000007c0000000)
  eden space 65536K, 100% used [0x000000076ab00000,0x000000076eb00000,0x000000076eb00000)
  from space 10752K, 80% used [0x000000076eb00000,0x000000076f36b198,0x000000076f580000)
  to   space 10752K, 0% used [0x0000000772d80000,0x0000000772d80000,0x0000000773800000)
 ParOldGen       total 94208K, used 16609K [0x00000006c0000000, 0x00000006c5c00000, 0x000000076ab00000)
  object space 94208K, 17% used [0x00000006c0000000,0x00000006c1038430,0x00000006c5c00000)
 Metaspace       used 27643K, capacity 27989K, committed 28160K, reserved 1075200K
  class space    used 2153K, capacity 2278K, committed 2304K, reserved 1048576K
Event: 13.990 GC heap after
Heap after GC invocations=5 (full 1):
 PSYoungGen      total 131584K, used 10722K [0x000000076ab00000, 0x0000000773800000, 0x00000007c0000000)
  eden space 120832K, 0% used [0x000000076ab00000,0x000000076ab00000,0x0000000772100000)
  from space 10752K, 99% used [0x0000000772d80000,0x00000007737f8b58,0x0000000773800000)
  to   space 10752K, 0% used [0x0000000772300000,0x0000000772300000,0x0000000772d80000)
 ParOldGen       total 94208K, used 17385K [0x00000006c0000000, 0x00000006c5c00000, 0x000000076ab00000)
  object space 94208K, 18% used [0x00000006c0000000,0x00000006c10fa460,0x00000006c5c00000)
 Metaspace       used 27643K, capacity 27989K, committed 28160K, reserved 1075200K
  class space    used 2153K, capacity 2278K, committed 2304K, reserved 1048576K
}
Event: 25.751 GC heap before
{Heap before GC invocations=6 (full 1):
 PSYoungGen      total 131584K, used 131554K [0x000000076ab00000, 0x0000000773800000, 0x00000007c0000000)
  eden space 120832K, 100% used [0x000000076ab00000,0x0000000772100000,0x0000000772100000)
  from space 10752K, 99% used [0x0000000772d80000,0x00000007737f8b58,0x0000000773800000)
  to   space 10752K, 0% used [0x0000000772300000,0x0000000772300000,0x0000000772d80000)
 ParOldGen       total 94208K, used 17385K [0x00000006c0000000, 0x00000006c5c00000, 0x000000076ab00000)
  object space 94208K, 18% used [0x00000006c0000000,0x00000006c10fa460,0x00000006c5c00000)
 Metaspace       used 27708K, capacity 28053K, committed 28160K, reserved 1075200K
  class space    used 2154K, capacity 2278K, committed 2304K, reserved 1048576K
Event: 25.757 GC heap after
Heap after GC invocations=6 (full 1):
 PSYoungGen      total 133632K, used 10626K [0x000000076ab00000, 0x000000077a180000, 0x00000007c0000000)
  eden space 122880K, 0% used [0x000000076ab00000,0x000000076ab00000,0x0000000772300000)
  from space 10752K, 98% used [0x0000000772300000,0x0000000772d60b78,0x0000000772d80000)
  to   space 17408K, 0% used [0x0000000779080000,0x0000000779080000,0x000000077a180000)
 ParOldGen       total 94208K, used 17393K [0x00000006c0000000, 0x00000006c5c00000, 0x000000076ab00000)
  object space 94208K, 18% used [0x00000006c0000000,0x00000006c10fc460,0x00000006c5c00000)
 Metaspace       used 27708K, capacity 28053K, committed 28160K, reserved 1075200K
  class space    used 2154K, capacity 2278K, committed 2304K, reserved 1048576K
}
Event: 38.134 GC heap before
{Heap before GC invocations=7 (full 1):
 PSYoungGen      total 133632K, used 133506K [0x000000076ab00000, 0x000000077a180000, 0x00000007c0000000)
  eden space 122880K, 100% used [0x000000076ab00000,0x0000000772300000,0x0000000772300000)
  from space 10752K, 98% used [0x0000000772300000,0x0000000772d60b78,0x0000000772d80000)
  to   space 17408K, 0% used [0x0000000779080000,0x0000000779080000,0x000000077a180000)
 ParOldGen       total 94208K, used 17393K [0x00000006c0000000, 0x00000006c5c00000, 0x000000076ab00000)
  object space 94208K, 18% used [0x00000006c0000000,0x00000006c10fc460,0x00000006c5c00000)
 Metaspace       used 27709K, capacity 28117K, committed 28416K, reserved 1075200K
  class space    used 2154K, capacity 2278K, committed 2304K, reserved 1048576K
Event: 38.141 GC heap after
Heap after GC invocations=7 (full 1):
 PSYoungGen      total 229888K, used 10545K [0x000000076ab00000, 0x0000000779e80000, 0x00000007c0000000)
  eden space 215552K, 0% used [0x000000076ab00000,0x000000076ab00000,0x0000000777d80000)
  from space 14336K, 73% used [0x0000000779080000,0x0000000779acc5a0,0x0000000779e80000)
  to   space 16896K, 0% used [0x0000000777d80000,0x0000000777d80000,0x0000000778e00000)
 ParOldGen       total 94208K, used 17401K [0x00000006c0000000, 0x00000006c5c00000, 0x000000076ab00000)
  object space 94208K, 18% used [0x00000006c0000000,0x00000006c10fe460,0x00000006c5c00000)
 Metaspace       used 27709K, capacity 28117K, committed 28416K, reserved 1075200K
  class space    used 2154K, capacity 2278K, committed 2304K, reserved 1048576K
}
Event: 59.750 GC heap before
{Heap before GC invocations=8 (full 1):
 PSYoungGen      total 229888K, used 226097K [0x000000076ab00000, 0x0000000779e80000, 0x00000007c0000000)
  eden space 215552K, 100% used [0x000000076ab00000,0x0000000777d80000,0x0000000777d80000)
  from space 14336K, 73% used [0x0000000779080000,0x0000000779acc5a0,0x0000000779e80000)
  to   space 16896K, 0% used [0x0000000777d80000,0x0000000777d80000,0x0000000778e00000)
 ParOldGen       total 94208K, used 17401K [0x00000006c0000000, 0x00000006c5c00000, 0x000000076ab00000)
  object space 94208K, 18% used [0x00000006c0000000,0x00000006c10fe460,0x00000006c5c00000)
 Metaspace       used 27709K, capacity 28117K, committed 28416K, reserved 1075200K
  class space    used 2154K, capacity 2278K, committed 2304K, reserved 1048576K
Event: 59.759 GC heap after
Heap after GC invocations=8 (full 1):
 PSYoungGen      total 232448K, used 10563K [0x000000076ab00000, 0x0000000783000000, 0x00000007c0000000)
  eden space 215552K, 0% used [0x000000076ab00000,0x000000076ab00000,0x0000000777d80000)
  from space 16896K, 62% used [0x0000000777d80000,0x00000007787d0cd8,0x0000000778e00000)
  to   space 16384K, 0% used [0x0000000782000000,0x0000000782000000,0x0000000783000000)
 ParOldGen       total 94208K, used 17409K [0x00000006c0000000, 0x00000006c5c00000, 0x000000076ab00000)
  object space 94208K, 18% used [0x00000006c0000000,0x00000006c1100460,0x00000006c5c00000)
 Metaspace       used 27709K, capacity 28117K, committed 28416K, reserved 1075200K
  class space    used 2154K, capacity 2278K, committed 2304K, reserved 1048576K
}
Event: 81.334 GC heap before
{Heap before GC invocations=9 (full 1):
 PSYoungGen      total 232448K, used 226115K [0x000000076ab00000, 0x0000000783000000, 0x00000007c0000000)
  eden space 215552K, 100% used [0x000000076ab00000,0x0000000777d80000,0x0000000777d80000)
  from space 16896K, 62% used [0x0000000777d80000,0x00000007787d0cd8,0x0000000778e00000)
  to   space 16384K, 0% used [0x0000000782000000,0x0000000782000000,0x0000000783000000)
 ParOldGen       total 94208K, used 17409K [0x00000006c0000000, 0x00000006c5c00000, 0x000000076ab00000)
  object space 94208K, 18% used [0x00000006c0000000,0x00000006c1100460,0x00000006c5c00000)
 Metaspace       used 27709K, capacity 28117K, committed 28416K, reserved 1075200K
  class space    used 2154K, capacity 2278K, committed 2304K, reserved 1048576K
Event: 81.341 GC heap after
Heap after GC invocations=9 (full 1):
 PSYoungGen      total 358400K, used 288K [0x000000076ab00000, 0x0000000782600000, 0x00000007c0000000)
  eden space 352256K, 0% used [0x000000076ab00000,0x000000076ab00000,0x0000000780300000)
  from space 6144K, 4% used [0x0000000782000000,0x0000000782048000,0x0000000782600000)
  to   space 17920K, 0% used [0x0000000780300000,0x0000000780300000,0x0000000781480000)
 ParOldGen       total 94208K, used 27556K [0x00000006c0000000, 0x00000006c5c00000, 0x000000076ab00000)
  object space 94208K, 29% used [0x00000006c0000000,0x00000006c1ae9298,0x00000006c5c00000)
 Metaspace       used 27709K, capacity 28117K, committed 28416K, reserved 1075200K
  class space    used 2154K, capacity 2278K, committed 2304K, reserved 1048576K
}

