# JRE version: OpenJDK Runtime Environment (8.0_242-b08) (build 1.8.0_242-b08)
# Java VM: OpenJDK 64-Bit Server VM (25.242-b08 mixed mode bsd-amd64 compressed oops)
Heap:
 PSYoungGen      total 76288K, used 55021K [0x000000076ab00000, 0x0000000773980000, 0x00000007c0000000)
  eden space 65536K, 67% used [0x000000076ab00000,0x000000076d63b9a8,0x000000076eb00000)
  from space 10752K, 99% used [0x000000076eb00000,0x000000076f57fc88,0x000000076f580000)
  to   space 10752K, 0% used [0x0000000772f00000,0x0000000772f00000,0x0000000773980000)
 ParOldGen       total 93184K, used 17185K [0x00000006c0000000, 0x00000006c5b00000, 0x000000076ab00000)
  object space 93184K, 18% used [0x00000006c0000000,0x00000006c10c8540,0x00000006c5b00000)
 Metaspace       used 27301K, capacity 27613K, committed 27904K, reserved 1075200K
  class space    used 2119K, capacity 2246K, committed 2304K, reserved 1048576K
GC Heap History (8 events):
Event: 3.071 GC heap before
{Heap before GC invocations=1 (full 0):
 PSYoungGen      total 76288K, used 65149K [0x000000076ab00000, 0x0000000770000000, 0x00000007c0000000)
  eden space 65536K, 99% used [0x000000076ab00000,0x000000076ea9f4f8,0x000000076eb00000)
  from space 10752K, 0% used [0x000000076f580000,0x000000076f580000,0x0000000770000000)
  to   space 10752K, 0% used [0x000000076eb00000,0x000000076eb00000,0x000000076f580000)
 ParOldGen       total 175104K, used 0K [0x00000006c0000000, 0x00000006cab00000, 0x000000076ab00000)
  object space 175104K, 0% used [0x00000006c0000000,0x00000006c0000000,0x00000006cab00000)
 Metaspace       used 19703K, capacity 20037K, committed 20352K, reserved 1067008K
  class space    used 1969K, capacity 2081K, committed 2176K, reserved 1048576K
Event: 3.082 GC heap after
Heap after GC invocations=1 (full 0):
 PSYoungGen      total 76288K, used 10740K [0x000000076ab00000, 0x0000000770000000, 0x00000007c0000000)
  eden space 65536K, 0% used [0x000000076ab00000,0x000000076ab00000,0x000000076eb00000)
  from space 10752K, 99% used [0x000000076eb00000,0x000000076f57d230,0x000000076f580000)
  to   space 10752K, 0% used [0x000000076f580000,0x000000076f580000,0x0000000770000000)
 ParOldGen       total 175104K, used 4169K [0x00000006c0000000, 0x00000006cab00000, 0x000000076ab00000)
  object space 175104K, 2% used [0x00000006c0000000,0x00000006c04127f8,0x00000006cab00000)
 Metaspace       used 19703K, capacity 20037K, committed 20352K, reserved 1067008K
  class space    used 1969K, capacity 2081K, committed 2176K, reserved 1048576K
}
Event: 3.113 GC heap before
{Heap before GC invocations=2 (full 0):
 PSYoungGen      total 76288K, used 29862K [0x000000076ab00000, 0x0000000770000000, 0x00000007c0000000)
  eden space 65536K, 29% used [0x000000076ab00000,0x000000076bdac880,0x000000076eb00000)
  from space 10752K, 99% used [0x000000076eb00000,0x000000076f57d230,0x000000076f580000)
  to   space 10752K, 0% used [0x000000076f580000,0x000000076f580000,0x0000000770000000)
 ParOldGen       total 175104K, used 4169K [0x00000006c0000000, 0x00000006cab00000, 0x000000076ab00000)
  object space 175104K, 2% used [0x00000006c0000000,0x00000006c04127f8,0x00000006cab00000)
 Metaspace       used 20820K, capacity 21146K, committed 21296K, reserved 1069056K
  class space    used 1969K, capacity 2081K, committed 2176K, reserved 1048576K
Event: 3.122 GC heap after
Heap after GC invocations=2 (full 0):
 PSYoungGen      total 76288K, used 10738K [0x000000076ab00000, 0x0000000774000000, 0x00000007c0000000)
  eden space 65536K, 0% used [0x000000076ab00000,0x000000076ab00000,0x000000076eb00000)
  from space 10752K, 99% used [0x000000076f580000,0x000000076fffcb30,0x0000000770000000)
  to   space 10752K, 0% used [0x000000076eb00000,0x000000076eb00000,0x000000076f580000)
 ParOldGen       total 175104K, used 9136K [0x00000006c0000000, 0x00000006cab00000, 0x000000076ab00000)
  object space 175104K, 5% used [0x00000006c0000000,0x00000006c08ec358,0x00000006cab00000)
 Metaspace       used 20820K, capacity 21146K, committed 21296K, reserved 1069056K
  class space    used 1969K, capacity 2081K, committed 2176K, reserved 1048576K
}
Event: 3.122 GC heap before
{Heap before GC invocations=3 (full 1):
 PSYoungGen      total 76288K, used 10738K [0x000000076ab00000, 0x0000000774000000, 0x00000007c0000000)
  eden space 65536K, 0% used [0x000000076ab00000,0x000000076ab00000,0x000000076eb00000)
  from space 10752K, 99% used [0x000000076f580000,0x000000076fffcb30,0x0000000770000000)
  to   space 10752K, 0% used [0x000000076eb00000,0x000000076eb00000,0x000000076f580000)
 ParOldGen       total 175104K, used 9136K [0x00000006c0000000, 0x00000006cab00000, 0x000000076ab00000)
  object space 175104K, 5% used [0x00000006c0000000,0x00000006c08ec358,0x00000006cab00000)
 Metaspace       used 20820K, capacity 21146K, committed 21296K, reserved 1069056K
  class space    used 1969K, capacity 2081K, committed 2176K, reserved 1048576K
Event: 3.151 GC heap after
Heap after GC invocations=3 (full 1):
 PSYoungGen      total 76288K, used 0K [0x000000076ab00000, 0x0000000774000000, 0x00000007c0000000)
  eden space 65536K, 0% used [0x000000076ab00000,0x000000076ab00000,0x000000076eb00000)
  from space 10752K, 0% used [0x000000076f580000,0x000000076f580000,0x0000000770000000)
  to   space 10752K, 0% used [0x000000076eb00000,0x000000076eb00000,0x000000076f580000)
 ParOldGen       total 93184K, used 17005K [0x00000006c0000000, 0x00000006c5b00000, 0x000000076ab00000)
  object space 93184K, 18% used [0x00000006c0000000,0x00000006c109b4e0,0x00000006c5b00000)
 Metaspace       used 20820K, capacity 21146K, committed 21296K, reserved 1069056K
  class space    used 1969K, capacity 2081K, committed 2176K, reserved 1048576K
}
Event: 6.223 GC heap before
{Heap before GC invocations=4 (full 1):
 PSYoungGen      total 76288K, used 65536K [0x000000076ab00000, 0x0000000774000000, 0x00000007c0000000)
  eden space 65536K, 100% used [0x000000076ab00000,0x000000076eb00000,0x000000076eb00000)
  from space 10752K, 0% used [0x000000076f580000,0x000000076f580000,0x0000000770000000)
  to   space 10752K, 0% used [0x000000076eb00000,0x000000076eb00000,0x000000076f580000)
 ParOldGen       total 93184K, used 17005K [0x00000006c0000000, 0x00000006c5b00000, 0x000000076ab00000)
  object space 93184K, 18% used [0x00000006c0000000,0x00000006c109b4e0,0x00000006c5b00000)
 Metaspace       used 26899K, capacity 27251K, committed 27648K, reserved 1075200K
  class space    used 2106K, capacity 2211K, committed 2304K, reserved 1048576K
Event: 6.229 GC heap after
Heap after GC invocations=4 (full 1):
 PSYoungGen      total 76288K, used 10751K [0x000000076ab00000, 0x0000000773980000, 0x00000007c0000000)
  eden space 65536K, 0% used [0x000000076ab00000,0x000000076ab00000,0x000000076eb00000)
  from space 10752K, 99% used [0x000000076eb00000,0x000000076f57fc88,0x000000076f580000)
  to   space 10752K, 0% used [0x0000000772f00000,0x0000000772f00000,0x0000000773980000)
 ParOldGen       total 93184K, used 17185K [0x00000006c0000000, 0x00000006c5b00000, 0x000000076ab00000)
  object space 93184K, 18% used [0x00000006c0000000,0x00000006c10c8540,0x00000006c5b00000)
 Metaspace       used 26899K, capacity 27251K, committed 27648K, reserved 1075200K
  class space    used 2106K, capacity 2211K, committed 2304K, reserved 1048576K
}

