# JRE version: OpenJDK Runtime Environment (8.0_242-b08) (build 1.8.0_242-b08)
# Java VM: OpenJDK 64-Bit Server VM (25.242-b08 mixed mode bsd-amd64 compressed oops)
Heap:
 PSYoungGen      total 76288K, used 26489K [0x000000076ab00000, 0x0000000770000000, 0x00000007c0000000)
  eden space 65536K, 24% used [0x000000076ab00000,0x000000076ba658c0,0x000000076eb00000)
  from space 10752K, 99% used [0x000000076f580000,0x000000076fff8c50,0x0000000770000000)
  to   space 10752K, 0% used [0x000000076eb00000,0x000000076eb00000,0x000000076f580000)
 ParOldGen       total 75264K, used 14942K [0x00000006c0000000, 0x00000006c4980000, 0x000000076ab00000)
  object space 75264K, 19% used [0x00000006c0000000,0x00000006c0e97900,0x00000006c4980000)
 Metaspace       used 24179K, capacity 24625K, committed 24832K, reserved 1071104K
  class space    used 2383K, capacity 2535K, committed 2560K, reserved 1048576K
GC Heap History (6 events):
Event: 3.733 GC heap before
{Heap before GC invocations=1 (full 0):
 PSYoungGen      total 76288K, used 56464K [0x000000076ab00000, 0x0000000770000000, 0x00000007c0000000)
  eden space 65536K, 86% used [0x000000076ab00000,0x000000076e224310,0x000000076eb00000)
  from space 10752K, 0% used [0x000000076f580000,0x000000076f580000,0x0000000770000000)
  to   space 10752K, 0% used [0x000000076eb00000,0x000000076eb00000,0x000000076f580000)
 ParOldGen       total 175104K, used 0K [0x00000006c0000000, 0x00000006cab00000, 0x000000076ab00000)
  object space 175104K, 0% used [0x00000006c0000000,0x00000006c0000000,0x00000006cab00000)
 Metaspace       used 20764K, capacity 21137K, committed 21248K, reserved 1069056K
  class space    used 2110K, capacity 2229K, committed 2304K, reserved 1048576K
Event: 3.742 GC heap after
Heap after GC invocations=1 (full 0):
 PSYoungGen      total 76288K, used 9650K [0x000000076ab00000, 0x0000000770000000, 0x00000007c0000000)
  eden space 65536K, 0% used [0x000000076ab00000,0x000000076ab00000,0x000000076eb00000)
  from space 10752K, 89% used [0x000000076eb00000,0x000000076f46c940,0x000000076f580000)
  to   space 10752K, 0% used [0x000000076f580000,0x000000076f580000,0x0000000770000000)
 ParOldGen       total 175104K, used 16K [0x00000006c0000000, 0x00000006cab00000, 0x000000076ab00000)
  object space 175104K, 0% used [0x00000006c0000000,0x00000006c0004000,0x00000006cab00000)
 Metaspace       used 20764K, capacity 21137K, committed 21248K, reserved 1069056K
  class space    used 2110K, capacity 2229K, committed 2304K, reserved 1048576K
}
Event: 3.742 GC heap before
{Heap before GC invocations=2 (full 1):
 PSYoungGen      total 76288K, used 9650K [0x000000076ab00000, 0x0000000770000000, 0x00000007c0000000)
  eden space 65536K, 0% used [0x000000076ab00000,0x000000076ab00000,0x000000076eb00000)
  from space 10752K, 89% used [0x000000076eb00000,0x000000076f46c940,0x000000076f580000)
  to   space 10752K, 0% used [0x000000076f580000,0x000000076f580000,0x0000000770000000)
 ParOldGen       total 175104K, used 16K [0x00000006c0000000, 0x00000006cab00000, 0x000000076ab00000)
  object space 175104K, 0% used [0x00000006c0000000,0x00000006c0004000,0x00000006cab00000)
 Metaspace       used 20764K, capacity 21137K, committed 21248K, reserved 1069056K
  class space    used 2110K, capacity 2229K, committed 2304K, reserved 1048576K
Event: 3.768 GC heap after
Heap after GC invocations=2 (full 1):
 PSYoungGen      total 76288K, used 0K [0x000000076ab00000, 0x0000000770000000, 0x00000007c0000000)
  eden space 65536K, 0% used [0x000000076ab00000,0x000000076ab00000,0x000000076eb00000)
  from space 10752K, 0% used [0x000000076eb00000,0x000000076eb00000,0x000000076f580000)
  to   space 10752K, 0% used [0x000000076f580000,0x000000076f580000,0x0000000770000000)
 ParOldGen       total 75264K, used 9228K [0x00000006c0000000, 0x00000006c4980000, 0x000000076ab00000)
  object space 75264K, 12% used [0x00000006c0000000,0x00000006c0903030,0x00000006c4980000)
 Metaspace       used 20764K, capacity 21137K, committed 21248K, reserved 1069056K
  class space    used 2110K, capacity 2229K, committed 2304K, reserved 1048576K
}
Event: 6.673 GC heap before
{Heap before GC invocations=3 (full 1):
 PSYoungGen      total 76288K, used 65536K [0x000000076ab00000, 0x0000000770000000, 0x00000007c0000000)
  eden space 65536K, 100% used [0x000000076ab00000,0x000000076eb00000,0x000000076eb00000)
  from space 10752K, 0% used [0x000000076eb00000,0x000000076eb00000,0x000000076f580000)
  to   space 10752K, 0% used [0x000000076f580000,0x000000076f580000,0x0000000770000000)
 ParOldGen       total 75264K, used 9228K [0x00000006c0000000, 0x00000006c4980000, 0x000000076ab00000)
  object space 75264K, 12% used [0x00000006c0000000,0x00000006c0903030,0x00000006c4980000)
 Metaspace       used 23924K, capacity 24333K, committed 24576K, reserved 1071104K
  class space    used 2369K, capacity 2501K, committed 2560K, reserved 1048576K
Event: 6.681 GC heap after
Heap after GC invocations=3 (full 1):
 PSYoungGen      total 76288K, used 10723K [0x000000076ab00000, 0x0000000770000000, 0x00000007c0000000)
  eden space 65536K, 0% used [0x000000076ab00000,0x000000076ab00000,0x000000076eb00000)
  from space 10752K, 99% used [0x000000076f580000,0x000000076fff8c50,0x0000000770000000)
  to   space 10752K, 0% used [0x000000076eb00000,0x000000076eb00000,0x000000076f580000)
 ParOldGen       total 75264K, used 14942K [0x00000006c0000000, 0x00000006c4980000, 0x000000076ab00000)
  object space 75264K, 19% used [0x00000006c0000000,0x00000006c0e97900,0x00000006c4980000)
 Metaspace       used 23924K, capacity 24333K, committed 24576K, reserved 1071104K
  class space    used 2369K, capacity 2501K, committed 2560K, reserved 1048576K
}

