# JRE version: OpenJDK Runtime Environment (8.0_242-b08) (build 1.8.0_242-b08)
# Java VM: OpenJDK 64-Bit Server VM (25.242-b08 mixed mode bsd-amd64 compressed oops)
Heap:
 PSYoungGen      total 172544K, used 84798K [0x000000076ab00000, 0x0000000776b00000, 0x00000007c0000000)
  eden space 163840K, 47% used [0x000000076ab00000,0x000000076f746a28,0x0000000774b00000)
  from space 8704K, 76% used [0x0000000776280000,0x00000007769090d8,0x0000000776b00000)
  to   space 16384K, 0% used [0x0000000774b00000,0x0000000774b00000,0x0000000775b00000)
 ParOldGen       total 109056K, used 31304K [0x00000006c0000000, 0x00000006c6a80000, 0x000000076ab00000)
  object space 109056K, 28% used [0x00000006c0000000,0x00000006c1e923d0,0x00000006c6a80000)
 Metaspace       used 28029K, capacity 28371K, committed 28672K, reserved 1075200K
  class space    used 2167K, capacity 2281K, committed 2304K, reserved 1048576K
GC Heap History (10 events):
Event: 136.350 GC heap before
{Heap before GC invocations=11 (full 1):
 PSYoungGen      total 205312K, used 205074K [0x000000076ab00000, 0x0000000778700000, 0x00000007c0000000)
  eden space 193024K, 100% used [0x000000076ab00000,0x0000000776780000,0x0000000776780000)
  from space 12288K, 98% used [0x0000000777480000,0x0000000778044bc8,0x0000000778080000)
  to   space 6656K, 0% used [0x0000000778080000,0x0000000778080000,0x0000000778700000)
 ParOldGen       total 109056K, used 25752K [0x00000006c0000000, 0x00000006c6a80000, 0x000000076ab00000)
  object space 109056K, 23% used [0x00000006c0000000,0x00000006c19260f0,0x00000006c6a80000)
 Metaspace       used 27962K, capacity 28303K, committed 28416K, reserved 1075200K
  class space    used 2154K, capacity 2279K, committed 2304K, reserved 1048576K
Event: 136.358 GC heap after
Heap after GC invocations=11 (full 1):
 PSYoungGen      total 193024K, used 6642K [0x000000076ab00000, 0x0000000778700000, 0x00000007c0000000)
  eden space 186368K, 0% used [0x000000076ab00000,0x000000076ab00000,0x0000000776100000)
  from space 6656K, 99% used [0x0000000778080000,0x00000007786fcb00,0x0000000778700000)
  to   space 14848K, 0% used [0x0000000776a00000,0x0000000776a00000,0x0000000777880000)
 ParOldGen       total 109056K, used 31296K [0x00000006c0000000, 0x00000006c6a80000, 0x000000076ab00000)
  object space 109056K, 28% used [0x00000006c0000000,0x00000006c1e903d0,0x00000006c6a80000)
 Metaspace       used 27962K, capacity 28303K, committed 28416K, reserved 1075200K
  class space    used 2154K, capacity 2279K, committed 2304K, reserved 1048576K
}
Event: 164.182 GC heap before
{Heap before GC invocations=12 (full 1):
 PSYoungGen      total 193024K, used 193010K [0x000000076ab00000, 0x0000000778700000, 0x00000007c0000000)
  eden space 186368K, 100% used [0x000000076ab00000,0x0000000776100000,0x0000000776100000)
  from space 6656K, 99% used [0x0000000778080000,0x00000007786fcb00,0x0000000778700000)
  to   space 14848K, 0% used [0x0000000776a00000,0x0000000776a00000,0x0000000777880000)
 ParOldGen       total 109056K, used 31296K [0x00000006c0000000, 0x00000006c6a80000, 0x000000076ab00000)
  object space 109056K, 28% used [0x00000006c0000000,0x00000006c1e903d0,0x00000006c6a80000)
 Metaspace       used 27962K, capacity 28303K, committed 28416K, reserved 1075200K
  class space    used 2154K, capacity 2279K, committed 2304K, reserved 1048576K
Event: 164.186 GC heap after
Heap after GC invocations=12 (full 1):
 PSYoungGen      total 187392K, used 6706K [0x000000076ab00000, 0x0000000778100000, 0x00000007c0000000)
  eden space 180224K, 0% used [0x000000076ab00000,0x000000076ab00000,0x0000000775b00000)
  from space 7168K, 93% used [0x0000000776a00000,0x000000077708cb00,0x0000000777100000)
  to   space 15360K, 0% used [0x0000000777200000,0x0000000777200000,0x0000000778100000)
 ParOldGen       total 109056K, used 31296K [0x00000006c0000000, 0x00000006c6a80000, 0x000000076ab00000)
  object space 109056K, 28% used [0x00000006c0000000,0x00000006c1e903d0,0x00000006c6a80000)
 Metaspace       used 27962K, capacity 28303K, committed 28416K, reserved 1075200K
  class space    used 2154K, capacity 2279K, committed 2304K, reserved 1048576K
}
Event: 191.214 GC heap before
{Heap before GC invocations=13 (full 1):
 PSYoungGen      total 187392K, used 186930K [0x000000076ab00000, 0x0000000778100000, 0x00000007c0000000)
  eden space 180224K, 100% used [0x000000076ab00000,0x0000000775b00000,0x0000000775b00000)
  from space 7168K, 93% used [0x0000000776a00000,0x000000077708cb00,0x0000000777100000)
  to   space 15360K, 0% used [0x0000000777200000,0x0000000777200000,0x0000000778100000)
 ParOldGen       total 109056K, used 31296K [0x00000006c0000000, 0x00000006c6a80000, 0x000000076ab00000)
  object space 109056K, 28% used [0x00000006c0000000,0x00000006c1e903d0,0x00000006c6a80000)
 Metaspace       used 27962K, capacity 28303K, committed 28416K, reserved 1075200K
  class space    used 2154K, capacity 2279K, committed 2304K, reserved 1048576K
Event: 191.217 GC heap after
Heap after GC invocations=13 (full 1):
 PSYoungGen      total 181760K, used 6674K [0x000000076ab00000, 0x0000000777900000, 0x00000007c0000000)
  eden space 174592K, 0% used [0x000000076ab00000,0x000000076ab00000,0x0000000775580000)
  from space 7168K, 93% used [0x0000000777200000,0x0000000777884b00,0x0000000777900000)
  to   space 15872K, 0% used [0x0000000775a00000,0x0000000775a00000,0x0000000776980000)
 ParOldGen       total 109056K, used 31296K [0x00000006c0000000, 0x00000006c6a80000, 0x000000076ab00000)
  object space 109056K, 28% used [0x00000006c0000000,0x00000006c1e903d0,0x00000006c6a80000)
 Metaspace       used 27962K, capacity 28303K, committed 28416K, reserved 1075200K
  class space    used 2154K, capacity 2279K, committed 2304K, reserved 1048576K
}
Event: 217.347 GC heap before
{Heap before GC invocations=14 (full 1):
 PSYoungGen      total 181760K, used 181266K [0x000000076ab00000, 0x0000000777900000, 0x00000007c0000000)
  eden space 174592K, 100% used [0x000000076ab00000,0x0000000775580000,0x0000000775580000)
  from space 7168K, 93% used [0x0000000777200000,0x0000000777884b00,0x0000000777900000)
  to   space 15872K, 0% used [0x0000000775a00000,0x0000000775a00000,0x0000000776980000)
 ParOldGen       total 109056K, used 31296K [0x00000006c0000000, 0x00000006c6a80000, 0x000000076ab00000)
  object space 109056K, 28% used [0x00000006c0000000,0x00000006c1e903d0,0x00000006c6a80000)
 Metaspace       used 27962K, capacity 28303K, committed 28416K, reserved 1075200K
  class space    used 2154K, capacity 2279K, committed 2304K, reserved 1048576K
Event: 217.349 GC heap after
Heap after GC invocations=14 (full 1):
 PSYoungGen      total 176128K, used 6739K [0x000000076ab00000, 0x0000000777280000, 0x00000007c0000000)
  eden space 168960K, 0% used [0x000000076ab00000,0x000000076ab00000,0x0000000775000000)
  from space 7168K, 94% used [0x0000000775a00000,0x0000000776094de8,0x0000000776100000)
  to   space 16384K, 0% used [0x0000000776280000,0x0000000776280000,0x0000000777280000)
 ParOldGen       total 109056K, used 31296K [0x00000006c0000000, 0x00000006c6a80000, 0x000000076ab00000)
  object space 109056K, 28% used [0x00000006c0000000,0x00000006c1e903d0,0x00000006c6a80000)
 Metaspace       used 27962K, capacity 28303K, committed 28416K, reserved 1075200K
  class space    used 2154K, capacity 2279K, committed 2304K, reserved 1048576K
}
Event: 242.564 GC heap before
{Heap before GC invocations=15 (full 1):
 PSYoungGen      total 176128K, used 175699K [0x000000076ab00000, 0x0000000777280000, 0x00000007c0000000)
  eden space 168960K, 100% used [0x000000076ab00000,0x0000000775000000,0x0000000775000000)
  from space 7168K, 94% used [0x0000000775a00000,0x0000000776094de8,0x0000000776100000)
  to   space 16384K, 0% used [0x0000000776280000,0x0000000776280000,0x0000000777280000)
 ParOldGen       total 109056K, used 31296K [0x00000006c0000000, 0x00000006c6a80000, 0x000000076ab00000)
  object space 109056K, 28% used [0x00000006c0000000,0x00000006c1e903d0,0x00000006c6a80000)
 Metaspace       used 27962K, capacity 28303K, committed 28416K, reserved 1075200K
  class space    used 2154K, capacity 2279K, committed 2304K, reserved 1048576K
Event: 242.568 GC heap after
Heap after GC invocations=15 (full 1):
 PSYoungGen      total 172544K, used 6692K [0x000000076ab00000, 0x0000000776b00000, 0x00000007c0000000)
  eden space 163840K, 0% used [0x000000076ab00000,0x000000076ab00000,0x0000000774b00000)
  from space 8704K, 76% used [0x0000000776280000,0x00000007769090d8,0x0000000776b00000)
  to   space 16384K, 0% used [0x0000000774b00000,0x0000000774b00000,0x0000000775b00000)
 ParOldGen       total 109056K, used 31304K [0x00000006c0000000, 0x00000006c6a80000, 0x000000076ab00000)
  object space 109056K, 28% used [0x00000006c0000000,0x00000006c1e923d0,0x00000006c6a80000)
 Metaspace       used 27962K, capacity 28303K, committed 28416K, reserved 1075200K
  class space    used 2154K, capacity 2279K, committed 2304K, reserved 1048576K
}

