# JRE version: OpenJDK Runtime Environment (8.0_242-b08) (build 1.8.0_242-b08)
# Java VM: OpenJDK 64-Bit Server VM (25.242-b08 mixed mode bsd-amd64 compressed oops)
Heap:
 PSYoungGen      total 120320K, used 47683K [0x000000076ab00000, 0x0000000772f00000, 0x00000007c0000000)
  eden space 109568K, 33% used [0x000000076ab00000,0x000000076cf161e8,0x0000000771600000)
  from space 10752K, 99% used [0x0000000772480000,0x0000000772efab58,0x0000000772f00000)
  to   space 10752K, 0% used [0x0000000771a00000,0x0000000771a00000,0x0000000772480000)
 ParOldGen       total 102912K, used 16846K [0x00000006c0000000, 0x00000006c6480000, 0x000000076ab00000)
  object space 102912K, 16% used [0x00000006c0000000,0x00000006c10738c0,0x00000006c6480000)
 Metaspace       used 27484K, capacity 27825K, committed 28160K, reserved 1075200K
  class space    used 2144K, capacity 2248K, committed 2304K, reserved 1048576K
GC Heap History (10 events):
Event: 3.358 GC heap before
{Heap before GC invocations=1 (full 0):
 PSYoungGen      total 76288K, used 64733K [0x000000076ab00000, 0x0000000770000000, 0x00000007c0000000)
  eden space 65536K, 98% used [0x000000076ab00000,0x000000076ea37508,0x000000076eb00000)
  from space 10752K, 0% used [0x000000076f580000,0x000000076f580000,0x0000000770000000)
  to   space 10752K, 0% used [0x000000076eb00000,0x000000076eb00000,0x000000076f580000)
 ParOldGen       total 175104K, used 0K [0x00000006c0000000, 0x00000006cab00000, 0x000000076ab00000)
  object space 175104K, 0% used [0x00000006c0000000,0x00000006c0000000,0x00000006cab00000)
 Metaspace       used 19234K, capacity 19645K, committed 19840K, reserved 1067008K
  class space    used 1934K, capacity 2053K, committed 2176K, reserved 1048576K
Event: 3.366 GC heap after
Heap after GC invocations=1 (full 0):
 PSYoungGen      total 76288K, used 10724K [0x000000076ab00000, 0x0000000770000000, 0x00000007c0000000)
  eden space 65536K, 0% used [0x000000076ab00000,0x000000076ab00000,0x000000076eb00000)
  from space 10752K, 99% used [0x000000076eb00000,0x000000076f579100,0x000000076f580000)
  to   space 10752K, 0% used [0x000000076f580000,0x000000076f580000,0x0000000770000000)
 ParOldGen       total 175104K, used 434K [0x00000006c0000000, 0x00000006cab00000, 0x000000076ab00000)
  object space 175104K, 0% used [0x00000006c0000000,0x00000006c006ca30,0x00000006cab00000)
 Metaspace       used 19234K, capacity 19645K, committed 19840K, reserved 1067008K
  class space    used 1934K, capacity 2053K, committed 2176K, reserved 1048576K
}
Event: 3.496 GC heap before
{Heap before GC invocations=2 (full 0):
 PSYoungGen      total 76288K, used 35672K [0x000000076ab00000, 0x0000000770000000, 0x00000007c0000000)
  eden space 65536K, 38% used [0x000000076ab00000,0x000000076c35d010,0x000000076eb00000)
  from space 10752K, 99% used [0x000000076eb00000,0x000000076f579100,0x000000076f580000)
  to   space 10752K, 0% used [0x000000076f580000,0x000000076f580000,0x0000000770000000)
 ParOldGen       total 175104K, used 434K [0x00000006c0000000, 0x00000006cab00000, 0x000000076ab00000)
  object space 175104K, 0% used [0x00000006c0000000,0x00000006c006ca30,0x00000006cab00000)
 Metaspace       used 20870K, capacity 21202K, committed 21296K, reserved 1069056K
  class space    used 1999K, capacity 2117K, committed 2176K, reserved 1048576K
Event: 3.506 GC heap after
Heap after GC invocations=2 (full 0):
 PSYoungGen      total 76288K, used 10738K [0x000000076ab00000, 0x0000000774000000, 0x00000007c0000000)
  eden space 65536K, 0% used [0x000000076ab00000,0x000000076ab00000,0x000000076eb00000)
  from space 10752K, 99% used [0x000000076f580000,0x000000076fffc820,0x0000000770000000)
  to   space 10752K, 0% used [0x000000076eb00000,0x000000076eb00000,0x000000076f580000)
 ParOldGen       total 175104K, used 6312K [0x00000006c0000000, 0x00000006cab00000, 0x000000076ab00000)
  object space 175104K, 3% used [0x00000006c0000000,0x00000006c062a078,0x00000006cab00000)
 Metaspace       used 20870K, capacity 21202K, committed 21296K, reserved 1069056K
  class space    used 1999K, capacity 2117K, committed 2176K, reserved 1048576K
}
Event: 3.506 GC heap before
{Heap before GC invocations=3 (full 1):
 PSYoungGen      total 76288K, used 10738K [0x000000076ab00000, 0x0000000774000000, 0x00000007c0000000)
  eden space 65536K, 0% used [0x000000076ab00000,0x000000076ab00000,0x000000076eb00000)
  from space 10752K, 99% used [0x000000076f580000,0x000000076fffc820,0x0000000770000000)
  to   space 10752K, 0% used [0x000000076eb00000,0x000000076eb00000,0x000000076f580000)
 ParOldGen       total 175104K, used 6312K [0x00000006c0000000, 0x00000006cab00000, 0x000000076ab00000)
  object space 175104K, 3% used [0x00000006c0000000,0x00000006c062a078,0x00000006cab00000)
 Metaspace       used 20870K, capacity 21202K, committed 21296K, reserved 1069056K
  class space    used 1999K, capacity 2117K, committed 2176K, reserved 1048576K
Event: 3.538 GC heap after
Heap after GC invocations=3 (full 1):
 PSYoungGen      total 76288K, used 0K [0x000000076ab00000, 0x0000000774000000, 0x00000007c0000000)
  eden space 65536K, 0% used [0x000000076ab00000,0x000000076ab00000,0x000000076eb00000)
  from space 10752K, 0% used [0x000000076f580000,0x000000076f580000,0x0000000770000000)
  to   space 10752K, 0% used [0x000000076eb00000,0x000000076eb00000,0x000000076f580000)
 ParOldGen       total 102912K, used 16566K [0x00000006c0000000, 0x00000006c6480000, 0x000000076ab00000)
  object space 102912K, 16% used [0x00000006c0000000,0x00000006c102d8b0,0x00000006c6480000)
 Metaspace       used 20869K, capacity 21200K, committed 21296K, reserved 1069056K
  class space    used 1999K, capacity 2116K, committed 2176K, reserved 1048576K
}
Event: 7.329 GC heap before
{Heap before GC invocations=4 (full 1):
 PSYoungGen      total 76288K, used 65536K [0x000000076ab00000, 0x0000000774000000, 0x00000007c0000000)
  eden space 65536K, 100% used [0x000000076ab00000,0x000000076eb00000,0x000000076eb00000)
  from space 10752K, 0% used [0x000000076f580000,0x000000076f580000,0x0000000770000000)
  to   space 10752K, 0% used [0x000000076eb00000,0x000000076eb00000,0x000000076f580000)
 ParOldGen       total 102912K, used 16566K [0x00000006c0000000, 0x00000006c6480000, 0x000000076ab00000)
  object space 102912K, 16% used [0x00000006c0000000,0x00000006c102d8b0,0x00000006c6480000)
 Metaspace       used 27078K, capacity 27437K, committed 27648K, reserved 1075200K
  class space    used 2131K, capacity 2246K, committed 2304K, reserved 1048576K
Event: 7.333 GC heap after
Heap after GC invocations=4 (full 1):
 PSYoungGen      total 76288K, used 8591K [0x000000076ab00000, 0x0000000772f00000, 0x00000007c0000000)
  eden space 65536K, 0% used [0x000000076ab00000,0x000000076ab00000,0x000000076eb00000)
  from space 10752K, 79% used [0x000000076eb00000,0x000000076f363d68,0x000000076f580000)
  to   space 10752K, 0% used [0x0000000772480000,0x0000000772480000,0x0000000772f00000)
 ParOldGen       total 102912K, used 16574K [0x00000006c0000000, 0x00000006c6480000, 0x000000076ab00000)
  object space 102912K, 16% used [0x00000006c0000000,0x00000006c102f8b0,0x00000006c6480000)
 Metaspace       used 27078K, capacity 27437K, committed 27648K, reserved 1075200K
  class space    used 2131K, capacity 2246K, committed 2304K, reserved 1048576K
}
Event: 15.287 GC heap before
{Heap before GC invocations=5 (full 1):
 PSYoungGen      total 76288K, used 74127K [0x000000076ab00000, 0x0000000772f00000, 0x00000007c0000000)
  eden space 65536K, 100% used [0x000000076ab00000,0x000000076eb00000,0x000000076eb00000)
  from space 10752K, 79% used [0x000000076eb00000,0x000000076f363d68,0x000000076f580000)
  to   space 10752K, 0% used [0x0000000772480000,0x0000000772480000,0x0000000772f00000)
 ParOldGen       total 102912K, used 16574K [0x00000006c0000000, 0x00000006c6480000, 0x000000076ab00000)
  object space 102912K, 16% used [0x00000006c0000000,0x00000006c102f8b0,0x00000006c6480000)
 Metaspace       used 27410K, capacity 27757K, committed 27904K, reserved 1075200K
  class space    used 2131K, capacity 2246K, committed 2304K, reserved 1048576K
Event: 15.294 GC heap after
Heap after GC invocations=5 (full 1):
 PSYoungGen      total 120320K, used 10730K [0x000000076ab00000, 0x0000000772f00000, 0x00000007c0000000)
  eden space 109568K, 0% used [0x000000076ab00000,0x000000076ab00000,0x0000000771600000)
  from space 10752K, 99% used [0x0000000772480000,0x0000000772efab58,0x0000000772f00000)
  to   space 10752K, 0% used [0x0000000771a00000,0x0000000771a00000,0x0000000772480000)
 ParOldGen       total 102912K, used 16846K [0x00000006c0000000, 0x00000006c6480000, 0x000000076ab00000)
  object space 102912K, 16% used [0x00000006c0000000,0x00000006c10738c0,0x00000006c6480000)
 Metaspace       used 27410K, capacity 27757K, committed 27904K, reserved 1075200K
  class space    used 2131K, capacity 2246K, committed 2304K, reserved 1048576K
}

