# JRE version: OpenJDK Runtime Environment (8.0_242-b08) (build 1.8.0_242-b08)
# Java VM: OpenJDK 64-Bit Server VM (25.242-b08 mixed mode bsd-amd64 compressed oops)
Heap:
 PSYoungGen      total 153088K, used 82003K [0x000000076ab00000, 0x0000000775480000, 0x00000007c0000000)
  eden space 142848K, 50% used [0x000000076ab00000,0x000000076f17e5c0,0x0000000773680000)
  from space 10240K, 95% used [0x0000000774100000,0x0000000774a969f0,0x0000000774b00000)
  to   space 9728K, 0% used [0x0000000774b00000,0x0000000774b00000,0x0000000775480000)
 ParOldGen       total 112128K, used 18616K [0x00000006c0000000, 0x00000006c6d80000, 0x000000076ab00000)
  object space 112128K, 16% used [0x00000006c0000000,0x00000006c122e088,0x00000006c6d80000)
 Metaspace       used 27516K, capacity 27827K, committed 28160K, reserved 1075200K
  class space    used 2133K, capacity 2249K, committed 2304K, reserved 1048576K
GC Heap History (10 events):
Event: 202.241 GC heap before
{Heap before GC invocations=12 (full 1):
 PSYoungGen      total 177664K, used 177403K [0x000000076ab00000, 0x0000000777100000, 0x00000007c0000000)
  eden space 166912K, 100% used [0x000000076ab00000,0x0000000774e00000,0x0000000774e00000)
  from space 10752K, 97% used [0x0000000776680000,0x00000007770becb8,0x0000000777100000)
  to   space 15360K, 0% used [0x0000000775300000,0x0000000775300000,0x0000000776200000)
 ParOldGen       total 112128K, used 17888K [0x00000006c0000000, 0x00000006c6d80000, 0x000000076ab00000)
  object space 112128K, 15% used [0x00000006c0000000,0x00000006c1178108,0x00000006c6d80000)
 Metaspace       used 27443K, capacity 27823K, committed 28160K, reserved 1075200K
  class space    used 2121K, capacity 2247K, committed 2304K, reserved 1048576K
Event: 202.245 GC heap after
Heap after GC invocations=12 (full 1):
 PSYoungGen      total 172544K, used 10523K [0x000000076ab00000, 0x0000000776700000, 0x00000007c0000000)
  eden space 161792K, 0% used [0x000000076ab00000,0x000000076ab00000,0x0000000774900000)
  from space 10752K, 97% used [0x0000000775300000,0x0000000775d46cb8,0x0000000775d80000)
  to   space 9728K, 0% used [0x0000000775d80000,0x0000000775d80000,0x0000000776700000)
 ParOldGen       total 112128K, used 17888K [0x00000006c0000000, 0x00000006c6d80000, 0x000000076ab00000)
  object space 112128K, 15% used [0x00000006c0000000,0x00000006c1178108,0x00000006c6d80000)
 Metaspace       used 27443K, capacity 27823K, committed 28160K, reserved 1075200K
  class space    used 2121K, capacity 2247K, committed 2304K, reserved 1048576K
}
Event: 232.393 GC heap before
{Heap before GC invocations=13 (full 1):
 PSYoungGen      total 172544K, used 172315K [0x000000076ab00000, 0x0000000776700000, 0x00000007c0000000)
  eden space 161792K, 100% used [0x000000076ab00000,0x0000000774900000,0x0000000774900000)
  from space 10752K, 97% used [0x0000000775300000,0x0000000775d46cb8,0x0000000775d80000)
  to   space 9728K, 0% used [0x0000000775d80000,0x0000000775d80000,0x0000000776700000)
 ParOldGen       total 112128K, used 17888K [0x00000006c0000000, 0x00000006c6d80000, 0x000000076ab00000)
  object space 112128K, 15% used [0x00000006c0000000,0x00000006c1178108,0x00000006c6d80000)
 Metaspace       used 27443K, capacity 27823K, committed 28160K, reserved 1075200K
  class space    used 2121K, capacity 2247K, committed 2304K, reserved 1048576K
Event: 232.396 GC heap after
Heap after GC invocations=13 (full 1):
 PSYoungGen      total 166400K, used 9721K [0x000000076ab00000, 0x0000000776700000, 0x00000007c0000000)
  eden space 156672K, 0% used [0x000000076ab00000,0x000000076ab00000,0x0000000774400000)
  from space 9728K, 99% used [0x0000000775d80000,0x00000007766fe708,0x0000000776700000)
  to   space 14848K, 0% used [0x0000000774a00000,0x0000000774a00000,0x0000000775880000)
 ParOldGen       total 112128K, used 18608K [0x00000006c0000000, 0x00000006c6d80000, 0x000000076ab00000)
  object space 112128K, 16% used [0x00000006c0000000,0x00000006c122c088,0x00000006c6d80000)
 Metaspace       used 27443K, capacity 27823K, committed 28160K, reserved 1075200K
  class space    used 2121K, capacity 2247K, committed 2304K, reserved 1048576K
}
Event: 261.606 GC heap before
{Heap before GC invocations=14 (full 1):
 PSYoungGen      total 166400K, used 166393K [0x000000076ab00000, 0x0000000776700000, 0x00000007c0000000)
  eden space 156672K, 100% used [0x000000076ab00000,0x0000000774400000,0x0000000774400000)
  from space 9728K, 99% used [0x0000000775d80000,0x00000007766fe708,0x0000000776700000)
  to   space 14848K, 0% used [0x0000000774a00000,0x0000000774a00000,0x0000000775880000)
 ParOldGen       total 112128K, used 18608K [0x00000006c0000000, 0x00000006c6d80000, 0x000000076ab00000)
  object space 112128K, 16% used [0x00000006c0000000,0x00000006c122c088,0x00000006c6d80000)
 Metaspace       used 27443K, capacity 27823K, committed 28160K, reserved 1075200K
  class space    used 2121K, capacity 2247K, committed 2304K, reserved 1048576K
Event: 261.610 GC heap after
Heap after GC invocations=14 (full 1):
 PSYoungGen      total 162304K, used 9881K [0x000000076ab00000, 0x0000000775e00000, 0x00000007c0000000)
  eden space 152064K, 0% used [0x000000076ab00000,0x000000076ab00000,0x0000000773f80000)
  from space 10240K, 96% used [0x0000000774a00000,0x00000007753a6708,0x0000000775400000)
  to   space 10240K, 0% used [0x0000000775400000,0x0000000775400000,0x0000000775e00000)
 ParOldGen       total 112128K, used 18616K [0x00000006c0000000, 0x00000006c6d80000, 0x000000076ab00000)
  object space 112128K, 16% used [0x00000006c0000000,0x00000006c122e088,0x00000006c6d80000)
 Metaspace       used 27443K, capacity 27823K, committed 28160K, reserved 1075200K
  class space    used 2121K, capacity 2247K, committed 2304K, reserved 1048576K
}
Event: 289.991 GC heap before
{Heap before GC invocations=15 (full 1):
 PSYoungGen      total 162304K, used 161945K [0x000000076ab00000, 0x0000000775e00000, 0x00000007c0000000)
  eden space 152064K, 100% used [0x000000076ab00000,0x0000000773f80000,0x0000000773f80000)
  from space 10240K, 96% used [0x0000000774a00000,0x00000007753a6708,0x0000000775400000)
  to   space 10240K, 0% used [0x0000000775400000,0x0000000775400000,0x0000000775e00000)
 ParOldGen       total 112128K, used 18616K [0x00000006c0000000, 0x00000006c6d80000, 0x000000076ab00000)
  object space 112128K, 16% used [0x00000006c0000000,0x00000006c122e088,0x00000006c6d80000)
 Metaspace       used 27443K, capacity 27823K, committed 28160K, reserved 1075200K
  class space    used 2121K, capacity 2247K, committed 2304K, reserved 1048576K
Event: 289.994 GC heap after
Heap after GC invocations=15 (full 1):
 PSYoungGen      total 157696K, used 9817K [0x000000076ab00000, 0x0000000775e00000, 0x00000007c0000000)
  eden space 147456K, 0% used [0x000000076ab00000,0x000000076ab00000,0x0000000773b00000)
  from space 10240K, 95% used [0x0000000775400000,0x0000000775d96708,0x0000000775e00000)
  to   space 14848K, 0% used [0x0000000774100000,0x0000000774100000,0x0000000774f80000)
 ParOldGen       total 112128K, used 18616K [0x00000006c0000000, 0x00000006c6d80000, 0x000000076ab00000)
  object space 112128K, 16% used [0x00000006c0000000,0x00000006c122e088,0x00000006c6d80000)
 Metaspace       used 27443K, capacity 27823K, committed 28160K, reserved 1075200K
  class space    used 2121K, capacity 2247K, committed 2304K, reserved 1048576K
}
Event: 317.507 GC heap before
{Heap before GC invocations=16 (full 1):
 PSYoungGen      total 157696K, used 157273K [0x000000076ab00000, 0x0000000775e00000, 0x00000007c0000000)
  eden space 147456K, 100% used [0x000000076ab00000,0x0000000773b00000,0x0000000773b00000)
  from space 10240K, 95% used [0x0000000775400000,0x0000000775d96708,0x0000000775e00000)
  to   space 14848K, 0% used [0x0000000774100000,0x0000000774100000,0x0000000774f80000)
 ParOldGen       total 112128K, used 18616K [0x00000006c0000000, 0x00000006c6d80000, 0x000000076ab00000)
  object space 112128K, 16% used [0x00000006c0000000,0x00000006c122e088,0x00000006c6d80000)
 Metaspace       used 27443K, capacity 27823K, committed 28160K, reserved 1075200K
  class space    used 2121K, capacity 2247K, committed 2304K, reserved 1048576K
Event: 317.513 GC heap after
Heap after GC invocations=16 (full 1):
 PSYoungGen      total 153088K, used 9818K [0x000000076ab00000, 0x0000000775480000, 0x00000007c0000000)
  eden space 142848K, 0% used [0x000000076ab00000,0x000000076ab00000,0x0000000773680000)
  from space 10240K, 95% used [0x0000000774100000,0x0000000774a969f0,0x0000000774b00000)
  to   space 9728K, 0% used [0x0000000774b00000,0x0000000774b00000,0x0000000775480000)
 ParOldGen       total 112128K, used 18616K [0x00000006c0000000, 0x00000006c6d80000, 0x000000076ab00000)
  object space 112128K, 16% used [0x00000006c0000000,0x00000006c122e088,0x00000006c6d80000)
 Metaspace       used 27443K, capacity 27823K, committed 28160K, reserved 1075200K
  class space    used 2121K, capacity 2247K, committed 2304K, reserved 1048576K
}

