# JRE version: OpenJDK Runtime Environment (8.0_242-b08) (build 1.8.0_242-b08)
# Java VM: OpenJDK 64-Bit Server VM (25.242-b08 mixed mode bsd-amd64 compressed oops)
Heap:
 PSYoungGen      total 215552K, used 103447K [0x000000076ab00000, 0x0000000780080000, 0x00000007c0000000)
  eden space 198144K, 46% used [0x000000076ab00000,0x00000007705bb230,0x0000000776c80000)
  from space 17408K, 60% used [0x0000000776c80000,0x00000007776cab58,0x0000000777d80000)
  to   space 16896K, 0% used [0x000000077f000000,0x000000077f000000,0x0000000780080000)
 ParOldGen       total 97792K, used 17699K [0x00000006c0000000, 0x00000006c5f80000, 0x000000076ab00000)
  object space 97792K, 18% used [0x00000006c0000000,0x00000006c1148ea0,0x00000006c5f80000)
 Metaspace       used 27923K, capacity 28251K, committed 28416K, reserved 1075200K
  class space    used 2165K, capacity 2281K, committed 2304K, reserved 1048576K
GC Heap History (10 events):
Event: 5.738 GC heap before
{Heap before GC invocations=4 (full 1):
 PSYoungGen      total 76288K, used 65536K [0x000000076ab00000, 0x0000000774000000, 0x00000007c0000000)
  eden space 65536K, 100% used [0x000000076ab00000,0x000000076eb00000,0x000000076eb00000)
  from space 10752K, 0% used [0x000000076f580000,0x000000076f580000,0x0000000770000000)
  to   space 10752K, 0% used [0x000000076eb00000,0x000000076eb00000,0x000000076f580000)
 ParOldGen       total 97792K, used 16816K [0x00000006c0000000, 0x00000006c5f80000, 0x000000076ab00000)
  object space 97792K, 17% used [0x00000006c0000000,0x00000006c106c368,0x00000006c5f80000)
 Metaspace       used 27043K, capacity 27375K, committed 27648K, reserved 1075200K
  class space    used 2131K, capacity 2245K, committed 2304K, reserved 1048576K
Event: 5.743 GC heap after
Heap after GC invocations=4 (full 1):
 PSYoungGen      total 76288K, used 10751K [0x000000076ab00000, 0x0000000773480000, 0x00000007c0000000)
  eden space 65536K, 0% used [0x000000076ab00000,0x000000076ab00000,0x000000076eb00000)
  from space 10752K, 99% used [0x000000076eb00000,0x000000076f57fdf8,0x000000076f580000)
  to   space 10752K, 0% used [0x0000000772a00000,0x0000000772a00000,0x0000000773480000)
 ParOldGen       total 97792K, used 16824K [0x00000006c0000000, 0x00000006c5f80000, 0x000000076ab00000)
  object space 97792K, 17% used [0x00000006c0000000,0x00000006c106e368,0x00000006c5f80000)
 Metaspace       used 27043K, capacity 27375K, committed 27648K, reserved 1075200K
  class space    used 2131K, capacity 2245K, committed 2304K, reserved 1048576K
}
Event: 13.568 GC heap before
{Heap before GC invocations=5 (full 1):
 PSYoungGen      total 76288K, used 76287K [0x000000076ab00000, 0x0000000773480000, 0x00000007c0000000)
  eden space 65536K, 100% used [0x000000076ab00000,0x000000076eb00000,0x000000076eb00000)
  from space 10752K, 99% used [0x000000076eb00000,0x000000076f57fdf8,0x000000076f580000)
  to   space 10752K, 0% used [0x0000000772a00000,0x0000000772a00000,0x0000000773480000)
 ParOldGen       total 97792K, used 16824K [0x00000006c0000000, 0x00000006c5f80000, 0x000000076ab00000)
  object space 97792K, 17% used [0x00000006c0000000,0x00000006c106e368,0x00000006c5f80000)
 Metaspace       used 27725K, capacity 28053K, committed 28160K, reserved 1075200K
  class space    used 2153K, capacity 2278K, committed 2304K, reserved 1048576K
Event: 13.575 GC heap after
Heap after GC invocations=5 (full 1):
 PSYoungGen      total 126976K, used 10747K [0x000000076ab00000, 0x0000000773480000, 0x00000007c0000000)
  eden space 116224K, 0% used [0x000000076ab00000,0x000000076ab00000,0x0000000771c80000)
  from space 10752K, 99% used [0x0000000772a00000,0x000000077347ecd8,0x0000000773480000)
  to   space 10752K, 0% used [0x0000000771f80000,0x0000000771f80000,0x0000000772a00000)
 ParOldGen       total 97792K, used 17435K [0x00000006c0000000, 0x00000006c5f80000, 0x000000076ab00000)
  object space 97792K, 17% used [0x00000006c0000000,0x00000006c1106e90,0x00000006c5f80000)
 Metaspace       used 27725K, capacity 28053K, committed 28160K, reserved 1075200K
  class space    used 2153K, capacity 2278K, committed 2304K, reserved 1048576K
}
Event: 26.834 GC heap before
{Heap before GC invocations=6 (full 1):
 PSYoungGen      total 126976K, used 126971K [0x000000076ab00000, 0x0000000773480000, 0x00000007c0000000)
  eden space 116224K, 100% used [0x000000076ab00000,0x0000000771c80000,0x0000000771c80000)
  from space 10752K, 99% used [0x0000000772a00000,0x000000077347ecd8,0x0000000773480000)
  to   space 10752K, 0% used [0x0000000771f80000,0x0000000771f80000,0x0000000772a00000)
 ParOldGen       total 97792K, used 17435K [0x00000006c0000000, 0x00000006c5f80000, 0x000000076ab00000)
  object space 97792K, 17% used [0x00000006c0000000,0x00000006c1106e90,0x00000006c5f80000)
 Metaspace       used 27865K, capacity 28247K, committed 28416K, reserved 1075200K
  class space    used 2154K, capacity 2279K, committed 2304K, reserved 1048576K
Event: 26.841 GC heap after
Heap after GC invocations=6 (full 1):
 PSYoungGen      total 130048K, used 10571K [0x000000076ab00000, 0x0000000779180000, 0x00000007c0000000)
  eden space 119296K, 0% used [0x000000076ab00000,0x000000076ab00000,0x0000000771f80000)
  from space 10752K, 98% used [0x0000000771f80000,0x00000007729d2cb8,0x0000000772a00000)
  to   space 17920K, 0% used [0x0000000778000000,0x0000000778000000,0x0000000779180000)
 ParOldGen       total 97792K, used 17699K [0x00000006c0000000, 0x00000006c5f80000, 0x000000076ab00000)
  object space 97792K, 18% used [0x00000006c0000000,0x00000006c1148ea0,0x00000006c5f80000)
 Metaspace       used 27865K, capacity 28247K, committed 28416K, reserved 1075200K
  class space    used 2154K, capacity 2279K, committed 2304K, reserved 1048576K
}
Event: 38.469 GC heap before
{Heap before GC invocations=7 (full 1):
 PSYoungGen      total 130048K, used 129867K [0x000000076ab00000, 0x0000000779180000, 0x00000007c0000000)
  eden space 119296K, 100% used [0x000000076ab00000,0x0000000771f80000,0x0000000771f80000)
  from space 10752K, 98% used [0x0000000771f80000,0x00000007729d2cb8,0x0000000772a00000)
  to   space 17920K, 0% used [0x0000000778000000,0x0000000778000000,0x0000000779180000)
 ParOldGen       total 97792K, used 17699K [0x00000006c0000000, 0x00000006c5f80000, 0x000000076ab00000)
  object space 97792K, 18% used [0x00000006c0000000,0x00000006c1148ea0,0x00000006c5f80000)
 Metaspace       used 27867K, capacity 28247K, committed 28416K, reserved 1075200K
  class space    used 2154K, capacity 2279K, committed 2304K, reserved 1048576K
Event: 38.475 GC heap after
Heap after GC invocations=7 (full 1):
 PSYoungGen      total 212992K, used 10571K [0x000000076ab00000, 0x0000000778e80000, 0x00000007c0000000)
  eden space 198144K, 0% used [0x000000076ab00000,0x000000076ab00000,0x0000000776c80000)
  from space 14848K, 71% used [0x0000000778000000,0x0000000778a52cb8,0x0000000778e80000)
  to   space 17408K, 0% used [0x0000000776c80000,0x0000000776c80000,0x0000000777d80000)
 ParOldGen       total 97792K, used 17699K [0x00000006c0000000, 0x00000006c5f80000, 0x000000076ab00000)
  object space 97792K, 18% used [0x00000006c0000000,0x00000006c1148ea0,0x00000006c5f80000)
 Metaspace       used 27867K, capacity 28247K, committed 28416K, reserved 1075200K
  class space    used 2154K, capacity 2279K, committed 2304K, reserved 1048576K
}
Event: 58.052 GC heap before
{Heap before GC invocations=8 (full 1):
 PSYoungGen      total 212992K, used 208715K [0x000000076ab00000, 0x0000000778e80000, 0x00000007c0000000)
  eden space 198144K, 100% used [0x000000076ab00000,0x0000000776c80000,0x0000000776c80000)
  from space 14848K, 71% used [0x0000000778000000,0x0000000778a52cb8,0x0000000778e80000)
  to   space 17408K, 0% used [0x0000000776c80000,0x0000000776c80000,0x0000000777d80000)
 ParOldGen       total 97792K, used 17699K [0x00000006c0000000, 0x00000006c5f80000, 0x000000076ab00000)
  object space 97792K, 18% used [0x00000006c0000000,0x00000006c1148ea0,0x00000006c5f80000)
 Metaspace       used 27867K, capacity 28247K, committed 28416K, reserved 1075200K
  class space    used 2154K, capacity 2279K, committed 2304K, reserved 1048576K
Event: 58.060 GC heap after
Heap after GC invocations=8 (full 1):
 PSYoungGen      total 215552K, used 10538K [0x000000076ab00000, 0x0000000780080000, 0x00000007c0000000)
  eden space 198144K, 0% used [0x000000076ab00000,0x000000076ab00000,0x0000000776c80000)
  from space 17408K, 60% used [0x0000000776c80000,0x00000007776cab58,0x0000000777d80000)
  to   space 16896K, 0% used [0x000000077f000000,0x000000077f000000,0x0000000780080000)
 ParOldGen       total 97792K, used 17699K [0x00000006c0000000, 0x00000006c5f80000, 0x000000076ab00000)
  object space 97792K, 18% used [0x00000006c0000000,0x00000006c1148ea0,0x00000006c5f80000)
 Metaspace       used 27867K, capacity 28247K, committed 28416K, reserved 1075200K
  class space    used 2154K, capacity 2279K, committed 2304K, reserved 1048576K
}

