# JRE version: OpenJDK Runtime Environment (8.0_242-b08) (build 1.8.0_242-b08)
# Java VM: OpenJDK 64-Bit Server VM (25.242-b08 mixed mode bsd-amd64 compressed oops)
Heap:
 PSYoungGen      total 136192K, used 44072K [0x000000076ab00000, 0x0000000773c00000, 0x00000007c0000000)
  eden space 125440K, 26% used [0x000000076ab00000,0x000000076cb8b4c8,0x0000000772580000)
  from space 10752K, 99% used [0x0000000773180000,0x0000000773bfecc8,0x0000000773c00000)
  to   space 10752K, 0% used [0x0000000772700000,0x0000000772700000,0x0000000773180000)
 ParOldGen       total 91648K, used 17535K [0x00000006c0000000, 0x00000006c5980000, 0x000000076ab00000)
  object space 91648K, 19% used [0x00000006c0000000,0x00000006c111fe38,0x00000006c5980000)
 Metaspace       used 27335K, capacity 27747K, committed 27904K, reserved 1075200K
  class space    used 2118K, capacity 2247K, committed 2304K, reserved 1048576K
GC Heap History (10 events):
Event: 4.982 GC heap before
{Heap before GC invocations=1 (full 0):
 PSYoungGen      total 76288K, used 65317K [0x000000076ab00000, 0x0000000770000000, 0x00000007c0000000)
  eden space 65536K, 99% used [0x000000076ab00000,0x000000076eac94c8,0x000000076eb00000)
  from space 10752K, 0% used [0x000000076f580000,0x000000076f580000,0x0000000770000000)
  to   space 10752K, 0% used [0x000000076eb00000,0x000000076eb00000,0x000000076f580000)
 ParOldGen       total 175104K, used 0K [0x00000006c0000000, 0x00000006cab00000, 0x000000076ab00000)
  object space 175104K, 0% used [0x00000006c0000000,0x00000006c0000000,0x00000006cab00000)
 Metaspace       used 19764K, capacity 20111K, committed 20352K, reserved 1067008K
  class space    used 1964K, capacity 2082K, committed 2176K, reserved 1048576K
Event: 4.993 GC heap after
Heap after GC invocations=1 (full 0):
 PSYoungGen      total 76288K, used 10740K [0x000000076ab00000, 0x0000000770000000, 0x00000007c0000000)
  eden space 65536K, 0% used [0x000000076ab00000,0x000000076ab00000,0x000000076eb00000)
  from space 10752K, 99% used [0x000000076eb00000,0x000000076f57d230,0x000000076f580000)
  to   space 10752K, 0% used [0x000000076f580000,0x000000076f580000,0x0000000770000000)
 ParOldGen       total 175104K, used 4901K [0x00000006c0000000, 0x00000006cab00000, 0x000000076ab00000)
  object space 175104K, 2% used [0x00000006c0000000,0x00000006c04c94b8,0x00000006cab00000)
 Metaspace       used 19764K, capacity 20111K, committed 20352K, reserved 1067008K
  class space    used 1964K, capacity 2082K, committed 2176K, reserved 1048576K
}
Event: 5.025 GC heap before
{Heap before GC invocations=2 (full 0):
 PSYoungGen      total 76288K, used 28474K [0x000000076ab00000, 0x0000000770000000, 0x00000007c0000000)
  eden space 65536K, 27% used [0x000000076ab00000,0x000000076bc51908,0x000000076eb00000)
  from space 10752K, 99% used [0x000000076eb00000,0x000000076f57d230,0x000000076f580000)
  to   space 10752K, 0% used [0x000000076f580000,0x000000076f580000,0x0000000770000000)
 ParOldGen       total 175104K, used 4901K [0x00000006c0000000, 0x00000006cab00000, 0x000000076ab00000)
  object space 175104K, 2% used [0x00000006c0000000,0x00000006c04c94b8,0x00000006cab00000)
 Metaspace       used 20846K, capacity 21156K, committed 21296K, reserved 1069056K
  class space    used 1964K, capacity 2082K, committed 2176K, reserved 1048576K
Event: 5.034 GC heap after
Heap after GC invocations=2 (full 0):
 PSYoungGen      total 76288K, used 10722K [0x000000076ab00000, 0x0000000774000000, 0x00000007c0000000)
  eden space 65536K, 0% used [0x000000076ab00000,0x000000076ab00000,0x000000076eb00000)
  from space 10752K, 99% used [0x000000076f580000,0x000000076fff8ba0,0x0000000770000000)
  to   space 10752K, 0% used [0x000000076eb00000,0x000000076eb00000,0x000000076f580000)
 ParOldGen       total 175104K, used 9257K [0x00000006c0000000, 0x00000006cab00000, 0x000000076ab00000)
  object space 175104K, 5% used [0x00000006c0000000,0x00000006c090a580,0x00000006cab00000)
 Metaspace       used 20846K, capacity 21156K, committed 21296K, reserved 1069056K
  class space    used 1964K, capacity 2082K, committed 2176K, reserved 1048576K
}
Event: 5.034 GC heap before
{Heap before GC invocations=3 (full 1):
 PSYoungGen      total 76288K, used 10722K [0x000000076ab00000, 0x0000000774000000, 0x00000007c0000000)
  eden space 65536K, 0% used [0x000000076ab00000,0x000000076ab00000,0x000000076eb00000)
  from space 10752K, 99% used [0x000000076f580000,0x000000076fff8ba0,0x0000000770000000)
  to   space 10752K, 0% used [0x000000076eb00000,0x000000076eb00000,0x000000076f580000)
 ParOldGen       total 175104K, used 9257K [0x00000006c0000000, 0x00000006cab00000, 0x000000076ab00000)
  object space 175104K, 5% used [0x00000006c0000000,0x00000006c090a580,0x00000006cab00000)
 Metaspace       used 20846K, capacity 21156K, committed 21296K, reserved 1069056K
  class space    used 1964K, capacity 2082K, committed 2176K, reserved 1048576K
Event: 5.061 GC heap after
Heap after GC invocations=3 (full 1):
 PSYoungGen      total 76288K, used 0K [0x000000076ab00000, 0x0000000774000000, 0x00000007c0000000)
  eden space 65536K, 0% used [0x000000076ab00000,0x000000076ab00000,0x000000076eb00000)
  from space 10752K, 0% used [0x000000076f580000,0x000000076f580000,0x0000000770000000)
  to   space 10752K, 0% used [0x000000076eb00000,0x000000076eb00000,0x000000076f580000)
 ParOldGen       total 91648K, used 17039K [0x00000006c0000000, 0x00000006c5980000, 0x000000076ab00000)
  object space 91648K, 18% used [0x00000006c0000000,0x00000006c10a3c98,0x00000006c5980000)
 Metaspace       used 20846K, capacity 21156K, committed 21296K, reserved 1069056K
  class space    used 1964K, capacity 2082K, committed 2176K, reserved 1048576K
}
Event: 8.238 GC heap before
{Heap before GC invocations=4 (full 1):
 PSYoungGen      total 76288K, used 65536K [0x000000076ab00000, 0x0000000774000000, 0x00000007c0000000)
  eden space 65536K, 100% used [0x000000076ab00000,0x000000076eb00000,0x000000076eb00000)
  from space 10752K, 0% used [0x000000076f580000,0x000000076f580000,0x0000000770000000)
  to   space 10752K, 0% used [0x000000076eb00000,0x000000076eb00000,0x000000076f580000)
 ParOldGen       total 91648K, used 17039K [0x00000006c0000000, 0x00000006c5980000, 0x000000076ab00000)
  object space 91648K, 18% used [0x00000006c0000000,0x00000006c10a3c98,0x00000006c5980000)
 Metaspace       used 26944K, capacity 27325K, committed 27648K, reserved 1075200K
  class space    used 2103K, capacity 2212K, committed 2304K, reserved 1048576K
Event: 8.244 GC heap after
Heap after GC invocations=4 (full 1):
 PSYoungGen      total 76288K, used 10729K [0x000000076ab00000, 0x0000000773c00000, 0x00000007c0000000)
  eden space 65536K, 0% used [0x000000076ab00000,0x000000076ab00000,0x000000076eb00000)
  from space 10752K, 99% used [0x000000076eb00000,0x000000076f57a6f0,0x000000076f580000)
  to   space 10752K, 0% used [0x0000000773180000,0x0000000773180000,0x0000000773c00000)
 ParOldGen       total 91648K, used 17263K [0x00000006c0000000, 0x00000006c5980000, 0x000000076ab00000)
  object space 91648K, 18% used [0x00000006c0000000,0x00000006c10dbe28,0x00000006c5980000)
 Metaspace       used 26944K, capacity 27325K, committed 27648K, reserved 1075200K
  class space    used 2103K, capacity 2212K, committed 2304K, reserved 1048576K
}
Event: 21.699 GC heap before
{Heap before GC invocations=5 (full 1):
 PSYoungGen      total 76288K, used 76265K [0x000000076ab00000, 0x0000000773c00000, 0x00000007c0000000)
  eden space 65536K, 100% used [0x000000076ab00000,0x000000076eb00000,0x000000076eb00000)
  from space 10752K, 99% used [0x000000076eb00000,0x000000076f57a6f0,0x000000076f580000)
  to   space 10752K, 0% used [0x0000000773180000,0x0000000773180000,0x0000000773c00000)
 ParOldGen       total 91648K, used 17263K [0x00000006c0000000, 0x00000006c5980000, 0x000000076ab00000)
  object space 91648K, 18% used [0x00000006c0000000,0x00000006c10dbe28,0x00000006c5980000)
 Metaspace       used 27251K, capacity 27581K, committed 27904K, reserved 1075200K
  class space    used 2103K, capacity 2212K, committed 2304K, reserved 1048576K
Event: 21.706 GC heap after
Heap after GC invocations=5 (full 1):
 PSYoungGen      total 136192K, used 10747K [0x000000076ab00000, 0x0000000773c00000, 0x00000007c0000000)
  eden space 125440K, 0% used [0x000000076ab00000,0x000000076ab00000,0x0000000772580000)
  from space 10752K, 99% used [0x0000000773180000,0x0000000773bfecc8,0x0000000773c00000)
  to   space 10752K, 0% used [0x0000000772700000,0x0000000772700000,0x0000000773180000)
 ParOldGen       total 91648K, used 17535K [0x00000006c0000000, 0x00000006c5980000, 0x000000076ab00000)
  object space 91648K, 19% used [0x00000006c0000000,0x00000006c111fe38,0x00000006c5980000)
 Metaspace       used 27251K, capacity 27581K, committed 27904K, reserved 1075200K
  class space    used 2103K, capacity 2212K, committed 2304K, reserved 1048576K
}

