# JRE version: OpenJDK Runtime Environment (8.0_242-b08) (build 1.8.0_242-b08)
# Java VM: OpenJDK 64-Bit Server VM (25.242-b08 mixed mode bsd-amd64 compressed oops)
Heap:
 PSYoungGen      total 179712K, used 160198K [0x000000076ab00000, 0x0000000776d80000, 0x00000007c0000000)
  eden space 164352K, 91% used [0x000000076ab00000,0x0000000773d37500,0x0000000774b80000)
  from space 15360K, 68% used [0x0000000775e80000,0x00000007768ba6e0,0x0000000776d80000)
  to   space 17408K, 0% used [0x0000000774b80000,0x0000000774b80000,0x0000000775c80000)
 ParOldGen       total 107520K, used 18225K [0x00000006c0000000, 0x00000006c6900000, 0x000000076ab00000)
  object space 107520K, 16% used [0x00000006c0000000,0x00000006c11cc720,0x00000006c6900000)
 Metaspace       used 27507K, capacity 27825K, committed 28160K, reserved 1075200K
  class space    used 2132K, capacity 2248K, committed 2304K, reserved 1048576K
GC Heap History (10 events):
Event: 4.086 GC heap before
{Heap before GC invocations=3 (full 1):
 PSYoungGen      total 76288K, used 10738K [0x000000076ab00000, 0x0000000774000000, 0x00000007c0000000)
  eden space 65536K, 0% used [0x000000076ab00000,0x000000076ab00000,0x000000076eb00000)
  from space 10752K, 99% used [0x000000076f580000,0x000000076fffc8d0,0x0000000770000000)
  to   space 10752K, 0% used [0x000000076eb00000,0x000000076eb00000,0x000000076f580000)
 ParOldGen       total 175104K, used 7123K [0x00000006c0000000, 0x00000006cab00000, 0x000000076ab00000)
  object space 175104K, 4% used [0x00000006c0000000,0x00000006c06f4c60,0x00000006cab00000)
 Metaspace       used 20860K, capacity 21168K, committed 21296K, reserved 1069056K
  class space    used 1986K, capacity 2084K, committed 2176K, reserved 1048576K
Event: 4.128 GC heap after
Heap after GC invocations=3 (full 1):
 PSYoungGen      total 76288K, used 0K [0x000000076ab00000, 0x0000000774000000, 0x00000007c0000000)
  eden space 65536K, 0% used [0x000000076ab00000,0x000000076ab00000,0x000000076eb00000)
  from space 10752K, 0% used [0x000000076f580000,0x000000076f580000,0x0000000770000000)
  to   space 10752K, 0% used [0x000000076eb00000,0x000000076eb00000,0x000000076f580000)
 ParOldGen       total 107520K, used 17425K [0x00000006c0000000, 0x00000006c6900000, 0x000000076ab00000)
  object space 107520K, 16% used [0x00000006c0000000,0x00000006c11046d0,0x00000006c6900000)
 Metaspace       used 20860K, capacity 21168K, committed 21296K, reserved 1069056K
  class space    used 1986K, capacity 2084K, committed 2176K, reserved 1048576K
}
Event: 7.499 GC heap before
{Heap before GC invocations=4 (full 1):
 PSYoungGen      total 76288K, used 65536K [0x000000076ab00000, 0x0000000774000000, 0x00000007c0000000)
  eden space 65536K, 100% used [0x000000076ab00000,0x000000076eb00000,0x000000076eb00000)
  from space 10752K, 0% used [0x000000076f580000,0x000000076f580000,0x0000000770000000)
  to   space 10752K, 0% used [0x000000076eb00000,0x000000076eb00000,0x000000076f580000)
 ParOldGen       total 107520K, used 17425K [0x00000006c0000000, 0x00000006c6900000, 0x000000076ab00000)
  object space 107520K, 16% used [0x00000006c0000000,0x00000006c11046d0,0x00000006c6900000)
 Metaspace       used 27138K, capacity 27495K, committed 27648K, reserved 1075200K
  class space    used 2119K, capacity 2245K, committed 2304K, reserved 1048576K
Event: 7.505 GC heap after
Heap after GC invocations=4 (full 1):
 PSYoungGen      total 76288K, used 10729K [0x000000076ab00000, 0x0000000772c00000, 0x00000007c0000000)
  eden space 65536K, 0% used [0x000000076ab00000,0x000000076ab00000,0x000000076eb00000)
  from space 10752K, 99% used [0x000000076eb00000,0x000000076f57a6f0,0x000000076f580000)
  to   space 10752K, 0% used [0x0000000772180000,0x0000000772180000,0x0000000772c00000)
 ParOldGen       total 107520K, used 17681K [0x00000006c0000000, 0x00000006c6900000, 0x000000076ab00000)
  object space 107520K, 16% used [0x00000006c0000000,0x00000006c1144700,0x00000006c6900000)
 Metaspace       used 27138K, capacity 27495K, committed 27648K, reserved 1075200K
  class space    used 2119K, capacity 2245K, committed 2304K, reserved 1048576K
}
Event: 18.647 GC heap before
{Heap before GC invocations=5 (full 1):
 PSYoungGen      total 76288K, used 76265K [0x000000076ab00000, 0x0000000772c00000, 0x00000007c0000000)
  eden space 65536K, 100% used [0x000000076ab00000,0x000000076eb00000,0x000000076eb00000)
  from space 10752K, 99% used [0x000000076eb00000,0x000000076f57a6f0,0x000000076f580000)
  to   space 10752K, 0% used [0x0000000772180000,0x0000000772180000,0x0000000772c00000)
 ParOldGen       total 107520K, used 17681K [0x00000006c0000000, 0x00000006c6900000, 0x000000076ab00000)
  object space 107520K, 16% used [0x00000006c0000000,0x00000006c1144700,0x00000006c6900000)
 Metaspace       used 27429K, capacity 27757K, committed 27904K, reserved 1075200K
  class space    used 2119K, capacity 2246K, committed 2304K, reserved 1048576K
Event: 18.653 GC heap after
Heap after GC invocations=5 (full 1):
 PSYoungGen      total 117248K, used 10730K [0x000000076ab00000, 0x0000000772c00000, 0x00000007c0000000)
  eden space 106496K, 0% used [0x000000076ab00000,0x000000076ab00000,0x0000000771300000)
  from space 10752K, 99% used [0x0000000772180000,0x0000000772bfab58,0x0000000772c00000)
  to   space 10752K, 0% used [0x0000000771700000,0x0000000771700000,0x0000000772180000)
 ParOldGen       total 107520K, used 17953K [0x00000006c0000000, 0x00000006c6900000, 0x000000076ab00000)
  object space 107520K, 16% used [0x00000006c0000000,0x00000006c1188710,0x00000006c6900000)
 Metaspace       used 27429K, capacity 27757K, committed 27904K, reserved 1075200K
  class space    used 2119K, capacity 2246K, committed 2304K, reserved 1048576K
}
Event: 38.347 GC heap before
{Heap before GC invocations=6 (full 1):
 PSYoungGen      total 117248K, used 117226K [0x000000076ab00000, 0x0000000772c00000, 0x00000007c0000000)
  eden space 106496K, 100% used [0x000000076ab00000,0x0000000771300000,0x0000000771300000)
  from space 10752K, 99% used [0x0000000772180000,0x0000000772bfab58,0x0000000772c00000)
  to   space 10752K, 0% used [0x0000000771700000,0x0000000771700000,0x0000000772180000)
 ParOldGen       total 107520K, used 17953K [0x00000006c0000000, 0x00000006c6900000, 0x000000076ab00000)
  object space 107520K, 16% used [0x00000006c0000000,0x00000006c1188710,0x00000006c6900000)
 Metaspace       used 27432K, capacity 27757K, committed 27904K, reserved 1075200K
  class space    used 2119K, capacity 2246K, committed 2304K, reserved 1048576K
Event: 38.354 GC heap after
Heap after GC invocations=6 (full 1):
 PSYoungGen      total 121344K, used 10506K [0x000000076ab00000, 0x0000000777000000, 0x00000007c0000000)
  eden space 110592K, 0% used [0x000000076ab00000,0x000000076ab00000,0x0000000771700000)
  from space 10752K, 97% used [0x0000000771700000,0x0000000772142b48,0x0000000772180000)
  to   space 17920K, 0% used [0x0000000775e80000,0x0000000775e80000,0x0000000777000000)
 ParOldGen       total 107520K, used 18217K [0x00000006c0000000, 0x00000006c6900000, 0x000000076ab00000)
  object space 107520K, 16% used [0x00000006c0000000,0x00000006c11ca720,0x00000006c6900000)
 Metaspace       used 27432K, capacity 27757K, committed 27904K, reserved 1075200K
  class space    used 2119K, capacity 2246K, committed 2304K, reserved 1048576K
}
Event: 59.030 GC heap before
{Heap before GC invocations=7 (full 1):
 PSYoungGen      total 121344K, used 121098K [0x000000076ab00000, 0x0000000777000000, 0x00000007c0000000)
  eden space 110592K, 100% used [0x000000076ab00000,0x0000000771700000,0x0000000771700000)
  from space 10752K, 97% used [0x0000000771700000,0x0000000772142b48,0x0000000772180000)
  to   space 17920K, 0% used [0x0000000775e80000,0x0000000775e80000,0x0000000777000000)
 ParOldGen       total 107520K, used 18217K [0x00000006c0000000, 0x00000006c6900000, 0x000000076ab00000)
  object space 107520K, 16% used [0x00000006c0000000,0x00000006c11ca720,0x00000006c6900000)
 Metaspace       used 27432K, capacity 27757K, committed 27904K, reserved 1075200K
  class space    used 2119K, capacity 2246K, committed 2304K, reserved 1048576K
Event: 59.038 GC heap after
Heap after GC invocations=7 (full 1):
 PSYoungGen      total 179712K, used 10473K [0x000000076ab00000, 0x0000000776d80000, 0x00000007c0000000)
  eden space 164352K, 0% used [0x000000076ab00000,0x000000076ab00000,0x0000000774b80000)
  from space 15360K, 68% used [0x0000000775e80000,0x00000007768ba6e0,0x0000000776d80000)
  to   space 17408K, 0% used [0x0000000774b80000,0x0000000774b80000,0x0000000775c80000)
 ParOldGen       total 107520K, used 18225K [0x00000006c0000000, 0x00000006c6900000, 0x000000076ab00000)
  object space 107520K, 16% used [0x00000006c0000000,0x00000006c11cc720,0x00000006c6900000)
 Metaspace       used 27432K, capacity 27757K, committed 27904K, reserved 1075200K
  class space    used 2119K, capacity 2246K, committed 2304K, reserved 1048576K
}

