# JRE version: OpenJDK Runtime Environment (8.0_242-b08) (build 1.8.0_242-b08)
# Java VM: OpenJDK 64-Bit Server VM (25.242-b08 mixed mode bsd-amd64 compressed oops)
Heap:
 PSYoungGen      total 76288K, used 17418K [0x000000076ab00000, 0x0000000772700000, 0x00000007c0000000)
  eden space 65536K, 10% used [0x000000076ab00000,0x000000076b19bcd8,0x000000076eb00000)
  from space 10752K, 99% used [0x000000076eb00000,0x000000076f566cb8,0x000000076f580000)
  to   space 10752K, 0% used [0x0000000771c80000,0x0000000771c80000,0x0000000772700000)
 ParOldGen       total 112640K, used 17451K [0x00000006c0000000, 0x00000006c6e00000, 0x000000076ab00000)
  object space 112640K, 15% used [0x00000006c0000000,0x00000006c110ae00,0x00000006c6e00000)
 Metaspace       used 27188K, capacity 27557K, committed 27904K, reserved 1075200K
  class space    used 2136K, capacity 2248K, committed 2304K, reserved 1048576K
GC Heap History (8 events):
Event: 2.984 GC heap before
{Heap before GC invocations=1 (full 0):
 PSYoungGen      total 76288K, used 65035K [0x000000076ab00000, 0x0000000770000000, 0x00000007c0000000)
  eden space 65536K, 99% used [0x000000076ab00000,0x000000076ea82d08,0x000000076eb00000)
  from space 10752K, 0% used [0x000000076f580000,0x000000076f580000,0x0000000770000000)
  to   space 10752K, 0% used [0x000000076eb00000,0x000000076eb00000,0x000000076f580000)
 ParOldGen       total 175104K, used 0K [0x00000006c0000000, 0x00000006cab00000, 0x000000076ab00000)
  object space 175104K, 0% used [0x00000006c0000000,0x00000006c0000000,0x00000006cab00000)
 Metaspace       used 19243K, capacity 19635K, committed 19840K, reserved 1067008K
  class space    used 1924K, capacity 2052K, committed 2176K, reserved 1048576K
Event: 2.994 GC heap after
Heap after GC invocations=1 (full 0):
 PSYoungGen      total 76288K, used 10736K [0x000000076ab00000, 0x0000000770000000, 0x00000007c0000000)
  eden space 65536K, 0% used [0x000000076ab00000,0x000000076ab00000,0x000000076eb00000)
  from space 10752K, 99% used [0x000000076eb00000,0x000000076f57c2d8,0x000000076f580000)
  to   space 10752K, 0% used [0x000000076f580000,0x000000076f580000,0x0000000770000000)
 ParOldGen       total 175104K, used 510K [0x00000006c0000000, 0x00000006cab00000, 0x000000076ab00000)
  object space 175104K, 0% used [0x00000006c0000000,0x00000006c007fa30,0x00000006cab00000)
 Metaspace       used 19243K, capacity 19635K, committed 19840K, reserved 1067008K
  class space    used 1924K, capacity 2052K, committed 2176K, reserved 1048576K
}
Event: 3.138 GC heap before
{Heap before GC invocations=2 (full 0):
 PSYoungGen      total 76288K, used 35792K [0x000000076ab00000, 0x0000000770000000, 0x00000007c0000000)
  eden space 65536K, 38% used [0x000000076ab00000,0x000000076c377dd8,0x000000076eb00000)
  from space 10752K, 99% used [0x000000076eb00000,0x000000076f57c2d8,0x000000076f580000)
  to   space 10752K, 0% used [0x000000076f580000,0x000000076f580000,0x0000000770000000)
 ParOldGen       total 175104K, used 510K [0x00000006c0000000, 0x00000006cab00000, 0x000000076ab00000)
  object space 175104K, 0% used [0x00000006c0000000,0x00000006c007fa30,0x00000006cab00000)
 Metaspace       used 20874K, capacity 21160K, committed 21296K, reserved 1069056K
  class space    used 1989K, capacity 2084K, committed 2176K, reserved 1048576K
Event: 3.148 GC heap after
Heap after GC invocations=2 (full 0):
 PSYoungGen      total 76288K, used 10749K [0x000000076ab00000, 0x0000000774000000, 0x00000007c0000000)
  eden space 65536K, 0% used [0x000000076ab00000,0x000000076ab00000,0x000000076eb00000)
  from space 10752K, 99% used [0x000000076f580000,0x000000076ffff520,0x0000000770000000)
  to   space 10752K, 0% used [0x000000076eb00000,0x000000076eb00000,0x000000076f580000)
 ParOldGen       total 175104K, used 7211K [0x00000006c0000000, 0x00000006cab00000, 0x000000076ab00000)
  object space 175104K, 4% used [0x00000006c0000000,0x00000006c070ace0,0x00000006cab00000)
 Metaspace       used 20874K, capacity 21160K, committed 21296K, reserved 1069056K
  class space    used 1989K, capacity 2084K, committed 2176K, reserved 1048576K
}
Event: 3.148 GC heap before
{Heap before GC invocations=3 (full 1):
 PSYoungGen      total 76288K, used 10749K [0x000000076ab00000, 0x0000000774000000, 0x00000007c0000000)
  eden space 65536K, 0% used [0x000000076ab00000,0x000000076ab00000,0x000000076eb00000)
  from space 10752K, 99% used [0x000000076f580000,0x000000076ffff520,0x0000000770000000)
  to   space 10752K, 0% used [0x000000076eb00000,0x000000076eb00000,0x000000076f580000)
 ParOldGen       total 175104K, used 7211K [0x00000006c0000000, 0x00000006cab00000, 0x000000076ab00000)
  object space 175104K, 4% used [0x00000006c0000000,0x00000006c070ace0,0x00000006cab00000)
 Metaspace       used 20874K, capacity 21160K, committed 21296K, reserved 1069056K
  class space    used 1989K, capacity 2084K, committed 2176K, reserved 1048576K
Event: 3.198 GC heap after
Heap after GC invocations=3 (full 1):
 PSYoungGen      total 76288K, used 0K [0x000000076ab00000, 0x0000000774000000, 0x00000007c0000000)
  eden space 65536K, 0% used [0x000000076ab00000,0x000000076ab00000,0x000000076eb00000)
  from space 10752K, 0% used [0x000000076f580000,0x000000076f580000,0x0000000770000000)
  to   space 10752K, 0% used [0x000000076eb00000,0x000000076eb00000,0x000000076f580000)
 ParOldGen       total 112640K, used 17443K [0x00000006c0000000, 0x00000006c6e00000, 0x000000076ab00000)
  object space 112640K, 15% used [0x00000006c0000000,0x00000006c1108e00,0x00000006c6e00000)
 Metaspace       used 20874K, capacity 21160K, committed 21296K, reserved 1069056K
  class space    used 1989K, capacity 2084K, committed 2176K, reserved 1048576K
}
Event: 5.701 GC heap before
{Heap before GC invocations=4 (full 1):
 PSYoungGen      total 76288K, used 65536K [0x000000076ab00000, 0x0000000774000000, 0x00000007c0000000)
  eden space 65536K, 100% used [0x000000076ab00000,0x000000076eb00000,0x000000076eb00000)
  from space 10752K, 0% used [0x000000076f580000,0x000000076f580000,0x0000000770000000)
  to   space 10752K, 0% used [0x000000076eb00000,0x000000076eb00000,0x000000076f580000)
 ParOldGen       total 112640K, used 17443K [0x00000006c0000000, 0x00000006c6e00000, 0x000000076ab00000)
  object space 112640K, 15% used [0x00000006c0000000,0x00000006c1108e00,0x00000006c6e00000)
 Metaspace       used 27081K, capacity 27425K, committed 27648K, reserved 1075200K
  class space    used 2122K, capacity 2246K, committed 2304K, reserved 1048576K
Event: 5.707 GC heap after
Heap after GC invocations=4 (full 1):
 PSYoungGen      total 76288K, used 10651K [0x000000076ab00000, 0x0000000772700000, 0x00000007c0000000)
  eden space 65536K, 0% used [0x000000076ab00000,0x000000076ab00000,0x000000076eb00000)
  from space 10752K, 99% used [0x000000076eb00000,0x000000076f566cb8,0x000000076f580000)
  to   space 10752K, 0% used [0x0000000771c80000,0x0000000771c80000,0x0000000772700000)
 ParOldGen       total 112640K, used 17451K [0x00000006c0000000, 0x00000006c6e00000, 0x000000076ab00000)
  object space 112640K, 15% used [0x00000006c0000000,0x00000006c110ae00,0x00000006c6e00000)
 Metaspace       used 27081K, capacity 27425K, committed 27648K, reserved 1075200K
  class space    used 2122K, capacity 2246K, committed 2304K, reserved 1048576K
}

