# JRE version: OpenJDK Runtime Environment (8.0_242-b08) (build 1.8.0_242-b08)
# Java VM: OpenJDK 64-Bit Server VM (25.242-b08 mixed mode bsd-amd64 compressed oops)
Heap:
 PSYoungGen      total 183296K, used 135230K [0x000000076ab00000, 0x000000077b300000, 0x00000007c0000000)
  eden space 166400K, 74% used [0x000000076ab00000,0x00000007724c0d48,0x0000000774d80000)
  from space 16896K, 62% used [0x0000000774d80000,0x00000007757cecb8,0x0000000775e00000)
  to   space 16384K, 0% used [0x000000077a300000,0x000000077a300000,0x000000077b300000)
 ParOldGen       total 107520K, used 17969K [0x00000006c0000000, 0x00000006c6900000, 0x000000076ab00000)
  object space 107520K, 16% used [0x00000006c0000000,0x00000006c118c768,0x00000006c6900000)
 Metaspace       used 27561K, capacity 27891K, committed 28160K, reserved 1075200K
  class space    used 2137K, capacity 2249K, committed 2304K, reserved 1048576K
GC Heap History (10 events):
Event: 6.943 GC heap before
{Heap before GC invocations=4 (full 1):
 PSYoungGen      total 76288K, used 65536K [0x000000076ab00000, 0x0000000774000000, 0x00000007c0000000)
  eden space 65536K, 100% used [0x000000076ab00000,0x000000076eb00000,0x000000076eb00000)
  from space 10752K, 0% used [0x000000076f580000,0x000000076f580000,0x0000000770000000)
  to   space 10752K, 0% used [0x000000076eb00000,0x000000076eb00000,0x000000076f580000)
 ParOldGen       total 107520K, used 17409K [0x00000006c0000000, 0x00000006c6900000, 0x000000076ab00000)
  object space 107520K, 16% used [0x00000006c0000000,0x00000006c1100748,0x00000006c6900000)
 Metaspace       used 27012K, capacity 27371K, committed 27648K, reserved 1075200K
  class space    used 2119K, capacity 2245K, committed 2304K, reserved 1048576K
Event: 6.953 GC heap after
Heap after GC invocations=4 (full 1):
 PSYoungGen      total 76288K, used 9029K [0x000000076ab00000, 0x0000000772c80000, 0x00000007c0000000)
  eden space 65536K, 0% used [0x000000076ab00000,0x000000076ab00000,0x000000076eb00000)
  from space 10752K, 83% used [0x000000076eb00000,0x000000076f3d1578,0x000000076f580000)
  to   space 10752K, 0% used [0x0000000772200000,0x0000000772200000,0x0000000772c80000)
 ParOldGen       total 107520K, used 17417K [0x00000006c0000000, 0x00000006c6900000, 0x000000076ab00000)
  object space 107520K, 16% used [0x00000006c0000000,0x00000006c1102748,0x00000006c6900000)
 Metaspace       used 27012K, capacity 27371K, committed 27648K, reserved 1075200K
  class space    used 2119K, capacity 2245K, committed 2304K, reserved 1048576K
}
Event: 12.465 GC heap before
{Heap before GC invocations=5 (full 1):
 PSYoungGen      total 76288K, used 74565K [0x000000076ab00000, 0x0000000772c80000, 0x00000007c0000000)
  eden space 65536K, 100% used [0x000000076ab00000,0x000000076eb00000,0x000000076eb00000)
  from space 10752K, 83% used [0x000000076eb00000,0x000000076f3d1578,0x000000076f580000)
  to   space 10752K, 0% used [0x0000000772200000,0x0000000772200000,0x0000000772c80000)
 ParOldGen       total 107520K, used 17417K [0x00000006c0000000, 0x00000006c6900000, 0x000000076ab00000)
  object space 107520K, 16% used [0x00000006c0000000,0x00000006c1102748,0x00000006c6900000)
 Metaspace       used 27387K, capacity 27757K, committed 27904K, reserved 1075200K
  class space    used 2124K, capacity 2246K, committed 2304K, reserved 1048576K
Event: 12.472 GC heap after
Heap after GC invocations=5 (full 1):
 PSYoungGen      total 117760K, used 10730K [0x000000076ab00000, 0x0000000772c80000, 0x00000007c0000000)
  eden space 107008K, 0% used [0x000000076ab00000,0x000000076ab00000,0x0000000771380000)
  from space 10752K, 99% used [0x0000000772200000,0x0000000772c7ab58,0x0000000772c80000)
  to   space 10752K, 0% used [0x0000000771780000,0x0000000771780000,0x0000000772200000)
 ParOldGen       total 107520K, used 17689K [0x00000006c0000000, 0x00000006c6900000, 0x000000076ab00000)
  object space 107520K, 16% used [0x00000006c0000000,0x00000006c1146758,0x00000006c6900000)
 Metaspace       used 27387K, capacity 27757K, committed 27904K, reserved 1075200K
  class space    used 2124K, capacity 2246K, committed 2304K, reserved 1048576K
}
Event: 25.647 GC heap before
{Heap before GC invocations=6 (full 1):
 PSYoungGen      total 117760K, used 117738K [0x000000076ab00000, 0x0000000772c80000, 0x00000007c0000000)
  eden space 107008K, 100% used [0x000000076ab00000,0x0000000771380000,0x0000000771380000)
  from space 10752K, 99% used [0x0000000772200000,0x0000000772c7ab58,0x0000000772c80000)
  to   space 10752K, 0% used [0x0000000771780000,0x0000000771780000,0x0000000772200000)
 ParOldGen       total 107520K, used 17689K [0x00000006c0000000, 0x00000006c6900000, 0x000000076ab00000)
  object space 107520K, 16% used [0x00000006c0000000,0x00000006c1146758,0x00000006c6900000)
 Metaspace       used 27479K, capacity 27823K, committed 28160K, reserved 1075200K
  class space    used 2125K, capacity 2247K, committed 2304K, reserved 1048576K
Event: 25.654 GC heap after
Heap after GC invocations=6 (full 1):
 PSYoungGen      total 121856K, used 10506K [0x000000076ab00000, 0x0000000777100000, 0x00000007c0000000)
  eden space 111104K, 0% used [0x000000076ab00000,0x000000076ab00000,0x0000000771780000)
  from space 10752K, 97% used [0x0000000771780000,0x00000007721c2b48,0x0000000772200000)
  to   space 17408K, 0% used [0x0000000776000000,0x0000000776000000,0x0000000777100000)
 ParOldGen       total 107520K, used 17953K [0x00000006c0000000, 0x00000006c6900000, 0x000000076ab00000)
  object space 107520K, 16% used [0x00000006c0000000,0x00000006c1188768,0x00000006c6900000)
 Metaspace       used 27479K, capacity 27823K, committed 28160K, reserved 1075200K
  class space    used 2125K, capacity 2247K, committed 2304K, reserved 1048576K
}
Event: 39.780 GC heap before
{Heap before GC invocations=7 (full 1):
 PSYoungGen      total 121856K, used 121610K [0x000000076ab00000, 0x0000000777100000, 0x00000007c0000000)
  eden space 111104K, 100% used [0x000000076ab00000,0x0000000771780000,0x0000000771780000)
  from space 10752K, 97% used [0x0000000771780000,0x00000007721c2b48,0x0000000772200000)
  to   space 17408K, 0% used [0x0000000776000000,0x0000000776000000,0x0000000777100000)
 ParOldGen       total 107520K, used 17953K [0x00000006c0000000, 0x00000006c6900000, 0x000000076ab00000)
  object space 107520K, 16% used [0x00000006c0000000,0x00000006c1188768,0x00000006c6900000)
 Metaspace       used 27480K, capacity 27823K, committed 28160K, reserved 1075200K
  class space    used 2125K, capacity 2247K, committed 2304K, reserved 1048576K
Event: 39.786 GC heap after
Heap after GC invocations=7 (full 1):
 PSYoungGen      total 181248K, used 10489K [0x000000076ab00000, 0x0000000776e80000, 0x00000007c0000000)
  eden space 166400K, 0% used [0x000000076ab00000,0x000000076ab00000,0x0000000774d80000)
  from space 14848K, 70% used [0x0000000776000000,0x0000000776a3e570,0x0000000776e80000)
  to   space 16896K, 0% used [0x0000000774d80000,0x0000000774d80000,0x0000000775e00000)
 ParOldGen       total 107520K, used 17961K [0x00000006c0000000, 0x00000006c6900000, 0x000000076ab00000)
  object space 107520K, 16% used [0x00000006c0000000,0x00000006c118a768,0x00000006c6900000)
 Metaspace       used 27480K, capacity 27823K, committed 28160K, reserved 1075200K
  class space    used 2125K, capacity 2247K, committed 2304K, reserved 1048576K
}
Event: 60.713 GC heap before
{Heap before GC invocations=8 (full 1):
 PSYoungGen      total 181248K, used 176889K [0x000000076ab00000, 0x0000000776e80000, 0x00000007c0000000)
  eden space 166400K, 100% used [0x000000076ab00000,0x0000000774d80000,0x0000000774d80000)
  from space 14848K, 70% used [0x0000000776000000,0x0000000776a3e570,0x0000000776e80000)
  to   space 16896K, 0% used [0x0000000774d80000,0x0000000774d80000,0x0000000775e00000)
 ParOldGen       total 107520K, used 17961K [0x00000006c0000000, 0x00000006c6900000, 0x000000076ab00000)
  object space 107520K, 16% used [0x00000006c0000000,0x00000006c118a768,0x00000006c6900000)
 Metaspace       used 27480K, capacity 27823K, committed 28160K, reserved 1075200K
  class space    used 2125K, capacity 2247K, committed 2304K, reserved 1048576K
Event: 60.719 GC heap after
Heap after GC invocations=8 (full 1):
 PSYoungGen      total 183296K, used 10555K [0x000000076ab00000, 0x000000077b300000, 0x00000007c0000000)
  eden space 166400K, 0% used [0x000000076ab00000,0x000000076ab00000,0x0000000774d80000)
  from space 16896K, 62% used [0x0000000774d80000,0x00000007757cecb8,0x0000000775e00000)
  to   space 16384K, 0% used [0x000000077a300000,0x000000077a300000,0x000000077b300000)
 ParOldGen       total 107520K, used 17969K [0x00000006c0000000, 0x00000006c6900000, 0x000000076ab00000)
  object space 107520K, 16% used [0x00000006c0000000,0x00000006c118c768,0x00000006c6900000)
 Metaspace       used 27480K, capacity 27823K, committed 28160K, reserved 1075200K
  class space    used 2125K, capacity 2247K, committed 2304K, reserved 1048576K
}

