# JRE version: OpenJDK Runtime Environment (8.0_242-b08) (build 1.8.0_242-b08)
# Java VM: OpenJDK 64-Bit Server VM (25.242-b08 mixed mode bsd-amd64 compressed oops)
Heap:
 PSYoungGen      total 131584K, used 38398K [0x000000076ab00000, 0x0000000773880000, 0x00000007c0000000)
  eden space 120832K, 22% used [0x000000076ab00000,0x000000076c604ef0,0x0000000772100000)
  from space 10752K, 99% used [0x0000000772e00000,0x000000077387ab68,0x0000000773880000)
  to   space 10752K, 0% used [0x0000000772380000,0x0000000772380000,0x0000000772e00000)
 ParOldGen       total 94208K, used 17184K [0x00000006c0000000, 0x00000006c5c00000, 0x000000076ab00000)
  object space 94208K, 18% used [0x00000006c0000000,0x00000006c10c8320,0x00000006c5c00000)
 Metaspace       used 27331K, capacity 27673K, committed 27904K, reserved 1075200K
  class space    used 2128K, capacity 2246K, committed 2304K, reserved 1048576K
GC Heap History (10 events):
Event: 2.831 GC heap before
{Heap before GC invocations=1 (full 0):
 PSYoungGen      total 76288K, used 65316K [0x000000076ab00000, 0x0000000770000000, 0x00000007c0000000)
  eden space 65536K, 99% used [0x000000076ab00000,0x000000076eac9270,0x000000076eb00000)
  from space 10752K, 0% used [0x000000076f580000,0x000000076f580000,0x0000000770000000)
  to   space 10752K, 0% used [0x000000076eb00000,0x000000076eb00000,0x000000076f580000)
 ParOldGen       total 175104K, used 0K [0x00000006c0000000, 0x00000006cab00000, 0x000000076ab00000)
  object space 175104K, 0% used [0x00000006c0000000,0x00000006c0000000,0x00000006cab00000)
 Metaspace       used 19752K, capacity 20099K, committed 20352K, reserved 1067008K
  class space    used 1981K, capacity 2082K, committed 2176K, reserved 1048576K
Event: 2.842 GC heap after
Heap after GC invocations=1 (full 0):
 PSYoungGen      total 76288K, used 10725K [0x000000076ab00000, 0x0000000770000000, 0x00000007c0000000)
  eden space 65536K, 0% used [0x000000076ab00000,0x000000076ab00000,0x000000076eb00000)
  from space 10752K, 99% used [0x000000076eb00000,0x000000076f579610,0x000000076f580000)
  to   space 10752K, 0% used [0x000000076f580000,0x000000076f580000,0x0000000770000000)
 ParOldGen       total 175104K, used 4278K [0x00000006c0000000, 0x00000006cab00000, 0x000000076ab00000)
  object space 175104K, 2% used [0x00000006c0000000,0x00000006c042dbe0,0x00000006cab00000)
 Metaspace       used 19752K, capacity 20099K, committed 20352K, reserved 1067008K
  class space    used 1981K, capacity 2082K, committed 2176K, reserved 1048576K
}
Event: 2.876 GC heap before
{Heap before GC invocations=2 (full 0):
 PSYoungGen      total 76288K, used 31678K [0x000000076ab00000, 0x0000000770000000, 0x00000007c0000000)
  eden space 65536K, 31% used [0x000000076ab00000,0x000000076bf761f0,0x000000076eb00000)
  from space 10752K, 99% used [0x000000076eb00000,0x000000076f579610,0x000000076f580000)
  to   space 10752K, 0% used [0x000000076f580000,0x000000076f580000,0x0000000770000000)
 ParOldGen       total 175104K, used 4278K [0x00000006c0000000, 0x00000006cab00000, 0x000000076ab00000)
  object space 175104K, 2% used [0x00000006c0000000,0x00000006c042dbe0,0x00000006cab00000)
 Metaspace       used 20876K, capacity 21144K, committed 21296K, reserved 1069056K
  class space    used 1983K, capacity 2082K, committed 2176K, reserved 1048576K
Event: 2.884 GC heap after
Heap after GC invocations=2 (full 0):
 PSYoungGen      total 76288K, used 10738K [0x000000076ab00000, 0x0000000774000000, 0x00000007c0000000)
  eden space 65536K, 0% used [0x000000076ab00000,0x000000076ab00000,0x000000076eb00000)
  from space 10752K, 99% used [0x000000076f580000,0x000000076fffcba0,0x0000000770000000)
  to   space 10752K, 0% used [0x000000076eb00000,0x000000076eb00000,0x000000076f580000)
 ParOldGen       total 175104K, used 9182K [0x00000006c0000000, 0x00000006cab00000, 0x000000076ab00000)
  object space 175104K, 5% used [0x00000006c0000000,0x00000006c08f7898,0x00000006cab00000)
 Metaspace       used 20876K, capacity 21144K, committed 21296K, reserved 1069056K
  class space    used 1983K, capacity 2082K, committed 2176K, reserved 1048576K
}
Event: 2.884 GC heap before
{Heap before GC invocations=3 (full 1):
 PSYoungGen      total 76288K, used 10738K [0x000000076ab00000, 0x0000000774000000, 0x00000007c0000000)
  eden space 65536K, 0% used [0x000000076ab00000,0x000000076ab00000,0x000000076eb00000)
  from space 10752K, 99% used [0x000000076f580000,0x000000076fffcba0,0x0000000770000000)
  to   space 10752K, 0% used [0x000000076eb00000,0x000000076eb00000,0x000000076f580000)
 ParOldGen       total 175104K, used 9182K [0x00000006c0000000, 0x00000006cab00000, 0x000000076ab00000)
  object space 175104K, 5% used [0x00000006c0000000,0x00000006c08f7898,0x00000006cab00000)
 Metaspace       used 20876K, capacity 21144K, committed 21296K, reserved 1069056K
  class space    used 1983K, capacity 2082K, committed 2176K, reserved 1048576K
Event: 2.909 GC heap after
Heap after GC invocations=3 (full 1):
 PSYoungGen      total 76288K, used 0K [0x000000076ab00000, 0x0000000774000000, 0x00000007c0000000)
  eden space 65536K, 0% used [0x000000076ab00000,0x000000076ab00000,0x000000076eb00000)
  from space 10752K, 0% used [0x000000076f580000,0x000000076f580000,0x0000000770000000)
  to   space 10752K, 0% used [0x000000076eb00000,0x000000076eb00000,0x000000076f580000)
 ParOldGen       total 94208K, used 17016K [0x00000006c0000000, 0x00000006c5c00000, 0x000000076ab00000)
  object space 94208K, 18% used [0x00000006c0000000,0x00000006c109e0e0,0x00000006c5c00000)
 Metaspace       used 20876K, capacity 21144K, committed 21296K, reserved 1069056K
  class space    used 1983K, capacity 2082K, committed 2176K, reserved 1048576K
}
Event: 6.726 GC heap before
{Heap before GC invocations=4 (full 1):
 PSYoungGen      total 76288K, used 65448K [0x000000076ab00000, 0x0000000774000000, 0x00000007c0000000)
  eden space 65536K, 99% used [0x000000076ab00000,0x000000076eaea350,0x000000076eb00000)
  from space 10752K, 0% used [0x000000076f580000,0x000000076f580000,0x0000000770000000)
  to   space 10752K, 0% used [0x000000076eb00000,0x000000076eb00000,0x000000076f580000)
 ParOldGen       total 94208K, used 17016K [0x00000006c0000000, 0x00000006c5c00000, 0x000000076ab00000)
  object space 94208K, 18% used [0x00000006c0000000,0x00000006c109e0e0,0x00000006c5c00000)
 Metaspace       used 26950K, capacity 27285K, committed 27648K, reserved 1075200K
  class space    used 2116K, capacity 2244K, committed 2304K, reserved 1048576K
Event: 6.729 GC heap after
Heap after GC invocations=4 (full 1):
 PSYoungGen      total 76288K, used 10431K [0x000000076ab00000, 0x0000000773880000, 0x00000007c0000000)
  eden space 65536K, 0% used [0x000000076ab00000,0x000000076ab00000,0x000000076eb00000)
  from space 10752K, 97% used [0x000000076eb00000,0x000000076f52fc58,0x000000076f580000)
  to   space 10752K, 0% used [0x0000000772e00000,0x0000000772e00000,0x0000000773880000)
 ParOldGen       total 94208K, used 17024K [0x00000006c0000000, 0x00000006c5c00000, 0x000000076ab00000)
  object space 94208K, 18% used [0x00000006c0000000,0x00000006c10a00e0,0x00000006c5c00000)
 Metaspace       used 26950K, capacity 27285K, committed 27648K, reserved 1075200K
  class space    used 2116K, capacity 2244K, committed 2304K, reserved 1048576K
}
Event: 17.491 GC heap before
{Heap before GC invocations=5 (full 1):
 PSYoungGen      total 76288K, used 75967K [0x000000076ab00000, 0x0000000773880000, 0x00000007c0000000)
  eden space 65536K, 100% used [0x000000076ab00000,0x000000076eb00000,0x000000076eb00000)
  from space 10752K, 97% used [0x000000076eb00000,0x000000076f52fc58,0x000000076f580000)
  to   space 10752K, 0% used [0x0000000772e00000,0x0000000772e00000,0x0000000773880000)
 ParOldGen       total 94208K, used 17024K [0x00000006c0000000, 0x00000006c5c00000, 0x000000076ab00000)
  object space 94208K, 18% used [0x00000006c0000000,0x00000006c10a00e0,0x00000006c5c00000)
 Metaspace       used 27245K, capacity 27605K, committed 27904K, reserved 1075200K
  class space    used 2116K, capacity 2244K, committed 2304K, reserved 1048576K
Event: 17.497 GC heap after
Heap after GC invocations=5 (full 1):
 PSYoungGen      total 131584K, used 10730K [0x000000076ab00000, 0x0000000773880000, 0x00000007c0000000)
  eden space 120832K, 0% used [0x000000076ab00000,0x000000076ab00000,0x0000000772100000)
  from space 10752K, 99% used [0x0000000772e00000,0x000000077387ab68,0x0000000773880000)
  to   space 10752K, 0% used [0x0000000772380000,0x0000000772380000,0x0000000772e00000)
 ParOldGen       total 94208K, used 17184K [0x00000006c0000000, 0x00000006c5c00000, 0x000000076ab00000)
  object space 94208K, 18% used [0x00000006c0000000,0x00000006c10c8320,0x00000006c5c00000)
 Metaspace       used 27245K, capacity 27605K, committed 27904K, reserved 1075200K
  class space    used 2116K, capacity 2244K, committed 2304K, reserved 1048576K
}

