# JRE version: OpenJDK Runtime Environment (8.0_242-b08) (build 1.8.0_242-b08)
# Java VM: OpenJDK 64-Bit Server VM (25.242-b08 mixed mode bsd-amd64 compressed oops)
Heap:
 PSYoungGen      total 76288K, used 48485K [0x000000076ab00000, 0x0000000770f80000, 0x00000007c0000000)
  eden space 65536K, 57% used [0x000000076ab00000,0x000000076cfdc210,0x000000076eb00000)
  from space 10752K, 99% used [0x000000076f580000,0x000000076fffd5c0,0x0000000770000000)
  to   space 10752K, 0% used [0x000000076eb00000,0x000000076eb00000,0x000000076f580000)
 ParOldGen       total 75264K, used 14843K [0x00000006c0000000, 0x00000006c4980000, 0x000000076ab00000)
  object space 75264K, 19% used [0x00000006c0000000,0x00000006c0e7ec88,0x00000006c4980000)
 Metaspace       used 24282K, capacity 24707K, committed 24832K, reserved 1071104K
  class space    used 2383K, capacity 2536K, committed 2560K, reserved 1048576K
GC Heap History (6 events):
Event: 3.651 GC heap before
{Heap before GC invocations=1 (full 0):
 PSYoungGen      total 76288K, used 55494K [0x000000076ab00000, 0x0000000770000000, 0x00000007c0000000)
  eden space 65536K, 84% used [0x000000076ab00000,0x000000076e131ac8,0x000000076eb00000)
  from space 10752K, 0% used [0x000000076f580000,0x000000076f580000,0x0000000770000000)
  to   space 10752K, 0% used [0x000000076eb00000,0x000000076eb00000,0x000000076f580000)
 ParOldGen       total 175104K, used 0K [0x00000006c0000000, 0x00000006cab00000, 0x000000076ab00000)
  object space 175104K, 0% used [0x00000006c0000000,0x00000006c0000000,0x00000006cab00000)
 Metaspace       used 20770K, capacity 21145K, committed 21248K, reserved 1069056K
  class space    used 2111K, capacity 2229K, committed 2304K, reserved 1048576K
Event: 3.659 GC heap after
Heap after GC invocations=1 (full 0):
 PSYoungGen      total 76288K, used 9533K [0x000000076ab00000, 0x0000000770000000, 0x00000007c0000000)
  eden space 65536K, 0% used [0x000000076ab00000,0x000000076ab00000,0x000000076eb00000)
  from space 10752K, 88% used [0x000000076eb00000,0x000000076f44f4e8,0x000000076f580000)
  to   space 10752K, 0% used [0x000000076f580000,0x000000076f580000,0x0000000770000000)
 ParOldGen       total 175104K, used 16K [0x00000006c0000000, 0x00000006cab00000, 0x000000076ab00000)
  object space 175104K, 0% used [0x00000006c0000000,0x00000006c0004000,0x00000006cab00000)
 Metaspace       used 20770K, capacity 21145K, committed 21248K, reserved 1069056K
  class space    used 2111K, capacity 2229K, committed 2304K, reserved 1048576K
}
Event: 3.659 GC heap before
{Heap before GC invocations=2 (full 1):
 PSYoungGen      total 76288K, used 9533K [0x000000076ab00000, 0x0000000770000000, 0x00000007c0000000)
  eden space 65536K, 0% used [0x000000076ab00000,0x000000076ab00000,0x000000076eb00000)
  from space 10752K, 88% used [0x000000076eb00000,0x000000076f44f4e8,0x000000076f580000)
  to   space 10752K, 0% used [0x000000076f580000,0x000000076f580000,0x0000000770000000)
 ParOldGen       total 175104K, used 16K [0x00000006c0000000, 0x00000006cab00000, 0x000000076ab00000)
  object space 175104K, 0% used [0x00000006c0000000,0x00000006c0004000,0x00000006cab00000)
 Metaspace       used 20770K, capacity 21145K, committed 21248K, reserved 1069056K
  class space    used 2111K, capacity 2229K, committed 2304K, reserved 1048576K
Event: 3.687 GC heap after
Heap after GC invocations=2 (full 1):
 PSYoungGen      total 76288K, used 0K [0x000000076ab00000, 0x0000000770000000, 0x00000007c0000000)
  eden space 65536K, 0% used [0x000000076ab00000,0x000000076ab00000,0x000000076eb00000)
  from space 10752K, 0% used [0x000000076eb00000,0x000000076eb00000,0x000000076f580000)
  to   space 10752K, 0% used [0x000000076f580000,0x000000076f580000,0x0000000770000000)
 ParOldGen       total 75264K, used 9227K [0x00000006c0000000, 0x00000006c4980000, 0x000000076ab00000)
  object space 75264K, 12% used [0x00000006c0000000,0x00000006c0902d38,0x00000006c4980000)
 Metaspace       used 20770K, capacity 21145K, committed 21248K, reserved 1069056K
  class space    used 2111K, capacity 2229K, committed 2304K, reserved 1048576K
}
Event: 6.600 GC heap before
{Heap before GC invocations=3 (full 1):
 PSYoungGen      total 76288K, used 65536K [0x000000076ab00000, 0x0000000770000000, 0x00000007c0000000)
  eden space 65536K, 100% used [0x000000076ab00000,0x000000076eb00000,0x000000076eb00000)
  from space 10752K, 0% used [0x000000076eb00000,0x000000076eb00000,0x000000076f580000)
  to   space 10752K, 0% used [0x000000076f580000,0x000000076f580000,0x0000000770000000)
 ParOldGen       total 75264K, used 9227K [0x00000006c0000000, 0x00000006c4980000, 0x000000076ab00000)
  object space 75264K, 12% used [0x00000006c0000000,0x00000006c0902d38,0x00000006c4980000)
 Metaspace       used 23949K, capacity 24347K, committed 24576K, reserved 1071104K
  class space    used 2370K, capacity 2502K, committed 2560K, reserved 1048576K
Event: 6.608 GC heap after
Heap after GC invocations=3 (full 1):
 PSYoungGen      total 76288K, used 10741K [0x000000076ab00000, 0x0000000770f80000, 0x00000007c0000000)
  eden space 65536K, 0% used [0x000000076ab00000,0x000000076ab00000,0x000000076eb00000)
  from space 10752K, 99% used [0x000000076f580000,0x000000076fffd5c0,0x0000000770000000)
  to   space 10752K, 0% used [0x000000076eb00000,0x000000076eb00000,0x000000076f580000)
 ParOldGen       total 75264K, used 14843K [0x00000006c0000000, 0x00000006c4980000, 0x000000076ab00000)
  object space 75264K, 19% used [0x00000006c0000000,0x00000006c0e7ec88,0x00000006c4980000)
 Metaspace       used 23949K, capacity 24347K, committed 24576K, reserved 1071104K
  class space    used 2370K, capacity 2502K, committed 2560K, reserved 1048576K
}

