# JRE version: OpenJDK Runtime Environment (8.0_242-b08) (build 1.8.0_242-b08)
# Java VM: OpenJDK 64-Bit Server VM (25.242-b08 mixed mode bsd-amd64 compressed oops)
Heap:
 PSYoungGen      total 131072K, used 23805K [0x000000076ab00000, 0x0000000773800000, 0x00000007c0000000)
  eden space 120320K, 10% used [0x000000076ab00000,0x000000076b7ca120,0x0000000772080000)
  from space 10752K, 99% used [0x0000000772d80000,0x00000007737f55e0,0x0000000773800000)
  to   space 10752K, 0% used [0x0000000772300000,0x0000000772300000,0x0000000772d80000)
 ParOldGen       total 94208K, used 17612K [0x00000006c0000000, 0x00000006c5c00000, 0x000000076ab00000)
  object space 94208K, 18% used [0x00000006c0000000,0x00000006c1133238,0x00000006c5c00000)
 Metaspace       used 27806K, capacity 28113K, committed 28416K, reserved 1075200K
  class space    used 2163K, capacity 2280K, committed 2304K, reserved 1048576K
GC Heap History (10 events):
Event: 3.703 GC heap before
{Heap before GC invocations=1 (full 0):
 PSYoungGen      total 76288K, used 65536K [0x000000076ab00000, 0x0000000770000000, 0x00000007c0000000)
  eden space 65536K, 100% used [0x000000076ab00000,0x000000076eb00000,0x000000076eb00000)
  from space 10752K, 0% used [0x000000076f580000,0x000000076f580000,0x0000000770000000)
  to   space 10752K, 0% used [0x000000076eb00000,0x000000076eb00000,0x000000076f580000)
 ParOldGen       total 175104K, used 0K [0x00000006c0000000, 0x00000006cab00000, 0x000000076ab00000)
  object space 175104K, 0% used [0x00000006c0000000,0x00000006c0000000,0x00000006cab00000)
 Metaspace       used 19572K, capacity 19931K, committed 20096K, reserved 1067008K
  class space    used 1963K, capacity 2084K, committed 2176K, reserved 1048576K
Event: 3.712 GC heap after
Heap after GC invocations=1 (full 0):
 PSYoungGen      total 76288K, used 10747K [0x000000076ab00000, 0x0000000770000000, 0x00000007c0000000)
  eden space 65536K, 0% used [0x000000076ab00000,0x000000076ab00000,0x000000076eb00000)
  from space 10752K, 99% used [0x000000076eb00000,0x000000076f57ef70,0x000000076f580000)
  to   space 10752K, 0% used [0x000000076f580000,0x000000076f580000,0x0000000770000000)
 ParOldGen       total 175104K, used 3470K [0x00000006c0000000, 0x00000006cab00000, 0x000000076ab00000)
  object space 175104K, 1% used [0x00000006c0000000,0x00000006c0363820,0x00000006cab00000)
 Metaspace       used 19572K, capacity 19931K, committed 20096K, reserved 1067008K
  class space    used 1963K, capacity 2084K, committed 2176K, reserved 1048576K
}
Event: 3.770 GC heap before
{Heap before GC invocations=2 (full 0):
 PSYoungGen      total 76288K, used 33395K [0x000000076ab00000, 0x0000000770000000, 0x00000007c0000000)
  eden space 65536K, 34% used [0x000000076ab00000,0x000000076c11def0,0x000000076eb00000)
  from space 10752K, 99% used [0x000000076eb00000,0x000000076f57ef70,0x000000076f580000)
  to   space 10752K, 0% used [0x000000076f580000,0x000000076f580000,0x0000000770000000)
 ParOldGen       total 175104K, used 3470K [0x00000006c0000000, 0x00000006cab00000, 0x000000076ab00000)
  object space 175104K, 1% used [0x00000006c0000000,0x00000006c0363820,0x00000006cab00000)
 Metaspace       used 20883K, capacity 21200K, committed 21296K, reserved 1069056K
  class space    used 1992K, capacity 2116K, committed 2176K, reserved 1048576K
Event: 3.779 GC heap after
Heap after GC invocations=2 (full 0):
 PSYoungGen      total 76288K, used 10749K [0x000000076ab00000, 0x0000000774000000, 0x00000007c0000000)
  eden space 65536K, 0% used [0x000000076ab00000,0x000000076ab00000,0x000000076eb00000)
  from space 10752K, 99% used [0x000000076f580000,0x000000076ffff4a0,0x0000000770000000)
  to   space 10752K, 0% used [0x000000076eb00000,0x000000076eb00000,0x000000076f580000)
 ParOldGen       total 175104K, used 8707K [0x00000006c0000000, 0x00000006cab00000, 0x000000076ab00000)
  object space 175104K, 4% used [0x00000006c0000000,0x00000006c0880fb0,0x00000006cab00000)
 Metaspace       used 20883K, capacity 21200K, committed 21296K, reserved 1069056K
  class space    used 1992K, capacity 2116K, committed 2176K, reserved 1048576K
}
Event: 3.779 GC heap before
{Heap before GC invocations=3 (full 1):
 PSYoungGen      total 76288K, used 10749K [0x000000076ab00000, 0x0000000774000000, 0x00000007c0000000)
  eden space 65536K, 0% used [0x000000076ab00000,0x000000076ab00000,0x000000076eb00000)
  from space 10752K, 99% used [0x000000076f580000,0x000000076ffff4a0,0x0000000770000000)
  to   space 10752K, 0% used [0x000000076eb00000,0x000000076eb00000,0x000000076f580000)
 ParOldGen       total 175104K, used 8707K [0x00000006c0000000, 0x00000006cab00000, 0x000000076ab00000)
  object space 175104K, 4% used [0x00000006c0000000,0x00000006c0880fb0,0x00000006cab00000)
 Metaspace       used 20883K, capacity 21200K, committed 21296K, reserved 1069056K
  class space    used 1992K, capacity 2116K, committed 2176K, reserved 1048576K
Event: 3.807 GC heap after
Heap after GC invocations=3 (full 1):
 PSYoungGen      total 76288K, used 0K [0x000000076ab00000, 0x0000000774000000, 0x00000007c0000000)
  eden space 65536K, 0% used [0x000000076ab00000,0x000000076ab00000,0x000000076eb00000)
  from space 10752K, 0% used [0x000000076f580000,0x000000076f580000,0x0000000770000000)
  to   space 10752K, 0% used [0x000000076eb00000,0x000000076eb00000,0x000000076f580000)
 ParOldGen       total 94208K, used 16592K [0x00000006c0000000, 0x00000006c5c00000, 0x000000076ab00000)
  object space 94208K, 17% used [0x00000006c0000000,0x00000006c1034380,0x00000006c5c00000)
 Metaspace       used 20883K, capacity 21200K, committed 21296K, reserved 1069056K
  class space    used 1992K, capacity 2116K, committed 2176K, reserved 1048576K
}
Event: 6.654 GC heap before
{Heap before GC invocations=4 (full 1):
 PSYoungGen      total 76288K, used 65400K [0x000000076ab00000, 0x0000000774000000, 0x00000007c0000000)
  eden space 65536K, 99% used [0x000000076ab00000,0x000000076eade358,0x000000076eb00000)
  from space 10752K, 0% used [0x000000076f580000,0x000000076f580000,0x0000000770000000)
  to   space 10752K, 0% used [0x000000076eb00000,0x000000076eb00000,0x000000076f580000)
 ParOldGen       total 94208K, used 16848K [0x00000006c0000000, 0x00000006c5c00000, 0x000000076ab00000)
  object space 94208K, 17% used [0x00000006c0000000,0x00000006c1074390,0x00000006c5c00000)
 Metaspace       used 27005K, capacity 27335K, committed 27648K, reserved 1075200K
  class space    used 2124K, capacity 2213K, committed 2304K, reserved 1048576K
Event: 6.659 GC heap after
Heap after GC invocations=4 (full 1):
 PSYoungGen      total 76288K, used 10747K [0x000000076ab00000, 0x0000000773800000, 0x00000007c0000000)
  eden space 65536K, 0% used [0x000000076ab00000,0x000000076ab00000,0x000000076eb00000)
  from space 10752K, 99% used [0x000000076eb00000,0x000000076f57ece8,0x000000076f580000)
  to   space 10752K, 0% used [0x0000000772d80000,0x0000000772d80000,0x0000000773800000)
 ParOldGen       total 94208K, used 17088K [0x00000006c0000000, 0x00000006c5c00000, 0x000000076ab00000)
  object space 94208K, 18% used [0x00000006c0000000,0x00000006c10b02c0,0x00000006c5c00000)
 Metaspace       used 27005K, capacity 27335K, committed 27648K, reserved 1075200K
  class space    used 2124K, capacity 2213K, committed 2304K, reserved 1048576K
}
Event: 14.326 GC heap before
{Heap before GC invocations=5 (full 1):
 PSYoungGen      total 76288K, used 76283K [0x000000076ab00000, 0x0000000773800000, 0x00000007c0000000)
  eden space 65536K, 100% used [0x000000076ab00000,0x000000076eb00000,0x000000076eb00000)
  from space 10752K, 99% used [0x000000076eb00000,0x000000076f57ece8,0x000000076f580000)
  to   space 10752K, 0% used [0x0000000772d80000,0x0000000772d80000,0x0000000773800000)
 ParOldGen       total 94208K, used 17092K [0x00000006c0000000, 0x00000006c5c00000, 0x000000076ab00000)
  object space 94208K, 18% used [0x00000006c0000000,0x00000006c10b1218,0x00000006c5c00000)
 Metaspace       used 27729K, capacity 28109K, committed 28416K, reserved 1075200K
  class space    used 2150K, capacity 2278K, committed 2304K, reserved 1048576K
Event: 14.331 GC heap after
Heap after GC invocations=5 (full 1):
 PSYoungGen      total 131072K, used 10709K [0x000000076ab00000, 0x0000000773800000, 0x00000007c0000000)
  eden space 120320K, 0% used [0x000000076ab00000,0x000000076ab00000,0x0000000772080000)
  from space 10752K, 99% used [0x0000000772d80000,0x00000007737f55e0,0x0000000773800000)
  to   space 10752K, 0% used [0x0000000772300000,0x0000000772300000,0x0000000772d80000)
 ParOldGen       total 94208K, used 17612K [0x00000006c0000000, 0x00000006c5c00000, 0x000000076ab00000)
  object space 94208K, 18% used [0x00000006c0000000,0x00000006c1133238,0x00000006c5c00000)
 Metaspace       used 27729K, capacity 28109K, committed 28416K, reserved 1075200K
  class space    used 2150K, capacity 2278K, committed 2304K, reserved 1048576K
}

