# JRE version: OpenJDK Runtime Environment (8.0_242-b08) (build 1.8.0_242-b08)
# Java VM: OpenJDK 64-Bit Server VM (25.242-b08 mixed mode bsd-amd64 compressed oops)
Heap:
 PSYoungGen      total 76288K, used 52681K [0x000000076ab00000, 0x0000000773880000, 0x00000007c0000000)
  eden space 65536K, 63% used [0x000000076ab00000,0x000000076d3f2a40,0x000000076eb00000)
  from space 10752K, 99% used [0x000000076eb00000,0x000000076f57fc98,0x000000076f580000)
  to   space 10752K, 0% used [0x0000000772e00000,0x0000000772e00000,0x0000000773880000)
 ParOldGen       total 93696K, used 16646K [0x00000006c0000000, 0x00000006c5b80000, 0x000000076ab00000)
  object space 93696K, 17% used [0x00000006c0000000,0x00000006c1041a00,0x00000006c5b80000)
 Metaspace       used 27545K, capacity 27897K, committed 28160K, reserved 1075200K
  class space    used 2145K, capacity 2248K, committed 2304K, reserved 1048576K
GC Heap History (8 events):
Event: 3.804 GC heap before
{Heap before GC invocations=1 (full 0):
 PSYoungGen      total 76288K, used 65536K [0x000000076ab00000, 0x0000000770000000, 0x00000007c0000000)
  eden space 65536K, 100% used [0x000000076ab00000,0x000000076eb00000,0x000000076eb00000)
  from space 10752K, 0% used [0x000000076f580000,0x000000076f580000,0x0000000770000000)
  to   space 10752K, 0% used [0x000000076eb00000,0x000000076eb00000,0x000000076f580000)
 ParOldGen       total 175104K, used 0K [0x00000006c0000000, 0x00000006cab00000, 0x000000076ab00000)
  object space 175104K, 0% used [0x00000006c0000000,0x00000006c0000000,0x00000006cab00000)
 Metaspace       used 19602K, capacity 19939K, committed 20096K, reserved 1067008K
  class space    used 1969K, capacity 2084K, committed 2176K, reserved 1048576K
Event: 3.814 GC heap after
Heap after GC invocations=1 (full 0):
 PSYoungGen      total 76288K, used 10731K [0x000000076ab00000, 0x0000000770000000, 0x00000007c0000000)
  eden space 65536K, 0% used [0x000000076ab00000,0x000000076ab00000,0x000000076eb00000)
  from space 10752K, 99% used [0x000000076eb00000,0x000000076f57af60,0x000000076f580000)
  to   space 10752K, 0% used [0x000000076f580000,0x000000076f580000,0x0000000770000000)
 ParOldGen       total 175104K, used 3498K [0x00000006c0000000, 0x00000006cab00000, 0x000000076ab00000)
  object space 175104K, 1% used [0x00000006c0000000,0x00000006c036a818,0x00000006cab00000)
 Metaspace       used 19602K, capacity 19939K, committed 20096K, reserved 1067008K
  class space    used 1969K, capacity 2084K, committed 2176K, reserved 1048576K
}
Event: 3.869 GC heap before
{Heap before GC invocations=2 (full 0):
 PSYoungGen      total 76288K, used 33314K [0x000000076ab00000, 0x0000000770000000, 0x00000007c0000000)
  eden space 65536K, 34% used [0x000000076ab00000,0x000000076c10da20,0x000000076eb00000)
  from space 10752K, 99% used [0x000000076eb00000,0x000000076f57af60,0x000000076f580000)
  to   space 10752K, 0% used [0x000000076f580000,0x000000076f580000,0x0000000770000000)
 ParOldGen       total 175104K, used 3498K [0x00000006c0000000, 0x00000006cab00000, 0x000000076ab00000)
  object space 175104K, 1% used [0x00000006c0000000,0x00000006c036a818,0x00000006cab00000)
 Metaspace       used 20911K, capacity 21208K, committed 21296K, reserved 1069056K
  class space    used 1998K, capacity 2116K, committed 2176K, reserved 1048576K
Event: 3.878 GC heap after
Heap after GC invocations=2 (full 0):
 PSYoungGen      total 76288K, used 10734K [0x000000076ab00000, 0x0000000774000000, 0x00000007c0000000)
  eden space 65536K, 0% used [0x000000076ab00000,0x000000076ab00000,0x000000076eb00000)
  from space 10752K, 99% used [0x000000076f580000,0x000000076fffbbb0,0x0000000770000000)
  to   space 10752K, 0% used [0x000000076eb00000,0x000000076eb00000,0x000000076f580000)
 ParOldGen       total 175104K, used 8738K [0x00000006c0000000, 0x00000006cab00000, 0x000000076ab00000)
  object space 175104K, 4% used [0x00000006c0000000,0x00000006c0888a80,0x00000006cab00000)
 Metaspace       used 20911K, capacity 21208K, committed 21296K, reserved 1069056K
  class space    used 1998K, capacity 2116K, committed 2176K, reserved 1048576K
}
Event: 3.878 GC heap before
{Heap before GC invocations=3 (full 1):
 PSYoungGen      total 76288K, used 10734K [0x000000076ab00000, 0x0000000774000000, 0x00000007c0000000)
  eden space 65536K, 0% used [0x000000076ab00000,0x000000076ab00000,0x000000076eb00000)
  from space 10752K, 99% used [0x000000076f580000,0x000000076fffbbb0,0x0000000770000000)
  to   space 10752K, 0% used [0x000000076eb00000,0x000000076eb00000,0x000000076f580000)
 ParOldGen       total 175104K, used 8738K [0x00000006c0000000, 0x00000006cab00000, 0x000000076ab00000)
  object space 175104K, 4% used [0x00000006c0000000,0x00000006c0888a80,0x00000006cab00000)
 Metaspace       used 20911K, capacity 21208K, committed 21296K, reserved 1069056K
  class space    used 1998K, capacity 2116K, committed 2176K, reserved 1048576K
Event: 3.906 GC heap after
Heap after GC invocations=3 (full 1):
 PSYoungGen      total 76288K, used 0K [0x000000076ab00000, 0x0000000774000000, 0x00000007c0000000)
  eden space 65536K, 0% used [0x000000076ab00000,0x000000076ab00000,0x000000076eb00000)
  from space 10752K, 0% used [0x000000076f580000,0x000000076f580000,0x0000000770000000)
  to   space 10752K, 0% used [0x000000076eb00000,0x000000076eb00000,0x000000076f580000)
 ParOldGen       total 93696K, used 16605K [0x00000006c0000000, 0x00000006c5b80000, 0x000000076ab00000)
  object space 93696K, 17% used [0x00000006c0000000,0x00000006c1037798,0x00000006c5b80000)
 Metaspace       used 20911K, capacity 21208K, committed 21296K, reserved 1069056K
  class space    used 1998K, capacity 2116K, committed 2176K, reserved 1048576K
}
Event: 6.684 GC heap before
{Heap before GC invocations=4 (full 1):
 PSYoungGen      total 76288K, used 65536K [0x000000076ab00000, 0x0000000774000000, 0x00000007c0000000)
  eden space 65536K, 100% used [0x000000076ab00000,0x000000076eb00000,0x000000076eb00000)
  from space 10752K, 0% used [0x000000076f580000,0x000000076f580000,0x0000000770000000)
  to   space 10752K, 0% used [0x000000076eb00000,0x000000076eb00000,0x000000076f580000)
 ParOldGen       total 93696K, used 16605K [0x00000006c0000000, 0x00000006c5b80000, 0x000000076ab00000)
  object space 93696K, 17% used [0x00000006c0000000,0x00000006c1037798,0x00000006c5b80000)
 Metaspace       used 27056K, capacity 27375K, committed 27648K, reserved 1075200K
  class space    used 2131K, capacity 2245K, committed 2304K, reserved 1048576K
Event: 6.689 GC heap after
Heap after GC invocations=4 (full 1):
 PSYoungGen      total 76288K, used 10751K [0x000000076ab00000, 0x0000000773880000, 0x00000007c0000000)
  eden space 65536K, 0% used [0x000000076ab00000,0x000000076ab00000,0x000000076eb00000)
  from space 10752K, 99% used [0x000000076eb00000,0x000000076f57fc98,0x000000076f580000)
  to   space 10752K, 0% used [0x0000000772e00000,0x0000000772e00000,0x0000000773880000)
 ParOldGen       total 93696K, used 16646K [0x00000006c0000000, 0x00000006c5b80000, 0x000000076ab00000)
  object space 93696K, 17% used [0x00000006c0000000,0x00000006c1041a00,0x00000006c5b80000)
 Metaspace       used 27056K, capacity 27375K, committed 27648K, reserved 1075200K
  class space    used 2131K, capacity 2245K, committed 2304K, reserved 1048576K
}

