# JRE version: OpenJDK Runtime Environment (8.0_242-b08) (build 1.8.0_242-b08)
# Java VM: OpenJDK 64-Bit Server VM (25.242-b08 mixed mode bsd-amd64 compressed oops)
Heap:
 PSYoungGen      total 327168K, used 32809K [0x000000076ab00000, 0x0000000780800000, 0x00000007c0000000)
  eden space 320512K, 10% used [0x000000076ab00000,0x000000076cac2408,0x000000077e400000)
  from space 6656K, 4% used [0x0000000780180000,0x00000007801c8000,0x0000000780800000)
  to   space 18432K, 0% used [0x000000077e400000,0x000000077e400000,0x000000077f600000)
 ParOldGen       total 96256K, used 27755K [0x00000006c0000000, 0x00000006c5e00000, 0x000000076ab00000)
  object space 96256K, 28% used [0x00000006c0000000,0x00000006c1b1ac98,0x00000006c5e00000)
 Metaspace       used 27847K, capacity 28251K, committed 28416K, reserved 1075200K
  class space    used 2166K, capacity 2281K, committed 2304K, reserved 1048576K
GC Heap History (10 events):
Event: 12.955 GC heap before
{Heap before GC invocations=5 (full 1):
 PSYoungGen      total 76288K, used 74424K [0x000000076ab00000, 0x0000000773600000, 0x00000007c0000000)
  eden space 65536K, 100% used [0x000000076ab00000,0x000000076eb00000,0x000000076eb00000)
  from space 10752K, 82% used [0x000000076eb00000,0x000000076f3ae0c8,0x000000076f580000)
  to   space 10752K, 0% used [0x0000000772b80000,0x0000000772b80000,0x0000000773600000)
 ParOldGen       total 96256K, used 16619K [0x00000006c0000000, 0x00000006c5e00000, 0x000000076ab00000)
  object space 96256K, 17% used [0x00000006c0000000,0x00000006c103ae68,0x00000006c5e00000)
 Metaspace       used 27738K, capacity 28117K, committed 28416K, reserved 1075200K
  class space    used 2152K, capacity 2278K, committed 2304K, reserved 1048576K
Event: 12.962 GC heap after
Heap after GC invocations=5 (full 1):
 PSYoungGen      total 129024K, used 10595K [0x000000076ab00000, 0x0000000773600000, 0x00000007c0000000)
  eden space 118272K, 0% used [0x000000076ab00000,0x000000076ab00000,0x0000000771e80000)
  from space 10752K, 98% used [0x0000000772b80000,0x00000007735d8cd8,0x0000000773600000)
  to   space 10752K, 0% used [0x0000000772100000,0x0000000772100000,0x0000000772b80000)
 ParOldGen       total 96256K, used 17395K [0x00000006c0000000, 0x00000006c5e00000, 0x000000076ab00000)
  object space 96256K, 18% used [0x00000006c0000000,0x00000006c10fce98,0x00000006c5e00000)
 Metaspace       used 27738K, capacity 28117K, committed 28416K, reserved 1075200K
  class space    used 2152K, capacity 2278K, committed 2304K, reserved 1048576K
}
Event: 32.171 GC heap before
{Heap before GC invocations=6 (full 1):
 PSYoungGen      total 129024K, used 128867K [0x000000076ab00000, 0x0000000773600000, 0x00000007c0000000)
  eden space 118272K, 100% used [0x000000076ab00000,0x0000000771e80000,0x0000000771e80000)
  from space 10752K, 98% used [0x0000000772b80000,0x00000007735d8cd8,0x0000000773600000)
  to   space 10752K, 0% used [0x0000000772100000,0x0000000772100000,0x0000000772b80000)
 ParOldGen       total 96256K, used 17395K [0x00000006c0000000, 0x00000006c5e00000, 0x000000076ab00000)
  object space 96256K, 18% used [0x00000006c0000000,0x00000006c10fce98,0x00000006c5e00000)
 Metaspace       used 27750K, capacity 28117K, committed 28416K, reserved 1075200K
  class space    used 2152K, capacity 2278K, committed 2304K, reserved 1048576K
Event: 32.177 GC heap after
Heap after GC invocations=6 (full 1):
 PSYoungGen      total 131584K, used 10577K [0x000000076ab00000, 0x0000000779780000, 0x00000007c0000000)
  eden space 120832K, 0% used [0x000000076ab00000,0x000000076ab00000,0x0000000772100000)
  from space 10752K, 98% used [0x0000000772100000,0x0000000772b54700,0x0000000772b80000)
  to   space 17408K, 0% used [0x0000000778680000,0x0000000778680000,0x0000000779780000)
 ParOldGen       total 96256K, used 17403K [0x00000006c0000000, 0x00000006c5e00000, 0x000000076ab00000)
  object space 96256K, 18% used [0x00000006c0000000,0x00000006c10fee98,0x00000006c5e00000)
 Metaspace       used 27750K, capacity 28117K, committed 28416K, reserved 1075200K
  class space    used 2152K, capacity 2278K, committed 2304K, reserved 1048576K
}
Event: 52.171 GC heap before
{Heap before GC invocations=7 (full 1):
 PSYoungGen      total 131584K, used 131409K [0x000000076ab00000, 0x0000000779780000, 0x00000007c0000000)
  eden space 120832K, 100% used [0x000000076ab00000,0x0000000772100000,0x0000000772100000)
  from space 10752K, 98% used [0x0000000772100000,0x0000000772b54700,0x0000000772b80000)
  to   space 17408K, 0% used [0x0000000778680000,0x0000000778680000,0x0000000779780000)
 ParOldGen       total 96256K, used 17403K [0x00000006c0000000, 0x00000006c5e00000, 0x000000076ab00000)
  object space 96256K, 18% used [0x00000006c0000000,0x00000006c10fee98,0x00000006c5e00000)
 Metaspace       used 27750K, capacity 28117K, committed 28416K, reserved 1075200K
  class space    used 2152K, capacity 2278K, committed 2304K, reserved 1048576K
Event: 52.179 GC heap after
Heap after GC invocations=7 (full 1):
 PSYoungGen      total 218624K, used 10513K [0x000000076ab00000, 0x0000000779400000, 0x00000007c0000000)
  eden space 204800K, 0% used [0x000000076ab00000,0x000000076ab00000,0x0000000777300000)
  from space 13824K, 76% used [0x0000000778680000,0x00000007790c4700,0x0000000779400000)
  to   space 16896K, 0% used [0x0000000777300000,0x0000000777300000,0x0000000778380000)
 ParOldGen       total 96256K, used 17411K [0x00000006c0000000, 0x00000006c5e00000, 0x000000076ab00000)
  object space 96256K, 18% used [0x00000006c0000000,0x00000006c1100e98,0x00000006c5e00000)
 Metaspace       used 27750K, capacity 28117K, committed 28416K, reserved 1075200K
  class space    used 2152K, capacity 2278K, committed 2304K, reserved 1048576K
}
Event: 86.454 GC heap before
{Heap before GC invocations=8 (full 1):
 PSYoungGen      total 218624K, used 215313K [0x000000076ab00000, 0x0000000779400000, 0x00000007c0000000)
  eden space 204800K, 100% used [0x000000076ab00000,0x0000000777300000,0x0000000777300000)
  from space 13824K, 76% used [0x0000000778680000,0x00000007790c4700,0x0000000779400000)
  to   space 16896K, 0% used [0x0000000777300000,0x0000000777300000,0x0000000778380000)
 ParOldGen       total 96256K, used 17411K [0x00000006c0000000, 0x00000006c5e00000, 0x000000076ab00000)
  object space 96256K, 18% used [0x00000006c0000000,0x00000006c1100e98,0x00000006c5e00000)
 Metaspace       used 27750K, capacity 28117K, committed 28416K, reserved 1075200K
  class space    used 2152K, capacity 2278K, committed 2304K, reserved 1048576K
Event: 86.460 GC heap after
Heap after GC invocations=8 (full 1):
 PSYoungGen      total 221696K, used 10546K [0x000000076ab00000, 0x0000000781180000, 0x00000007c0000000)
  eden space 204800K, 0% used [0x000000076ab00000,0x000000076ab00000,0x0000000777300000)
  from space 16896K, 62% used [0x0000000777300000,0x0000000777d4cb68,0x0000000778380000)
  to   space 16384K, 0% used [0x0000000780180000,0x0000000780180000,0x0000000781180000)
 ParOldGen       total 96256K, used 17419K [0x00000006c0000000, 0x00000006c5e00000, 0x000000076ab00000)
  object space 96256K, 18% used [0x00000006c0000000,0x00000006c1102e98,0x00000006c5e00000)
 Metaspace       used 27750K, capacity 28117K, committed 28416K, reserved 1075200K
  class space    used 2152K, capacity 2278K, committed 2304K, reserved 1048576K
}
Event: 119.572 GC heap before
{Heap before GC invocations=9 (full 1):
 PSYoungGen      total 221696K, used 215346K [0x000000076ab00000, 0x0000000781180000, 0x00000007c0000000)
  eden space 204800K, 100% used [0x000000076ab00000,0x0000000777300000,0x0000000777300000)
  from space 16896K, 62% used [0x0000000777300000,0x0000000777d4cb68,0x0000000778380000)
  to   space 16384K, 0% used [0x0000000780180000,0x0000000780180000,0x0000000781180000)
 ParOldGen       total 96256K, used 17419K [0x00000006c0000000, 0x00000006c5e00000, 0x000000076ab00000)
  object space 96256K, 18% used [0x00000006c0000000,0x00000006c1102e98,0x00000006c5e00000)
 Metaspace       used 27751K, capacity 28117K, committed 28416K, reserved 1075200K
  class space    used 2153K, capacity 2278K, committed 2304K, reserved 1048576K
Event: 119.579 GC heap after
Heap after GC invocations=9 (full 1):
 PSYoungGen      total 327168K, used 288K [0x000000076ab00000, 0x0000000780800000, 0x00000007c0000000)
  eden space 320512K, 0% used [0x000000076ab00000,0x000000076ab00000,0x000000077e400000)
  from space 6656K, 4% used [0x0000000780180000,0x00000007801c8000,0x0000000780800000)
  to   space 18432K, 0% used [0x000000077e400000,0x000000077e400000,0x000000077f600000)
 ParOldGen       total 96256K, used 27755K [0x00000006c0000000, 0x00000006c5e00000, 0x000000076ab00000)
  object space 96256K, 28% used [0x00000006c0000000,0x00000006c1b1ac98,0x00000006c5e00000)
 Metaspace       used 27751K, capacity 28117K, committed 28416K, reserved 1075200K
  class space    used 2153K, capacity 2278K, committed 2304K, reserved 1048576K
}

