# JRE version: OpenJDK Runtime Environment (8.0_242-b08) (build 1.8.0_242-b08)
# Java VM: OpenJDK 64-Bit Server VM (25.242-b08 mixed mode bsd-amd64 compressed oops)
Heap:
 PSYoungGen      total 74752K, used 39739K [0x000000076ab00000, 0x0000000770880000, 0x00000007c0000000)
  eden space 64000K, 45% used [0x000000076ab00000,0x000000076c75d810,0x000000076e980000)
  from space 10752K, 99% used [0x000000076eb00000,0x000000076f571640,0x000000076f580000)
  to   space 15872K, 0% used [0x000000076f900000,0x000000076f900000,0x0000000770880000)
 ParOldGen       total 75264K, used 14851K [0x00000006c0000000, 0x00000006c4980000, 0x000000076ab00000)
  object space 75264K, 19% used [0x00000006c0000000,0x00000006c0e80c68,0x00000006c4980000)
 Metaspace       used 24438K, capacity 24905K, committed 25088K, reserved 1071104K
  class space    used 2386K, capacity 2537K, committed 2560K, reserved 1048576K
GC Heap History (10 events):
Event: 3.713 GC heap before
{Heap before GC invocations=2 (full 1):
 PSYoungGen      total 76288K, used 9649K [0x000000076ab00000, 0x0000000770000000, 0x00000007c0000000)
  eden space 65536K, 0% used [0x000000076ab00000,0x000000076ab00000,0x000000076eb00000)
  from space 10752K, 89% used [0x000000076eb00000,0x000000076f46c4e8,0x000000076f580000)
  to   space 10752K, 0% used [0x000000076f580000,0x000000076f580000,0x0000000770000000)
 ParOldGen       total 175104K, used 16K [0x00000006c0000000, 0x00000006cab00000, 0x000000076ab00000)
  object space 175104K, 0% used [0x00000006c0000000,0x00000006c0004000,0x00000006cab00000)
 Metaspace       used 20776K, capacity 21149K, committed 21248K, reserved 1069056K
  class space    used 2112K, capacity 2229K, committed 2304K, reserved 1048576K
Event: 3.738 GC heap after
Heap after GC invocations=2 (full 1):
 PSYoungGen      total 76288K, used 0K [0x000000076ab00000, 0x0000000770000000, 0x00000007c0000000)
  eden space 65536K, 0% used [0x000000076ab00000,0x000000076ab00000,0x000000076eb00000)
  from space 10752K, 0% used [0x000000076eb00000,0x000000076eb00000,0x000000076f580000)
  to   space 10752K, 0% used [0x000000076f580000,0x000000076f580000,0x0000000770000000)
 ParOldGen       total 75264K, used 9228K [0x00000006c0000000, 0x00000006c4980000, 0x000000076ab00000)
  object space 75264K, 12% used [0x00000006c0000000,0x00000006c0903250,0x00000006c4980000)
 Metaspace       used 20776K, capacity 21149K, committed 21248K, reserved 1069056K
  class space    used 2112K, capacity 2229K, committed 2304K, reserved 1048576K
}
Event: 6.798 GC heap before
{Heap before GC invocations=3 (full 1):
 PSYoungGen      total 76288K, used 65536K [0x000000076ab00000, 0x0000000770000000, 0x00000007c0000000)
  eden space 65536K, 100% used [0x000000076ab00000,0x000000076eb00000,0x000000076eb00000)
  from space 10752K, 0% used [0x000000076eb00000,0x000000076eb00000,0x000000076f580000)
  to   space 10752K, 0% used [0x000000076f580000,0x000000076f580000,0x0000000770000000)
 ParOldGen       total 75264K, used 9228K [0x00000006c0000000, 0x00000006c4980000, 0x000000076ab00000)
  object space 75264K, 12% used [0x00000006c0000000,0x00000006c0903250,0x00000006c4980000)
 Metaspace       used 23951K, capacity 24345K, committed 24576K, reserved 1071104K
  class space    used 2371K, capacity 2501K, committed 2560K, reserved 1048576K
Event: 6.806 GC heap after
Heap after GC invocations=3 (full 1):
 PSYoungGen      total 76288K, used 10741K [0x000000076ab00000, 0x0000000770000000, 0x00000007c0000000)
  eden space 65536K, 0% used [0x000000076ab00000,0x000000076ab00000,0x000000076eb00000)
  from space 10752K, 99% used [0x000000076f580000,0x000000076fffd690,0x0000000770000000)
  to   space 10752K, 0% used [0x000000076eb00000,0x000000076eb00000,0x000000076f580000)
 ParOldGen       total 75264K, used 14803K [0x00000006c0000000, 0x00000006c4980000, 0x000000076ab00000)
  object space 75264K, 19% used [0x00000006c0000000,0x00000006c0e74c68,0x00000006c4980000)
 Metaspace       used 23951K, capacity 24345K, committed 24576K, reserved 1071104K
  class space    used 2371K, capacity 2501K, committed 2560K, reserved 1048576K
}
Event: 17.768 GC heap before
{Heap before GC invocations=4 (full 1):
 PSYoungGen      total 76288K, used 76277K [0x000000076ab00000, 0x0000000770000000, 0x00000007c0000000)
  eden space 65536K, 100% used [0x000000076ab00000,0x000000076eb00000,0x000000076eb00000)
  from space 10752K, 99% used [0x000000076f580000,0x000000076fffd690,0x0000000770000000)
  to   space 10752K, 0% used [0x000000076eb00000,0x000000076eb00000,0x000000076f580000)
 ParOldGen       total 75264K, used 14803K [0x00000006c0000000, 0x00000006c4980000, 0x000000076ab00000)
  object space 75264K, 19% used [0x00000006c0000000,0x00000006c0e74c68,0x00000006c4980000)
 Metaspace       used 24273K, capacity 24675K, committed 24832K, reserved 1071104K
  class space    used 2372K, capacity 2502K, committed 2560K, reserved 1048576K
Event: 17.772 GC heap after
Heap after GC invocations=4 (full 1):
 PSYoungGen      total 76288K, used 10725K [0x000000076ab00000, 0x0000000770000000, 0x00000007c0000000)
  eden space 65536K, 0% used [0x000000076ab00000,0x000000076ab00000,0x000000076eb00000)
  from space 10752K, 99% used [0x000000076eb00000,0x000000076f579660,0x000000076f580000)
  to   space 10752K, 0% used [0x000000076f580000,0x000000076f580000,0x0000000770000000)
 ParOldGen       total 75264K, used 14827K [0x00000006c0000000, 0x00000006c4980000, 0x000000076ab00000)
  object space 75264K, 19% used [0x00000006c0000000,0x00000006c0e7ac68,0x00000006c4980000)
 Metaspace       used 24273K, capacity 24675K, committed 24832K, reserved 1071104K
  class space    used 2372K, capacity 2502K, committed 2560K, reserved 1048576K
}
Event: 29.382 GC heap before
{Heap before GC invocations=5 (full 1):
 PSYoungGen      total 76288K, used 76261K [0x000000076ab00000, 0x0000000770000000, 0x00000007c0000000)
  eden space 65536K, 100% used [0x000000076ab00000,0x000000076eb00000,0x000000076eb00000)
  from space 10752K, 99% used [0x000000076eb00000,0x000000076f579660,0x000000076f580000)
  to   space 10752K, 0% used [0x000000076f580000,0x000000076f580000,0x0000000770000000)
 ParOldGen       total 75264K, used 14827K [0x00000006c0000000, 0x00000006c4980000, 0x000000076ab00000)
  object space 75264K, 19% used [0x00000006c0000000,0x00000006c0e7ac68,0x00000006c4980000)
 Metaspace       used 24277K, capacity 24675K, committed 24832K, reserved 1071104K
  class space    used 2372K, capacity 2502K, committed 2560K, reserved 1048576K
Event: 29.384 GC heap after
Heap after GC invocations=5 (full 1):
 PSYoungGen      total 76288K, used 10725K [0x000000076ab00000, 0x0000000770000000, 0x00000007c0000000)
  eden space 65536K, 0% used [0x000000076ab00000,0x000000076ab00000,0x000000076eb00000)
  from space 10752K, 99% used [0x000000076f580000,0x000000076fff9640,0x0000000770000000)
  to   space 10752K, 0% used [0x000000076eb00000,0x000000076eb00000,0x000000076f580000)
 ParOldGen       total 75264K, used 14843K [0x00000006c0000000, 0x00000006c4980000, 0x000000076ab00000)
  object space 75264K, 19% used [0x00000006c0000000,0x00000006c0e7ec68,0x00000006c4980000)
 Metaspace       used 24277K, capacity 24675K, committed 24832K, reserved 1071104K
  class space    used 2372K, capacity 2502K, committed 2560K, reserved 1048576K
}
Event: 41.081 GC heap before
{Heap before GC invocations=6 (full 1):
 PSYoungGen      total 76288K, used 76261K [0x000000076ab00000, 0x0000000770000000, 0x00000007c0000000)
  eden space 65536K, 100% used [0x000000076ab00000,0x000000076eb00000,0x000000076eb00000)
  from space 10752K, 99% used [0x000000076f580000,0x000000076fff9640,0x0000000770000000)
  to   space 10752K, 0% used [0x000000076eb00000,0x000000076eb00000,0x000000076f580000)
 ParOldGen       total 75264K, used 14843K [0x00000006c0000000, 0x00000006c4980000, 0x000000076ab00000)
  object space 75264K, 19% used [0x00000006c0000000,0x00000006c0e7ec68,0x00000006c4980000)
 Metaspace       used 24277K, capacity 24675K, committed 24832K, reserved 1071104K
  class space    used 2372K, capacity 2502K, committed 2560K, reserved 1048576K
Event: 41.085 GC heap after
Heap after GC invocations=6 (full 1):
 PSYoungGen      total 74752K, used 10693K [0x000000076ab00000, 0x0000000770880000, 0x00000007c0000000)
  eden space 64000K, 0% used [0x000000076ab00000,0x000000076ab00000,0x000000076e980000)
  from space 10752K, 99% used [0x000000076eb00000,0x000000076f571640,0x000000076f580000)
  to   space 15872K, 0% used [0x000000076f900000,0x000000076f900000,0x0000000770880000)
 ParOldGen       total 75264K, used 14851K [0x00000006c0000000, 0x00000006c4980000, 0x000000076ab00000)
  object space 75264K, 19% used [0x00000006c0000000,0x00000006c0e80c68,0x00000006c4980000)
 Metaspace       used 24277K, capacity 24675K, committed 24832K, reserved 1071104K
  class space    used 2372K, capacity 2502K, committed 2560K, reserved 1048576K
}

