# JRE version: OpenJDK Runtime Environment (8.0_242-b08) (build 1.8.0_242-b08)
# Java VM: OpenJDK 64-Bit Server VM (25.242-b08 mixed mode bsd-amd64 compressed oops)
Heap:
 PSYoungGen      total 274944K, used 164512K [0x000000076ab00000, 0x000000077d480000, 0x00000007c0000000)
  eden space 267776K, 61% used [0x000000076ab00000,0x0000000774acffe8,0x000000077b080000)
  from space 7168K, 12% used [0x000000077cd80000,0x000000077ce58020,0x000000077d480000)
  to   space 18432K, 0% used [0x000000077b080000,0x000000077b080000,0x000000077c280000)
 ParOldGen       total 102912K, used 27555K [0x00000006c0000000, 0x00000006c6480000, 0x000000076ab00000)
  object space 102912K, 26% used [0x00000006c0000000,0x00000006c1ae8c60,0x00000006c6480000)
 Metaspace       used 27429K, capacity 27779K, committed 28160K, reserved 1075200K
  class space    used 2119K, capacity 2213K, committed 2304K, reserved 1048576K
GC Heap History (10 events):
Event: 14.493 GC heap before
{Heap before GC invocations=5 (full 1):
 PSYoungGen      total 76288K, used 76197K [0x000000076ab00000, 0x0000000773180000, 0x00000007c0000000)
  eden space 65536K, 100% used [0x000000076ab00000,0x000000076eb00000,0x000000076eb00000)
  from space 10752K, 99% used [0x000000076eb00000,0x000000076f569758,0x000000076f580000)
  to   space 10752K, 0% used [0x0000000772700000,0x0000000772700000,0x0000000773180000)
 ParOldGen       total 102912K, used 17407K [0x00000006c0000000, 0x00000006c6480000, 0x000000076ab00000)
  object space 102912K, 16% used [0x00000006c0000000,0x00000006c10ffdf0,0x00000006c6480000)
 Metaspace       used 27358K, capacity 27711K, committed 27904K, reserved 1075200K
  class space    used 2107K, capacity 2211K, committed 2304K, reserved 1048576K
Event: 14.499 GC heap after
Heap after GC invocations=5 (full 1):
 PSYoungGen      total 123392K, used 10745K [0x000000076ab00000, 0x0000000773180000, 0x00000007c0000000)
  eden space 112640K, 0% used [0x000000076ab00000,0x000000076ab00000,0x0000000771900000)
  from space 10752K, 99% used [0x0000000772700000,0x000000077317e580,0x0000000773180000)
  to   space 10752K, 0% used [0x0000000771c80000,0x0000000771c80000,0x0000000772700000)
 ParOldGen       total 102912K, used 17679K [0x00000006c0000000, 0x00000006c6480000, 0x000000076ab00000)
  object space 102912K, 17% used [0x00000006c0000000,0x00000006c1143e00,0x00000006c6480000)
 Metaspace       used 27358K, capacity 27711K, committed 27904K, reserved 1075200K
  class space    used 2107K, capacity 2211K, committed 2304K, reserved 1048576K
}
Event: 28.411 GC heap before
{Heap before GC invocations=6 (full 1):
 PSYoungGen      total 123392K, used 123385K [0x000000076ab00000, 0x0000000773180000, 0x00000007c0000000)
  eden space 112640K, 100% used [0x000000076ab00000,0x0000000771900000,0x0000000771900000)
  from space 10752K, 99% used [0x0000000772700000,0x000000077317e580,0x0000000773180000)
  to   space 10752K, 0% used [0x0000000771c80000,0x0000000771c80000,0x0000000772700000)
 ParOldGen       total 102912K, used 17679K [0x00000006c0000000, 0x00000006c6480000, 0x000000076ab00000)
  object space 102912K, 17% used [0x00000006c0000000,0x00000006c1143e00,0x00000006c6480000)
 Metaspace       used 27367K, capacity 27711K, committed 27904K, reserved 1075200K
  class space    used 2107K, capacity 2211K, committed 2304K, reserved 1048576K
Event: 28.417 GC heap after
Heap after GC invocations=6 (full 1):
 PSYoungGen      total 126976K, used 10521K [0x000000076ab00000, 0x0000000778400000, 0x00000007c0000000)
  eden space 116224K, 0% used [0x000000076ab00000,0x000000076ab00000,0x0000000771c80000)
  from space 10752K, 97% used [0x0000000771c80000,0x00000007726c6570,0x0000000772700000)
  to   space 17920K, 0% used [0x0000000777280000,0x0000000777280000,0x0000000778400000)
 ParOldGen       total 102912K, used 17943K [0x00000006c0000000, 0x00000006c6480000, 0x000000076ab00000)
  object space 102912K, 17% used [0x00000006c0000000,0x00000006c1185e10,0x00000006c6480000)
 Metaspace       used 27367K, capacity 27711K, committed 27904K, reserved 1075200K
  class space    used 2107K, capacity 2211K, committed 2304K, reserved 1048576K
}
Event: 42.977 GC heap before
{Heap before GC invocations=7 (full 1):
 PSYoungGen      total 126976K, used 126745K [0x000000076ab00000, 0x0000000778400000, 0x00000007c0000000)
  eden space 116224K, 100% used [0x000000076ab00000,0x0000000771c80000,0x0000000771c80000)
  from space 10752K, 97% used [0x0000000771c80000,0x00000007726c6570,0x0000000772700000)
  to   space 17920K, 0% used [0x0000000777280000,0x0000000777280000,0x0000000778400000)
 ParOldGen       total 102912K, used 17943K [0x00000006c0000000, 0x00000006c6480000, 0x000000076ab00000)
  object space 102912K, 17% used [0x00000006c0000000,0x00000006c1185e10,0x00000006c6480000)
 Metaspace       used 27367K, capacity 27711K, committed 27904K, reserved 1075200K
  class space    used 2107K, capacity 2211K, committed 2304K, reserved 1048576K
Event: 42.982 GC heap after
Heap after GC invocations=7 (full 1):
 PSYoungGen      total 200192K, used 10506K [0x000000076ab00000, 0x0000000778180000, 0x00000007c0000000)
  eden space 184832K, 0% used [0x000000076ab00000,0x000000076ab00000,0x0000000775f80000)
  from space 15360K, 68% used [0x0000000777280000,0x0000000777cc2b48,0x0000000778180000)
  to   space 17408K, 0% used [0x0000000775f80000,0x0000000775f80000,0x0000000777080000)
 ParOldGen       total 102912K, used 17951K [0x00000006c0000000, 0x00000006c6480000, 0x000000076ab00000)
  object space 102912K, 17% used [0x00000006c0000000,0x00000006c1187e10,0x00000006c6480000)
 Metaspace       used 27367K, capacity 27711K, committed 27904K, reserved 1075200K
  class space    used 2107K, capacity 2211K, committed 2304K, reserved 1048576K
}
Event: 66.127 GC heap before
{Heap before GC invocations=8 (full 1):
 PSYoungGen      total 200192K, used 195338K [0x000000076ab00000, 0x0000000778180000, 0x00000007c0000000)
  eden space 184832K, 100% used [0x000000076ab00000,0x0000000775f80000,0x0000000775f80000)
  from space 15360K, 68% used [0x0000000777280000,0x0000000777cc2b48,0x0000000778180000)
  to   space 17408K, 0% used [0x0000000775f80000,0x0000000775f80000,0x0000000777080000)
 ParOldGen       total 102912K, used 17951K [0x00000006c0000000, 0x00000006c6480000, 0x000000076ab00000)
  object space 102912K, 17% used [0x00000006c0000000,0x00000006c1187e10,0x00000006c6480000)
 Metaspace       used 27367K, capacity 27711K, committed 27904K, reserved 1075200K
  class space    used 2107K, capacity 2211K, committed 2304K, reserved 1048576K
Event: 66.135 GC heap after
Heap after GC invocations=8 (full 1):
 PSYoungGen      total 202240K, used 10523K [0x000000076ab00000, 0x000000077de00000, 0x00000007c0000000)
  eden space 184832K, 0% used [0x000000076ab00000,0x000000076ab00000,0x0000000775f80000)
  from space 17408K, 60% used [0x0000000775f80000,0x00000007769c6cb8,0x0000000777080000)
  to   space 16896K, 0% used [0x000000077cd80000,0x000000077cd80000,0x000000077de00000)
 ParOldGen       total 102912K, used 17951K [0x00000006c0000000, 0x00000006c6480000, 0x000000076ab00000)
  object space 102912K, 17% used [0x00000006c0000000,0x00000006c1187e10,0x00000006c6480000)
 Metaspace       used 27367K, capacity 27711K, committed 27904K, reserved 1075200K
  class space    used 2107K, capacity 2211K, committed 2304K, reserved 1048576K
}
Event: 89.359 GC heap before
{Heap before GC invocations=9 (full 1):
 PSYoungGen      total 202240K, used 195355K [0x000000076ab00000, 0x000000077de00000, 0x00000007c0000000)
  eden space 184832K, 100% used [0x000000076ab00000,0x0000000775f80000,0x0000000775f80000)
  from space 17408K, 60% used [0x0000000775f80000,0x00000007769c6cb8,0x0000000777080000)
  to   space 16896K, 0% used [0x000000077cd80000,0x000000077cd80000,0x000000077de00000)
 ParOldGen       total 102912K, used 17951K [0x00000006c0000000, 0x00000006c6480000, 0x000000076ab00000)
  object space 102912K, 17% used [0x00000006c0000000,0x00000006c1187e10,0x00000006c6480000)
 Metaspace       used 27367K, capacity 27711K, committed 27904K, reserved 1075200K
  class space    used 2107K, capacity 2211K, committed 2304K, reserved 1048576K
Event: 89.367 GC heap after
Heap after GC invocations=9 (full 1):
 PSYoungGen      total 274944K, used 864K [0x000000076ab00000, 0x000000077d480000, 0x00000007c0000000)
  eden space 267776K, 0% used [0x000000076ab00000,0x000000076ab00000,0x000000077b080000)
  from space 7168K, 12% used [0x000000077cd80000,0x000000077ce58020,0x000000077d480000)
  to   space 18432K, 0% used [0x000000077b080000,0x000000077b080000,0x000000077c280000)
 ParOldGen       total 102912K, used 27555K [0x00000006c0000000, 0x00000006c6480000, 0x000000076ab00000)
  object space 102912K, 26% used [0x00000006c0000000,0x00000006c1ae8c60,0x00000006c6480000)
 Metaspace       used 27367K, capacity 27711K, committed 27904K, reserved 1075200K
  class space    used 2107K, capacity 2211K, committed 2304K, reserved 1048576K
}

