# JRE version: OpenJDK Runtime Environment (8.0_242-b08) (build 1.8.0_242-b08)
# Java VM: OpenJDK 64-Bit Server VM (25.242-b08 mixed mode bsd-amd64 compressed oops)
Heap:
 PSYoungGen      total 175104K, used 57504K [0x000000076ab00000, 0x000000077a100000, 0x00000007c0000000)
  eden space 157696K, 29% used [0x000000076ab00000,0x000000076d8cd628,0x0000000774500000)
  from space 17408K, 60% used [0x0000000774500000,0x0000000774f5ab68,0x0000000775600000)
  to   space 16896K, 0% used [0x0000000779080000,0x0000000779080000,0x000000077a100000)
 ParOldGen       total 110080K, used 17962K [0x00000006c0000000, 0x00000006c6b80000, 0x000000076ab00000)
  object space 110080K, 16% used [0x00000006c0000000,0x00000006c118a938,0x00000006c6b80000)
 Metaspace       used 27526K, capacity 27885K, committed 28160K, reserved 1075200K
  class space    used 2146K, capacity 2248K, committed 2304K, reserved 1048576K
GC Heap History (10 events):
Event: 6.479 GC heap before
{Heap before GC invocations=4 (full 1):
 PSYoungGen      total 76288K, used 65536K [0x000000076ab00000, 0x0000000774000000, 0x00000007c0000000)
  eden space 65536K, 100% used [0x000000076ab00000,0x000000076eb00000,0x000000076eb00000)
  from space 10752K, 0% used [0x000000076f580000,0x000000076f580000,0x0000000770000000)
  to   space 10752K, 0% used [0x000000076eb00000,0x000000076eb00000,0x000000076f580000)
 ParOldGen       total 110080K, used 17410K [0x00000006c0000000, 0x00000006c6b80000, 0x000000076ab00000)
  object space 110080K, 15% used [0x00000006c0000000,0x00000006c1100918,0x00000006c6b80000)
 Metaspace       used 27071K, capacity 27427K, committed 27648K, reserved 1075200K
  class space    used 2129K, capacity 2245K, committed 2304K, reserved 1048576K
Event: 6.484 GC heap after
Heap after GC invocations=4 (full 1):
 PSYoungGen      total 76288K, used 10751K [0x000000076ab00000, 0x0000000772a00000, 0x00000007c0000000)
  eden space 65536K, 0% used [0x000000076ab00000,0x000000076ab00000,0x000000076eb00000)
  from space 10752K, 99% used [0x000000076eb00000,0x000000076f57fdf8,0x000000076f580000)
  to   space 10752K, 0% used [0x0000000771f80000,0x0000000771f80000,0x0000000772a00000)
 ParOldGen       total 110080K, used 17418K [0x00000006c0000000, 0x00000006c6b80000, 0x000000076ab00000)
  object space 110080K, 15% used [0x00000006c0000000,0x00000006c1102918,0x00000006c6b80000)
 Metaspace       used 27071K, capacity 27427K, committed 27648K, reserved 1075200K
  class space    used 2129K, capacity 2245K, committed 2304K, reserved 1048576K
}
Event: 13.759 GC heap before
{Heap before GC invocations=5 (full 1):
 PSYoungGen      total 76288K, used 76287K [0x000000076ab00000, 0x0000000772a00000, 0x00000007c0000000)
  eden space 65536K, 100% used [0x000000076ab00000,0x000000076eb00000,0x000000076eb00000)
  from space 10752K, 99% used [0x000000076eb00000,0x000000076f57fdf8,0x000000076f580000)
  to   space 10752K, 0% used [0x0000000771f80000,0x0000000771f80000,0x0000000772a00000)
 ParOldGen       total 110080K, used 17418K [0x00000006c0000000, 0x00000006c6b80000, 0x000000076ab00000)
  object space 110080K, 15% used [0x00000006c0000000,0x00000006c1102918,0x00000006c6b80000)
 Metaspace       used 27418K, capacity 27747K, committed 27904K, reserved 1075200K
  class space    used 2129K, capacity 2245K, committed 2304K, reserved 1048576K
Event: 13.765 GC heap after
Heap after GC invocations=5 (full 1):
 PSYoungGen      total 114688K, used 10570K [0x000000076ab00000, 0x0000000772a00000, 0x00000007c0000000)
  eden space 103936K, 0% used [0x000000076ab00000,0x000000076ab00000,0x0000000771080000)
  from space 10752K, 98% used [0x0000000771f80000,0x00000007729d2b48,0x0000000772a00000)
  to   space 10752K, 0% used [0x0000000771500000,0x0000000771500000,0x0000000771f80000)
 ParOldGen       total 110080K, used 17938K [0x00000006c0000000, 0x00000006c6b80000, 0x000000076ab00000)
  object space 110080K, 16% used [0x00000006c0000000,0x00000006c1184938,0x00000006c6b80000)
 Metaspace       used 27418K, capacity 27747K, committed 27904K, reserved 1075200K
  class space    used 2129K, capacity 2245K, committed 2304K, reserved 1048576K
}
Event: 26.725 GC heap before
{Heap before GC invocations=6 (full 1):
 PSYoungGen      total 114688K, used 114506K [0x000000076ab00000, 0x0000000772a00000, 0x00000007c0000000)
  eden space 103936K, 100% used [0x000000076ab00000,0x0000000771080000,0x0000000771080000)
  from space 10752K, 98% used [0x0000000771f80000,0x00000007729d2b48,0x0000000772a00000)
  to   space 10752K, 0% used [0x0000000771500000,0x0000000771500000,0x0000000771f80000)
 ParOldGen       total 110080K, used 17938K [0x00000006c0000000, 0x00000006c6b80000, 0x000000076ab00000)
  object space 110080K, 16% used [0x00000006c0000000,0x00000006c1184938,0x00000006c6b80000)
 Metaspace       used 27424K, capacity 27747K, committed 27904K, reserved 1075200K
  class space    used 2129K, capacity 2245K, committed 2304K, reserved 1048576K
Event: 26.731 GC heap after
Heap after GC invocations=6 (full 1):
 PSYoungGen      total 119296K, used 10538K [0x000000076ab00000, 0x0000000776800000, 0x00000007c0000000)
  eden space 108544K, 0% used [0x000000076ab00000,0x000000076ab00000,0x0000000771500000)
  from space 10752K, 98% used [0x0000000771500000,0x0000000771f4ab68,0x0000000771f80000)
  to   space 17920K, 0% used [0x0000000775680000,0x0000000775680000,0x0000000776800000)
 ParOldGen       total 110080K, used 17946K [0x00000006c0000000, 0x00000006c6b80000, 0x000000076ab00000)
  object space 110080K, 16% used [0x00000006c0000000,0x00000006c1186938,0x00000006c6b80000)
 Metaspace       used 27424K, capacity 27747K, committed 27904K, reserved 1075200K
  class space    used 2129K, capacity 2245K, committed 2304K, reserved 1048576K
}
Event: 40.257 GC heap before
{Heap before GC invocations=7 (full 1):
 PSYoungGen      total 119296K, used 119082K [0x000000076ab00000, 0x0000000776800000, 0x00000007c0000000)
  eden space 108544K, 100% used [0x000000076ab00000,0x0000000771500000,0x0000000771500000)
  from space 10752K, 98% used [0x0000000771500000,0x0000000771f4ab68,0x0000000771f80000)
  to   space 17920K, 0% used [0x0000000775680000,0x0000000775680000,0x0000000776800000)
 ParOldGen       total 110080K, used 17946K [0x00000006c0000000, 0x00000006c6b80000, 0x000000076ab00000)
  object space 110080K, 16% used [0x00000006c0000000,0x00000006c1186938,0x00000006c6b80000)
 Metaspace       used 27425K, capacity 27747K, committed 27904K, reserved 1075200K
  class space    used 2129K, capacity 2245K, committed 2304K, reserved 1048576K
Event: 40.263 GC heap after
Heap after GC invocations=7 (full 1):
 PSYoungGen      total 174592K, used 10585K [0x000000076ab00000, 0x0000000776700000, 0x00000007c0000000)
  eden space 157696K, 0% used [0x000000076ab00000,0x000000076ab00000,0x0000000774500000)
  from space 16896K, 62% used [0x0000000775680000,0x00000007760d6590,0x0000000776700000)
  to   space 17408K, 0% used [0x0000000774500000,0x0000000774500000,0x0000000775600000)
 ParOldGen       total 110080K, used 17954K [0x00000006c0000000, 0x00000006c6b80000, 0x000000076ab00000)
  object space 110080K, 16% used [0x00000006c0000000,0x00000006c1188938,0x00000006c6b80000)
 Metaspace       used 27425K, capacity 27747K, committed 27904K, reserved 1075200K
  class space    used 2129K, capacity 2245K, committed 2304K, reserved 1048576K
}
Event: 60.073 GC heap before
{Heap before GC invocations=8 (full 1):
 PSYoungGen      total 174592K, used 168281K [0x000000076ab00000, 0x0000000776700000, 0x00000007c0000000)
  eden space 157696K, 100% used [0x000000076ab00000,0x0000000774500000,0x0000000774500000)
  from space 16896K, 62% used [0x0000000775680000,0x00000007760d6590,0x0000000776700000)
  to   space 17408K, 0% used [0x0000000774500000,0x0000000774500000,0x0000000775600000)
 ParOldGen       total 110080K, used 17954K [0x00000006c0000000, 0x00000006c6b80000, 0x000000076ab00000)
  object space 110080K, 16% used [0x00000006c0000000,0x00000006c1188938,0x00000006c6b80000)
 Metaspace       used 27425K, capacity 27747K, committed 27904K, reserved 1075200K
  class space    used 2129K, capacity 2245K, committed 2304K, reserved 1048576K
Event: 60.080 GC heap after
Heap after GC invocations=8 (full 1):
 PSYoungGen      total 175104K, used 10602K [0x000000076ab00000, 0x000000077a100000, 0x00000007c0000000)
  eden space 157696K, 0% used [0x000000076ab00000,0x000000076ab00000,0x0000000774500000)
  from space 17408K, 60% used [0x0000000774500000,0x0000000774f5ab68,0x0000000775600000)
  to   space 16896K, 0% used [0x0000000779080000,0x0000000779080000,0x000000077a100000)
 ParOldGen       total 110080K, used 17962K [0x00000006c0000000, 0x00000006c6b80000, 0x000000076ab00000)
  object space 110080K, 16% used [0x00000006c0000000,0x00000006c118a938,0x00000006c6b80000)
 Metaspace       used 27425K, capacity 27747K, committed 27904K, reserved 1075200K
  class space    used 2129K, capacity 2245K, committed 2304K, reserved 1048576K
}

