# JRE version: OpenJDK Runtime Environment (8.0_242-b08) (build 1.8.0_242-b08)
# Java VM: OpenJDK 64-Bit Server VM (25.242-b08 mixed mode bsd-amd64 compressed oops)
Heap:
 PSYoungGen      total 137216K, used 88317K [0x000000076ab00000, 0x0000000773c80000, 0x00000007c0000000)
  eden space 126464K, 61% used [0x000000076ab00000,0x000000076f6c07f8,0x0000000772680000)
  from space 10752K, 99% used [0x0000000773200000,0x0000000773c7ef10,0x0000000773c80000)
  to   space 10752K, 0% used [0x0000000772780000,0x0000000772780000,0x0000000773200000)
 ParOldGen       total 90624K, used 25512K [0x00000006c0000000, 0x00000006c5880000, 0x000000076ab00000)
  object space 90624K, 28% used [0x00000006c0000000,0x00000006c18ea2a8,0x00000006c5880000)
 Metaspace       used 25798K, capacity 26177K, committed 26496K, reserved 1073152K
  class space    used 1976K, capacity 2086K, committed 2176K, reserved 1048576K
GC Heap History (10 events):
Event: 3.548 GC heap before
{Heap before GC invocations=1 (full 0):
 PSYoungGen      total 76288K, used 65536K [0x000000076ab00000, 0x0000000770000000, 0x00000007c0000000)
  eden space 65536K, 100% used [0x000000076ab00000,0x000000076eb00000,0x000000076eb00000)
  from space 10752K, 0% used [0x000000076f580000,0x000000076f580000,0x0000000770000000)
  to   space 10752K, 0% used [0x000000076eb00000,0x000000076eb00000,0x000000076f580000)
 ParOldGen       total 175104K, used 0K [0x00000006c0000000, 0x00000006cab00000, 0x000000076ab00000)
  object space 175104K, 0% used [0x00000006c0000000,0x00000006c0000000,0x00000006cab00000)
 Metaspace       used 18350K, capacity 18699K, committed 18944K, reserved 1067008K
  class space    used 1838K, capacity 1954K, committed 2048K, reserved 1048576K
Event: 3.557 GC heap after
Heap after GC invocations=1 (full 0):
 PSYoungGen      total 76288K, used 10725K [0x000000076ab00000, 0x0000000770000000, 0x00000007c0000000)
  eden space 65536K, 0% used [0x000000076ab00000,0x000000076ab00000,0x000000076eb00000)
  from space 10752K, 99% used [0x000000076eb00000,0x000000076f579510,0x000000076f580000)
  to   space 10752K, 0% used [0x000000076f580000,0x000000076f580000,0x0000000770000000)
 ParOldGen       total 175104K, used 5343K [0x00000006c0000000, 0x00000006cab00000, 0x000000076ab00000)
  object space 175104K, 3% used [0x00000006c0000000,0x00000006c0537fb0,0x00000006cab00000)
 Metaspace       used 18350K, capacity 18699K, committed 18944K, reserved 1067008K
  class space    used 1838K, capacity 1954K, committed 2048K, reserved 1048576K
}
Event: 3.580 GC heap before
{Heap before GC invocations=2 (full 0):
 PSYoungGen      total 76288K, used 24045K [0x000000076ab00000, 0x0000000770000000, 0x00000007c0000000)
  eden space 65536K, 20% used [0x000000076ab00000,0x000000076b8020b8,0x000000076eb00000)
  from space 10752K, 99% used [0x000000076eb00000,0x000000076f579510,0x000000076f580000)
  to   space 10752K, 0% used [0x000000076f580000,0x000000076f580000,0x0000000770000000)
 ParOldGen       total 175104K, used 5343K [0x00000006c0000000, 0x00000006cab00000, 0x000000076ab00000)
  object space 175104K, 3% used [0x00000006c0000000,0x00000006c0537fb0,0x00000006cab00000)
 Metaspace       used 20768K, capacity 21088K, committed 21248K, reserved 1069056K
  class space    used 1838K, capacity 1954K, committed 2048K, reserved 1048576K
Event: 3.587 GC heap after
Heap after GC invocations=2 (full 0):
 PSYoungGen      total 76288K, used 10739K [0x000000076ab00000, 0x0000000774000000, 0x00000007c0000000)
  eden space 65536K, 0% used [0x000000076ab00000,0x000000076ab00000,0x000000076eb00000)
  from space 10752K, 99% used [0x000000076f580000,0x000000076fffcd50,0x0000000770000000)
  to   space 10752K, 0% used [0x000000076eb00000,0x000000076eb00000,0x000000076f580000)
 ParOldGen       total 175104K, used 7775K [0x00000006c0000000, 0x00000006cab00000, 0x000000076ab00000)
  object space 175104K, 4% used [0x00000006c0000000,0x00000006c0797c10,0x00000006cab00000)
 Metaspace       used 20768K, capacity 21088K, committed 21248K, reserved 1069056K
  class space    used 1838K, capacity 1954K, committed 2048K, reserved 1048576K
}
Event: 3.587 GC heap before
{Heap before GC invocations=3 (full 1):
 PSYoungGen      total 76288K, used 10739K [0x000000076ab00000, 0x0000000774000000, 0x00000007c0000000)
  eden space 65536K, 0% used [0x000000076ab00000,0x000000076ab00000,0x000000076eb00000)
  from space 10752K, 99% used [0x000000076f580000,0x000000076fffcd50,0x0000000770000000)
  to   space 10752K, 0% used [0x000000076eb00000,0x000000076eb00000,0x000000076f580000)
 ParOldGen       total 175104K, used 7775K [0x00000006c0000000, 0x00000006cab00000, 0x000000076ab00000)
  object space 175104K, 4% used [0x00000006c0000000,0x00000006c0797c10,0x00000006cab00000)
 Metaspace       used 20768K, capacity 21088K, committed 21248K, reserved 1069056K
  class space    used 1838K, capacity 1954K, committed 2048K, reserved 1048576K
Event: 3.607 GC heap after
Heap after GC invocations=3 (full 1):
 PSYoungGen      total 76288K, used 0K [0x000000076ab00000, 0x0000000774000000, 0x00000007c0000000)
  eden space 65536K, 0% used [0x000000076ab00000,0x000000076ab00000,0x000000076eb00000)
  from space 10752K, 0% used [0x000000076f580000,0x000000076f580000,0x0000000770000000)
  to   space 10752K, 0% used [0x000000076eb00000,0x000000076eb00000,0x000000076f580000)
 ParOldGen       total 90624K, used 15683K [0x00000006c0000000, 0x00000006c5880000, 0x000000076ab00000)
  object space 90624K, 17% used [0x00000006c0000000,0x00000006c0f50d28,0x00000006c5880000)
 Metaspace       used 20768K, capacity 21088K, committed 21248K, reserved 1069056K
  class space    used 1838K, capacity 1954K, committed 2048K, reserved 1048576K
}
Event: 5.791 GC heap before
{Heap before GC invocations=4 (full 1):
 PSYoungGen      total 76288K, used 65536K [0x000000076ab00000, 0x0000000774000000, 0x00000007c0000000)
  eden space 65536K, 100% used [0x000000076ab00000,0x000000076eb00000,0x000000076eb00000)
  from space 10752K, 0% used [0x000000076f580000,0x000000076f580000,0x0000000770000000)
  to   space 10752K, 0% used [0x000000076eb00000,0x000000076eb00000,0x000000076f580000)
 ParOldGen       total 90624K, used 15683K [0x00000006c0000000, 0x00000006c5880000, 0x000000076ab00000)
  object space 90624K, 17% used [0x00000006c0000000,0x00000006c0f50d28,0x00000006c5880000)
 Metaspace       used 25140K, capacity 25491K, committed 25728K, reserved 1073152K
  class space    used 1959K, capacity 2051K, committed 2176K, reserved 1048576K
Event: 5.796 GC heap after
Heap after GC invocations=4 (full 1):
 PSYoungGen      total 76288K, used 10729K [0x000000076ab00000, 0x0000000773c80000, 0x00000007c0000000)
  eden space 65536K, 0% used [0x000000076ab00000,0x000000076ab00000,0x000000076eb00000)
  from space 10752K, 99% used [0x000000076eb00000,0x000000076f57a6b0,0x000000076f580000)
  to   space 10752K, 0% used [0x0000000773200000,0x0000000773200000,0x0000000773c80000)
 ParOldGen       total 90624K, used 18350K [0x00000006c0000000, 0x00000006c5880000, 0x000000076ab00000)
  object space 90624K, 20% used [0x00000006c0000000,0x00000006c11eb870,0x00000006c5880000)
 Metaspace       used 25140K, capacity 25491K, committed 25728K, reserved 1073152K
  class space    used 1959K, capacity 2051K, committed 2176K, reserved 1048576K
}
Event: 7.488 GC heap before
{Heap before GC invocations=5 (full 1):
 PSYoungGen      total 76288K, used 76076K [0x000000076ab00000, 0x0000000773c80000, 0x00000007c0000000)
  eden space 65536K, 99% used [0x000000076ab00000,0x000000076ead0b10,0x000000076eb00000)
  from space 10752K, 99% used [0x000000076eb00000,0x000000076f57a6b0,0x000000076f580000)
  to   space 10752K, 0% used [0x0000000773200000,0x0000000773200000,0x0000000773c80000)
 ParOldGen       total 90624K, used 18350K [0x00000006c0000000, 0x00000006c5880000, 0x000000076ab00000)
  object space 90624K, 20% used [0x00000006c0000000,0x00000006c11eb870,0x00000006c5880000)
 Metaspace       used 25379K, capacity 25747K, committed 25984K, reserved 1073152K
  class space    used 1961K, capacity 2051K, committed 2176K, reserved 1048576K
Event: 7.497 GC heap after
Heap after GC invocations=5 (full 1):
 PSYoungGen      total 137216K, used 10747K [0x000000076ab00000, 0x0000000773c80000, 0x00000007c0000000)
  eden space 126464K, 0% used [0x000000076ab00000,0x000000076ab00000,0x0000000772680000)
  from space 10752K, 99% used [0x0000000773200000,0x0000000773c7ef10,0x0000000773c80000)
  to   space 10752K, 0% used [0x0000000772780000,0x0000000772780000,0x0000000773200000)
 ParOldGen       total 90624K, used 25512K [0x00000006c0000000, 0x00000006c5880000, 0x000000076ab00000)
  object space 90624K, 28% used [0x00000006c0000000,0x00000006c18ea2a8,0x00000006c5880000)
 Metaspace       used 25379K, capacity 25747K, committed 25984K, reserved 1073152K
  class space    used 1961K, capacity 2051K, committed 2176K, reserved 1048576K
}

