# JRE version: OpenJDK Runtime Environment (8.0_242-b08) (build 1.8.0_242-b08)
# Java VM: OpenJDK 64-Bit Server VM (25.242-b08 mixed mode bsd-amd64 compressed oops)
Heap:
 PSYoungGen      total 365568K, used 242351K [0x000000076ab00000, 0x0000000782d80000, 0x00000007c0000000)
  eden space 357888K, 67% used [0x000000076ab00000,0x000000077976bd58,0x0000000780880000)
  from space 7680K, 3% used [0x0000000782600000,0x0000000782640000,0x0000000782d80000)
  to   space 18944K, 0% used [0x0000000780880000,0x0000000780880000,0x0000000781b00000)
 ParOldGen       total 93696K, used 28303K [0x00000006c0000000, 0x00000006c5b80000, 0x000000076ab00000)
  object space 93696K, 30% used [0x00000006c0000000,0x00000006c1ba3cb0,0x00000006c5b80000)
 Metaspace       used 27291K, capacity 27613K, committed 27904K, reserved 1075200K
  class space    used 2128K, capacity 2246K, committed 2304K, reserved 1048576K
GC Heap History (10 events):
Event: 18.776 GC heap before
{Heap before GC invocations=5 (full 1):
 PSYoungGen      total 76288K, used 76265K [0x000000076ab00000, 0x0000000773880000, 0x00000007c0000000)
  eden space 65536K, 100% used [0x000000076ab00000,0x000000076eb00000,0x000000076eb00000)
  from space 10752K, 99% used [0x000000076eb00000,0x000000076f57a700,0x000000076f580000)
  to   space 10752K, 0% used [0x0000000772e00000,0x0000000772e00000,0x0000000773880000)
 ParOldGen       total 93696K, used 17982K [0x00000006c0000000, 0x00000006c5b80000, 0x000000076ab00000)
  object space 93696K, 19% used [0x00000006c0000000,0x00000006c118f9e8,0x00000006c5b80000)
 Metaspace       used 27223K, capacity 27609K, committed 27904K, reserved 1075200K
  class space    used 2115K, capacity 2244K, committed 2304K, reserved 1048576K
Event: 18.783 GC heap after
Heap after GC invocations=5 (full 1):
 PSYoungGen      total 132096K, used 10363K [0x000000076ab00000, 0x0000000773880000, 0x00000007c0000000)
  eden space 121344K, 0% used [0x000000076ab00000,0x000000076ab00000,0x0000000772180000)
  from space 10752K, 96% used [0x0000000772e00000,0x000000077381ecb8,0x0000000773880000)
  to   space 10752K, 0% used [0x0000000772380000,0x0000000772380000,0x0000000772e00000)
 ParOldGen       total 93696K, used 17990K [0x00000006c0000000, 0x00000006c5b80000, 0x000000076ab00000)
  object space 93696K, 19% used [0x00000006c0000000,0x00000006c11919e8,0x00000006c5b80000)
 Metaspace       used 27223K, capacity 27609K, committed 27904K, reserved 1075200K
  class space    used 2115K, capacity 2244K, committed 2304K, reserved 1048576K
}
Event: 45.377 GC heap before
{Heap before GC invocations=6 (full 1):
 PSYoungGen      total 132096K, used 131707K [0x000000076ab00000, 0x0000000773880000, 0x00000007c0000000)
  eden space 121344K, 100% used [0x000000076ab00000,0x0000000772180000,0x0000000772180000)
  from space 10752K, 96% used [0x0000000772e00000,0x000000077381ecb8,0x0000000773880000)
  to   space 10752K, 0% used [0x0000000772380000,0x0000000772380000,0x0000000772e00000)
 ParOldGen       total 93696K, used 17990K [0x00000006c0000000, 0x00000006c5b80000, 0x000000076ab00000)
  object space 93696K, 19% used [0x00000006c0000000,0x00000006c11919e8,0x00000006c5b80000)
 Metaspace       used 27224K, capacity 27609K, committed 27904K, reserved 1075200K
  class space    used 2115K, capacity 2244K, committed 2304K, reserved 1048576K
Event: 45.383 GC heap after
Heap after GC invocations=6 (full 1):
 PSYoungGen      total 134144K, used 10346K [0x000000076ab00000, 0x000000077a380000, 0x00000007c0000000)
  eden space 123392K, 0% used [0x000000076ab00000,0x000000076ab00000,0x0000000772380000)
  from space 10752K, 96% used [0x0000000772380000,0x0000000772d9ab48,0x0000000772e00000)
  to   space 17408K, 0% used [0x0000000779280000,0x0000000779280000,0x000000077a380000)
 ParOldGen       total 93696K, used 17998K [0x00000006c0000000, 0x00000006c5b80000, 0x000000076ab00000)
  object space 93696K, 19% used [0x00000006c0000000,0x00000006c11939e8,0x00000006c5b80000)
 Metaspace       used 27224K, capacity 27609K, committed 27904K, reserved 1075200K
  class space    used 2115K, capacity 2244K, committed 2304K, reserved 1048576K
}
Event: 72.709 GC heap before
{Heap before GC invocations=7 (full 1):
 PSYoungGen      total 134144K, used 133738K [0x000000076ab00000, 0x000000077a380000, 0x00000007c0000000)
  eden space 123392K, 100% used [0x000000076ab00000,0x0000000772380000,0x0000000772380000)
  from space 10752K, 96% used [0x0000000772380000,0x0000000772d9ab48,0x0000000772e00000)
  to   space 17408K, 0% used [0x0000000779280000,0x0000000779280000,0x000000077a380000)
 ParOldGen       total 93696K, used 17998K [0x00000006c0000000, 0x00000006c5b80000, 0x000000076ab00000)
  object space 93696K, 19% used [0x00000006c0000000,0x00000006c11939e8,0x00000006c5b80000)
 Metaspace       used 27224K, capacity 27609K, committed 27904K, reserved 1075200K
  class space    used 2115K, capacity 2244K, committed 2304K, reserved 1048576K
Event: 72.715 GC heap after
Heap after GC invocations=7 (full 1):
 PSYoungGen      total 232960K, used 10378K [0x000000076ab00000, 0x000000077a180000, 0x00000007c0000000)
  eden space 217600K, 0% used [0x000000076ab00000,0x000000076ab00000,0x0000000777f80000)
  from space 15360K, 67% used [0x0000000779280000,0x0000000779ca2b48,0x000000077a180000)
  to   space 17408K, 0% used [0x0000000777f80000,0x0000000777f80000,0x0000000779080000)
 ParOldGen       total 93696K, used 18006K [0x00000006c0000000, 0x00000006c5b80000, 0x000000076ab00000)
  object space 93696K, 19% used [0x00000006c0000000,0x00000006c11959e8,0x00000006c5b80000)
 Metaspace       used 27224K, capacity 27609K, committed 27904K, reserved 1075200K
  class space    used 2115K, capacity 2244K, committed 2304K, reserved 1048576K
}
Event: 120.491 GC heap before
{Heap before GC invocations=8 (full 1):
 PSYoungGen      total 232960K, used 227978K [0x000000076ab00000, 0x000000077a180000, 0x00000007c0000000)
  eden space 217600K, 100% used [0x000000076ab00000,0x0000000777f80000,0x0000000777f80000)
  from space 15360K, 67% used [0x0000000779280000,0x0000000779ca2b48,0x000000077a180000)
  to   space 17408K, 0% used [0x0000000777f80000,0x0000000777f80000,0x0000000779080000)
 ParOldGen       total 93696K, used 18006K [0x00000006c0000000, 0x00000006c5b80000, 0x000000076ab00000)
  object space 93696K, 19% used [0x00000006c0000000,0x00000006c11959e8,0x00000006c5b80000)
 Metaspace       used 27225K, capacity 27609K, committed 27904K, reserved 1075200K
  class space    used 2115K, capacity 2244K, committed 2304K, reserved 1048576K
Event: 120.498 GC heap after
Heap after GC invocations=8 (full 1):
 PSYoungGen      total 235008K, used 10346K [0x000000076ab00000, 0x0000000783680000, 0x00000007c0000000)
  eden space 217600K, 0% used [0x000000076ab00000,0x000000076ab00000,0x0000000777f80000)
  from space 17408K, 59% used [0x0000000777f80000,0x000000077899ab48,0x0000000779080000)
  to   space 16896K, 0% used [0x0000000782600000,0x0000000782600000,0x0000000783680000)
 ParOldGen       total 93696K, used 18014K [0x00000006c0000000, 0x00000006c5b80000, 0x000000076ab00000)
  object space 93696K, 19% used [0x00000006c0000000,0x00000006c11979e8,0x00000006c5b80000)
 Metaspace       used 27225K, capacity 27609K, committed 27904K, reserved 1075200K
  class space    used 2115K, capacity 2244K, committed 2304K, reserved 1048576K
}
Event: 168.874 GC heap before
{Heap before GC invocations=9 (full 1):
 PSYoungGen      total 235008K, used 227946K [0x000000076ab00000, 0x0000000783680000, 0x00000007c0000000)
  eden space 217600K, 100% used [0x000000076ab00000,0x0000000777f80000,0x0000000777f80000)
  from space 17408K, 59% used [0x0000000777f80000,0x000000077899ab48,0x0000000779080000)
  to   space 16896K, 0% used [0x0000000782600000,0x0000000782600000,0x0000000783680000)
 ParOldGen       total 93696K, used 18014K [0x00000006c0000000, 0x00000006c5b80000, 0x000000076ab00000)
  object space 93696K, 19% used [0x00000006c0000000,0x00000006c11979e8,0x00000006c5b80000)
 Metaspace       used 27225K, capacity 27609K, committed 27904K, reserved 1075200K
  class space    used 2115K, capacity 2244K, committed 2304K, reserved 1048576K
Event: 168.882 GC heap after
Heap after GC invocations=9 (full 1):
 PSYoungGen      total 365568K, used 256K [0x000000076ab00000, 0x0000000782d80000, 0x00000007c0000000)
  eden space 357888K, 0% used [0x000000076ab00000,0x000000076ab00000,0x0000000780880000)
  from space 7680K, 3% used [0x0000000782600000,0x0000000782640000,0x0000000782d80000)
  to   space 18944K, 0% used [0x0000000780880000,0x0000000780880000,0x0000000781b00000)
 ParOldGen       total 93696K, used 28303K [0x00000006c0000000, 0x00000006c5b80000, 0x000000076ab00000)
  object space 93696K, 30% used [0x00000006c0000000,0x00000006c1ba3cb0,0x00000006c5b80000)
 Metaspace       used 27225K, capacity 27609K, committed 27904K, reserved 1075200K
  class space    used 2115K, capacity 2244K, committed 2304K, reserved 1048576K
}

