# JRE version: OpenJDK Runtime Environment (8.0_242-b08) (build 1.8.0_242-b08)
# Java VM: OpenJDK 64-Bit Server VM (25.242-b08 mixed mode bsd-amd64 compressed oops)
Heap:
 PSYoungGen      total 175616K, used 121427K [0x000000076ab00000, 0x0000000776880000, 0x00000007c0000000)
  eden space 161280K, 68% used [0x000000076ab00000,0x0000000771742810,0x0000000774880000)
  from space 14336K, 73% used [0x0000000775a80000,0x00000007764d26f0,0x0000000776880000)
  to   space 16384K, 0% used [0x0000000774880000,0x0000000774880000,0x0000000775880000)
 ParOldGen       total 106496K, used 17026K [0x00000006c0000000, 0x00000006c6800000, 0x000000076ab00000)
  object space 106496K, 15% used [0x00000006c0000000,0x00000006c10a0b98,0x00000006c6800000)
 Metaspace       used 27495K, capacity 27827K, committed 28160K, reserved 1075200K
  class space    used 2131K, capacity 2249K, committed 2304K, reserved 1048576K
GC Heap History (10 events):
Event: 4.043 GC heap before
{Heap before GC invocations=3 (full 1):
 PSYoungGen      total 76288K, used 10749K [0x000000076ab00000, 0x0000000774000000, 0x00000007c0000000)
  eden space 65536K, 0% used [0x000000076ab00000,0x000000076ab00000,0x000000076eb00000)
  from space 10752K, 99% used [0x000000076f580000,0x000000076ffff4b0,0x0000000770000000)
  to   space 10752K, 0% used [0x000000076eb00000,0x000000076eb00000,0x000000076f580000)
 ParOldGen       total 175104K, used 6297K [0x00000006c0000000, 0x00000006cab00000, 0x000000076ab00000)
  object space 175104K, 3% used [0x00000006c0000000,0x00000006c0626618,0x00000006cab00000)
 Metaspace       used 20852K, capacity 21166K, committed 21296K, reserved 1069056K
  class space    used 1977K, capacity 2083K, committed 2176K, reserved 1048576K
Event: 4.085 GC heap after
Heap after GC invocations=3 (full 1):
 PSYoungGen      total 76288K, used 0K [0x000000076ab00000, 0x0000000774000000, 0x00000007c0000000)
  eden space 65536K, 0% used [0x000000076ab00000,0x000000076ab00000,0x000000076eb00000)
  from space 10752K, 0% used [0x000000076f580000,0x000000076f580000,0x0000000770000000)
  to   space 10752K, 0% used [0x000000076eb00000,0x000000076eb00000,0x000000076f580000)
 ParOldGen       total 106496K, used 16554K [0x00000006c0000000, 0x00000006c6800000, 0x000000076ab00000)
  object space 106496K, 15% used [0x00000006c0000000,0x00000006c102a928,0x00000006c6800000)
 Metaspace       used 20852K, capacity 21166K, committed 21296K, reserved 1069056K
  class space    used 1977K, capacity 2083K, committed 2176K, reserved 1048576K
}
Event: 7.129 GC heap before
{Heap before GC invocations=4 (full 1):
 PSYoungGen      total 76288K, used 65524K [0x000000076ab00000, 0x0000000774000000, 0x00000007c0000000)
  eden space 65536K, 99% used [0x000000076ab00000,0x000000076eafd048,0x000000076eb00000)
  from space 10752K, 0% used [0x000000076f580000,0x000000076f580000,0x0000000770000000)
  to   space 10752K, 0% used [0x000000076eb00000,0x000000076eb00000,0x000000076f580000)
 ParOldGen       total 106496K, used 16554K [0x00000006c0000000, 0x00000006c6800000, 0x000000076ab00000)
  object space 106496K, 15% used [0x00000006c0000000,0x00000006c102a928,0x00000006c6800000)
 Metaspace       used 27013K, capacity 27333K, committed 27648K, reserved 1075200K
  class space    used 2113K, capacity 2212K, committed 2304K, reserved 1048576K
Event: 7.137 GC heap after
Heap after GC invocations=4 (full 1):
 PSYoungGen      total 76288K, used 9919K [0x000000076ab00000, 0x0000000772b00000, 0x00000007c0000000)
  eden space 65536K, 0% used [0x000000076ab00000,0x000000076ab00000,0x000000076eb00000)
  from space 10752K, 92% used [0x000000076eb00000,0x000000076f4afc48,0x000000076f580000)
  to   space 10752K, 0% used [0x0000000772080000,0x0000000772080000,0x0000000772b00000)
 ParOldGen       total 106496K, used 16562K [0x00000006c0000000, 0x00000006c6800000, 0x000000076ab00000)
  object space 106496K, 15% used [0x00000006c0000000,0x00000006c102c928,0x00000006c6800000)
 Metaspace       used 27013K, capacity 27333K, committed 27648K, reserved 1075200K
  class space    used 2113K, capacity 2212K, committed 2304K, reserved 1048576K
}
Event: 16.283 GC heap before
{Heap before GC invocations=5 (full 1):
 PSYoungGen      total 76288K, used 75455K [0x000000076ab00000, 0x0000000772b00000, 0x00000007c0000000)
  eden space 65536K, 100% used [0x000000076ab00000,0x000000076eb00000,0x000000076eb00000)
  from space 10752K, 92% used [0x000000076eb00000,0x000000076f4afc48,0x000000076f580000)
  to   space 10752K, 0% used [0x0000000772080000,0x0000000772080000,0x0000000772b00000)
 ParOldGen       total 106496K, used 16562K [0x00000006c0000000, 0x00000006c6800000, 0x000000076ab00000)
  object space 106496K, 15% used [0x00000006c0000000,0x00000006c102c928,0x00000006c6800000)
 Metaspace       used 27429K, capacity 27823K, committed 28160K, reserved 1075200K
  class space    used 2119K, capacity 2247K, committed 2304K, reserved 1048576K
Event: 16.291 GC heap after
Heap after GC invocations=5 (full 1):
 PSYoungGen      total 116224K, used 10745K [0x000000076ab00000, 0x0000000772b00000, 0x00000007c0000000)
  eden space 105472K, 0% used [0x000000076ab00000,0x000000076ab00000,0x0000000771200000)
  from space 10752K, 99% used [0x0000000772080000,0x0000000772afe590,0x0000000772b00000)
  to   space 10752K, 0% used [0x0000000771600000,0x0000000771600000,0x0000000772080000)
 ParOldGen       total 106496K, used 16754K [0x00000006c0000000, 0x00000006c6800000, 0x000000076ab00000)
  object space 106496K, 15% used [0x00000006c0000000,0x00000006c105cb88,0x00000006c6800000)
 Metaspace       used 27429K, capacity 27823K, committed 28160K, reserved 1075200K
  class space    used 2119K, capacity 2247K, committed 2304K, reserved 1048576K
}
Event: 35.652 GC heap before
{Heap before GC invocations=6 (full 1):
 PSYoungGen      total 116224K, used 116217K [0x000000076ab00000, 0x0000000772b00000, 0x00000007c0000000)
  eden space 105472K, 100% used [0x000000076ab00000,0x0000000771200000,0x0000000771200000)
  from space 10752K, 99% used [0x0000000772080000,0x0000000772afe590,0x0000000772b00000)
  to   space 10752K, 0% used [0x0000000771600000,0x0000000771600000,0x0000000772080000)
 ParOldGen       total 106496K, used 16754K [0x00000006c0000000, 0x00000006c6800000, 0x000000076ab00000)
  object space 106496K, 15% used [0x00000006c0000000,0x00000006c105cb88,0x00000006c6800000)
 Metaspace       used 27432K, capacity 27823K, committed 28160K, reserved 1075200K
  class space    used 2119K, capacity 2247K, committed 2304K, reserved 1048576K
Event: 35.659 GC heap after
Heap after GC invocations=6 (full 1):
 PSYoungGen      total 120320K, used 10554K [0x000000076ab00000, 0x0000000776b00000, 0x00000007c0000000)
  eden space 109568K, 0% used [0x000000076ab00000,0x000000076ab00000,0x0000000771600000)
  from space 10752K, 98% used [0x0000000771600000,0x000000077204e868,0x0000000772080000)
  to   space 16896K, 0% used [0x0000000775a80000,0x0000000775a80000,0x0000000776b00000)
 ParOldGen       total 106496K, used 17018K [0x00000006c0000000, 0x00000006c6800000, 0x000000076ab00000)
  object space 106496K, 15% used [0x00000006c0000000,0x00000006c109eb98,0x00000006c6800000)
 Metaspace       used 27432K, capacity 27823K, committed 28160K, reserved 1075200K
  class space    used 2119K, capacity 2247K, committed 2304K, reserved 1048576K
}
Event: 55.933 GC heap before
{Heap before GC invocations=7 (full 1):
 PSYoungGen      total 120320K, used 120122K [0x000000076ab00000, 0x0000000776b00000, 0x00000007c0000000)
  eden space 109568K, 100% used [0x000000076ab00000,0x0000000771600000,0x0000000771600000)
  from space 10752K, 98% used [0x0000000771600000,0x000000077204e868,0x0000000772080000)
  to   space 16896K, 0% used [0x0000000775a80000,0x0000000775a80000,0x0000000776b00000)
 ParOldGen       total 106496K, used 17018K [0x00000006c0000000, 0x00000006c6800000, 0x000000076ab00000)
  object space 106496K, 15% used [0x00000006c0000000,0x00000006c109eb98,0x00000006c6800000)
 Metaspace       used 27432K, capacity 27823K, committed 28160K, reserved 1075200K
  class space    used 2119K, capacity 2247K, committed 2304K, reserved 1048576K
Event: 55.940 GC heap after
Heap after GC invocations=7 (full 1):
 PSYoungGen      total 175616K, used 10569K [0x000000076ab00000, 0x0000000776880000, 0x00000007c0000000)
  eden space 161280K, 0% used [0x000000076ab00000,0x000000076ab00000,0x0000000774880000)
  from space 14336K, 73% used [0x0000000775a80000,0x00000007764d26f0,0x0000000776880000)
  to   space 16384K, 0% used [0x0000000774880000,0x0000000774880000,0x0000000775880000)
 ParOldGen       total 106496K, used 17026K [0x00000006c0000000, 0x00000006c6800000, 0x000000076ab00000)
  object space 106496K, 15% used [0x00000006c0000000,0x00000006c10a0b98,0x00000006c6800000)
 Metaspace       used 27432K, capacity 27823K, committed 28160K, reserved 1075200K
  class space    used 2119K, capacity 2247K, committed 2304K, reserved 1048576K
}

