# JRE version: OpenJDK Runtime Environment (8.0_242-b08) (build 1.8.0_242-b08)
# Java VM: OpenJDK 64-Bit Server VM (25.242-b08 mixed mode bsd-amd64 compressed oops)
Heap:
 PSYoungGen      total 76288K, used 71045K [0x000000076ab00000, 0x0000000770c00000, 0x00000007c0000000)
  eden space 65536K, 93% used [0x000000076ab00000,0x000000076e6b4018,0x000000076eb00000)
  from space 10752K, 92% used [0x000000076eb00000,0x000000076f4ad5f0,0x000000076f580000)
  to   space 10752K, 0% used [0x0000000770180000,0x0000000770180000,0x0000000770c00000)
 ParOldGen       total 125952K, used 16364K [0x00000006c0000000, 0x00000006c7b00000, 0x000000076ab00000)
  object space 125952K, 12% used [0x00000006c0000000,0x00000006c0ffb1f8,0x00000006c7b00000)
 Metaspace       used 24351K, capacity 24697K, committed 25088K, reserved 1071104K
  class space    used 2370K, capacity 2493K, committed 2560K, reserved 1048576K
GC Heap History (8 events):
Event: 3.133 GC heap before
{Heap before GC invocations=1 (full 0):
 PSYoungGen      total 76288K, used 56351K [0x000000076ab00000, 0x0000000770000000, 0x00000007c0000000)
  eden space 65536K, 85% used [0x000000076ab00000,0x000000076e207f78,0x000000076eb00000)
  from space 10752K, 0% used [0x000000076f580000,0x000000076f580000,0x0000000770000000)
  to   space 10752K, 0% used [0x000000076eb00000,0x000000076eb00000,0x000000076f580000)
 ParOldGen       total 175104K, used 0K [0x00000006c0000000, 0x00000006cab00000, 0x000000076ab00000)
  object space 175104K, 0% used [0x00000006c0000000,0x00000006c0000000,0x00000006cab00000)
 Metaspace       used 20770K, capacity 21145K, committed 21248K, reserved 1069056K
  class space    used 2111K, capacity 2229K, committed 2304K, reserved 1048576K
Event: 3.142 GC heap after
Heap after GC invocations=1 (full 0):
 PSYoungGen      total 76288K, used 9623K [0x000000076ab00000, 0x0000000770000000, 0x00000007c0000000)
  eden space 65536K, 0% used [0x000000076ab00000,0x000000076ab00000,0x000000076eb00000)
  from space 10752K, 89% used [0x000000076eb00000,0x000000076f465c10,0x000000076f580000)
  to   space 10752K, 0% used [0x000000076f580000,0x000000076f580000,0x0000000770000000)
 ParOldGen       total 175104K, used 16K [0x00000006c0000000, 0x00000006cab00000, 0x000000076ab00000)
  object space 175104K, 0% used [0x00000006c0000000,0x00000006c0004000,0x00000006cab00000)
 Metaspace       used 20770K, capacity 21145K, committed 21248K, reserved 1069056K
  class space    used 2111K, capacity 2229K, committed 2304K, reserved 1048576K
}
Event: 3.142 GC heap before
{Heap before GC invocations=2 (full 1):
 PSYoungGen      total 76288K, used 9623K [0x000000076ab00000, 0x0000000770000000, 0x00000007c0000000)
  eden space 65536K, 0% used [0x000000076ab00000,0x000000076ab00000,0x000000076eb00000)
  from space 10752K, 89% used [0x000000076eb00000,0x000000076f465c10,0x000000076f580000)
  to   space 10752K, 0% used [0x000000076f580000,0x000000076f580000,0x0000000770000000)
 ParOldGen       total 175104K, used 16K [0x00000006c0000000, 0x00000006cab00000, 0x000000076ab00000)
  object space 175104K, 0% used [0x00000006c0000000,0x00000006c0004000,0x00000006cab00000)
 Metaspace       used 20770K, capacity 21145K, committed 21248K, reserved 1069056K
  class space    used 2111K, capacity 2229K, committed 2304K, reserved 1048576K
Event: 3.170 GC heap after
Heap after GC invocations=2 (full 1):
 PSYoungGen      total 76288K, used 0K [0x000000076ab00000, 0x0000000770000000, 0x00000007c0000000)
  eden space 65536K, 0% used [0x000000076ab00000,0x000000076ab00000,0x000000076eb00000)
  from space 10752K, 0% used [0x000000076eb00000,0x000000076eb00000,0x000000076f580000)
  to   space 10752K, 0% used [0x000000076f580000,0x000000076f580000,0x0000000770000000)
 ParOldGen       total 125952K, used 9222K [0x00000006c0000000, 0x00000006c7b00000, 0x000000076ab00000)
  object space 125952K, 7% used [0x00000006c0000000,0x00000006c0901b08,0x00000006c7b00000)
 Metaspace       used 20770K, capacity 21145K, committed 21248K, reserved 1069056K
  class space    used 2111K, capacity 2229K, committed 2304K, reserved 1048576K
}
Event: 6.410 GC heap before
{Heap before GC invocations=3 (full 1):
 PSYoungGen      total 76288K, used 65536K [0x000000076ab00000, 0x0000000770000000, 0x00000007c0000000)
  eden space 65536K, 100% used [0x000000076ab00000,0x000000076eb00000,0x000000076eb00000)
  from space 10752K, 0% used [0x000000076eb00000,0x000000076eb00000,0x000000076f580000)
  to   space 10752K, 0% used [0x000000076f580000,0x000000076f580000,0x0000000770000000)
 ParOldGen       total 125952K, used 9222K [0x00000006c0000000, 0x00000006c7b00000, 0x000000076ab00000)
  object space 125952K, 7% used [0x00000006c0000000,0x00000006c0901b08,0x00000006c7b00000)
 Metaspace       used 23776K, capacity 24169K, committed 24320K, reserved 1071104K
  class space    used 2353K, capacity 2489K, committed 2560K, reserved 1048576K
Event: 6.419 GC heap after
Heap after GC invocations=3 (full 1):
 PSYoungGen      total 76288K, used 10725K [0x000000076ab00000, 0x0000000770f00000, 0x00000007c0000000)
  eden space 65536K, 0% used [0x000000076ab00000,0x000000076ab00000,0x000000076eb00000)
  from space 10752K, 99% used [0x000000076f580000,0x000000076fff9610,0x0000000770000000)
  to   space 10752K, 0% used [0x000000076eb00000,0x000000076eb00000,0x000000076f580000)
 ParOldGen       total 125952K, used 15332K [0x00000006c0000000, 0x00000006c7b00000, 0x000000076ab00000)
  object space 125952K, 12% used [0x00000006c0000000,0x00000006c0ef91e8,0x00000006c7b00000)
 Metaspace       used 23776K, capacity 24169K, committed 24320K, reserved 1071104K
  class space    used 2353K, capacity 2489K, committed 2560K, reserved 1048576K
}
Event: 17.358 GC heap before
{Heap before GC invocations=4 (full 1):
 PSYoungGen      total 76288K, used 76261K [0x000000076ab00000, 0x0000000770f00000, 0x00000007c0000000)
  eden space 65536K, 100% used [0x000000076ab00000,0x000000076eb00000,0x000000076eb00000)
  from space 10752K, 99% used [0x000000076f580000,0x000000076fff9610,0x0000000770000000)
  to   space 10752K, 0% used [0x000000076eb00000,0x000000076eb00000,0x000000076f580000)
 ParOldGen       total 125952K, used 15332K [0x00000006c0000000, 0x00000006c7b00000, 0x000000076ab00000)
  object space 125952K, 12% used [0x00000006c0000000,0x00000006c0ef91e8,0x00000006c7b00000)
 Metaspace       used 24288K, capacity 24691K, committed 25088K, reserved 1071104K
  class space    used 2358K, capacity 2490K, committed 2560K, reserved 1048576K
Event: 17.365 GC heap after
Heap after GC invocations=4 (full 1):
 PSYoungGen      total 76288K, used 9909K [0x000000076ab00000, 0x0000000770c00000, 0x00000007c0000000)
  eden space 65536K, 0% used [0x000000076ab00000,0x000000076ab00000,0x000000076eb00000)
  from space 10752K, 92% used [0x000000076eb00000,0x000000076f4ad5f0,0x000000076f580000)
  to   space 10752K, 0% used [0x0000000770180000,0x0000000770180000,0x0000000770c00000)
 ParOldGen       total 125952K, used 16364K [0x00000006c0000000, 0x00000006c7b00000, 0x000000076ab00000)
  object space 125952K, 12% used [0x00000006c0000000,0x00000006c0ffb1f8,0x00000006c7b00000)
 Metaspace       used 24288K, capacity 24691K, committed 25088K, reserved 1071104K
  class space    used 2358K, capacity 2490K, committed 2560K, reserved 1048576K
}

