# JRE version: OpenJDK Runtime Environment (8.0_242-b08) (build 1.8.0_242-b08)
# Java VM: OpenJDK 64-Bit Server VM (25.242-b08 mixed mode bsd-amd64 compressed oops)
Heap:
 PSYoungGen      total 124416K, used 28959K [0x000000076ab00000, 0x0000000777b80000, 0x00000007c0000000)
  eden space 113664K, 16% used [0x000000076ab00000,0x000000076bcd1140,0x0000000771a00000)
  from space 10752K, 99% used [0x0000000771a00000,0x0000000772476cc8,0x0000000772480000)
  to   space 17920K, 0% used [0x0000000776a00000,0x0000000776a00000,0x0000000777b80000)
 ParOldGen       total 104960K, used 17712K [0x00000006c0000000, 0x00000006c6680000, 0x000000076ab00000)
  object space 104960K, 16% used [0x00000006c0000000,0x00000006c114c3e0,0x00000006c6680000)
 Metaspace       used 27522K, capacity 27823K, committed 28160K, reserved 1075200K
  class space    used 2132K, capacity 2249K, committed 2304K, reserved 1048576K
GC Heap History (10 events):
Event: 4.322 GC heap before
{Heap before GC invocations=2 (full 0):
 PSYoungGen      total 76288K, used 35886K [0x000000076ab00000, 0x0000000770000000, 0x00000007c0000000)
  eden space 65536K, 38% used [0x000000076ab00000,0x000000076c3938f0,0x000000076eb00000)
  from space 10752K, 99% used [0x000000076eb00000,0x000000076f5781e8,0x000000076f580000)
  to   space 10752K, 0% used [0x000000076f580000,0x000000076f580000,0x0000000770000000)
 ParOldGen       total 175104K, used 483K [0x00000006c0000000, 0x00000006cab00000, 0x000000076ab00000)
  object space 175104K, 0% used [0x00000006c0000000,0x00000006c0078e50,0x00000006cab00000)
 Metaspace       used 20865K, capacity 21164K, committed 21296K, reserved 1069056K
  class space    used 1986K, capacity 2084K, committed 2176K, reserved 1048576K
Event: 4.333 GC heap after
Heap after GC invocations=2 (full 0):
 PSYoungGen      total 76288K, used 10736K [0x000000076ab00000, 0x0000000774000000, 0x00000007c0000000)
  eden space 65536K, 0% used [0x000000076ab00000,0x000000076ab00000,0x000000076eb00000)
  from space 10752K, 99% used [0x000000076f580000,0x000000076fffc1d0,0x0000000770000000)
  to   space 10752K, 0% used [0x000000076eb00000,0x000000076eb00000,0x000000076f580000)
 ParOldGen       total 175104K, used 7189K [0x00000006c0000000, 0x00000006cab00000, 0x000000076ab00000)
  object space 175104K, 4% used [0x00000006c0000000,0x00000006c0705578,0x00000006cab00000)
 Metaspace       used 20865K, capacity 21164K, committed 21296K, reserved 1069056K
  class space    used 1986K, capacity 2084K, committed 2176K, reserved 1048576K
}
Event: 4.333 GC heap before
{Heap before GC invocations=3 (full 1):
 PSYoungGen      total 76288K, used 10736K [0x000000076ab00000, 0x0000000774000000, 0x00000007c0000000)
  eden space 65536K, 0% used [0x000000076ab00000,0x000000076ab00000,0x000000076eb00000)
  from space 10752K, 99% used [0x000000076f580000,0x000000076fffc1d0,0x0000000770000000)
  to   space 10752K, 0% used [0x000000076eb00000,0x000000076eb00000,0x000000076f580000)
 ParOldGen       total 175104K, used 7189K [0x00000006c0000000, 0x00000006cab00000, 0x000000076ab00000)
  object space 175104K, 4% used [0x00000006c0000000,0x00000006c0705578,0x00000006cab00000)
 Metaspace       used 20865K, capacity 21164K, committed 21296K, reserved 1069056K
  class space    used 1986K, capacity 2084K, committed 2176K, reserved 1048576K
Event: 4.372 GC heap after
Heap after GC invocations=3 (full 1):
 PSYoungGen      total 76288K, used 0K [0x000000076ab00000, 0x0000000774000000, 0x00000007c0000000)
  eden space 65536K, 0% used [0x000000076ab00000,0x000000076ab00000,0x000000076eb00000)
  from space 10752K, 0% used [0x000000076f580000,0x000000076f580000,0x0000000770000000)
  to   space 10752K, 0% used [0x000000076eb00000,0x000000076eb00000,0x000000076f580000)
 ParOldGen       total 104960K, used 17432K [0x00000006c0000000, 0x00000006c6680000, 0x000000076ab00000)
  object space 104960K, 16% used [0x00000006c0000000,0x00000006c11063d0,0x00000006c6680000)
 Metaspace       used 20865K, capacity 21164K, committed 21296K, reserved 1069056K
  class space    used 1986K, capacity 2084K, committed 2176K, reserved 1048576K
}
Event: 6.358 GC heap before
{Heap before GC invocations=4 (full 1):
 PSYoungGen      total 76288K, used 65526K [0x000000076ab00000, 0x0000000774000000, 0x00000007c0000000)
  eden space 65536K, 99% used [0x000000076ab00000,0x000000076eafd978,0x000000076eb00000)
  from space 10752K, 0% used [0x000000076f580000,0x000000076f580000,0x0000000770000000)
  to   space 10752K, 0% used [0x000000076eb00000,0x000000076eb00000,0x000000076f580000)
 ParOldGen       total 104960K, used 17432K [0x00000006c0000000, 0x00000006c6680000, 0x000000076ab00000)
  object space 104960K, 16% used [0x00000006c0000000,0x00000006c11063d0,0x00000006c6680000)
 Metaspace       used 27003K, capacity 27369K, committed 27648K, reserved 1075200K
  class space    used 2119K, capacity 2246K, committed 2304K, reserved 1048576K
Event: 6.365 GC heap after
Heap after GC invocations=4 (full 1):
 PSYoungGen      total 76288K, used 10655K [0x000000076ab00000, 0x0000000772f00000, 0x00000007c0000000)
  eden space 65536K, 0% used [0x000000076ab00000,0x000000076ab00000,0x000000076eb00000)
  from space 10752K, 99% used [0x000000076eb00000,0x000000076f567c78,0x000000076f580000)
  to   space 10752K, 0% used [0x0000000772480000,0x0000000772480000,0x0000000772f00000)
 ParOldGen       total 104960K, used 17440K [0x00000006c0000000, 0x00000006c6680000, 0x000000076ab00000)
  object space 104960K, 16% used [0x00000006c0000000,0x00000006c11083d0,0x00000006c6680000)
 Metaspace       used 27003K, capacity 27369K, committed 27648K, reserved 1075200K
  class space    used 2119K, capacity 2246K, committed 2304K, reserved 1048576K
}
Event: 13.472 GC heap before
{Heap before GC invocations=5 (full 1):
 PSYoungGen      total 76288K, used 76191K [0x000000076ab00000, 0x0000000772f00000, 0x00000007c0000000)
  eden space 65536K, 100% used [0x000000076ab00000,0x000000076eb00000,0x000000076eb00000)
  from space 10752K, 99% used [0x000000076eb00000,0x000000076f567c78,0x000000076f580000)
  to   space 10752K, 0% used [0x0000000772480000,0x0000000772480000,0x0000000772f00000)
 ParOldGen       total 104960K, used 17440K [0x00000006c0000000, 0x00000006c6680000, 0x000000076ab00000)
  object space 104960K, 16% used [0x00000006c0000000,0x00000006c11083d0,0x00000006c6680000)
 Metaspace       used 27428K, capacity 27817K, committed 28160K, reserved 1075200K
  class space    used 2119K, capacity 2246K, committed 2304K, reserved 1048576K
Event: 13.479 GC heap after
Heap after GC invocations=5 (full 1):
 PSYoungGen      total 120832K, used 10715K [0x000000076ab00000, 0x0000000772f00000, 0x00000007c0000000)
  eden space 110080K, 0% used [0x000000076ab00000,0x000000076ab00000,0x0000000771680000)
  from space 10752K, 99% used [0x0000000772480000,0x0000000772ef6cc8,0x0000000772f00000)
  to   space 10752K, 0% used [0x0000000771a00000,0x0000000771a00000,0x0000000772480000)
 ParOldGen       total 104960K, used 17704K [0x00000006c0000000, 0x00000006c6680000, 0x000000076ab00000)
  object space 104960K, 16% used [0x00000006c0000000,0x00000006c114a3e0,0x00000006c6680000)
 Metaspace       used 27428K, capacity 27817K, committed 28160K, reserved 1075200K
  class space    used 2119K, capacity 2246K, committed 2304K, reserved 1048576K
}
Event: 27.373 GC heap before
{Heap before GC invocations=6 (full 1):
 PSYoungGen      total 120832K, used 120795K [0x000000076ab00000, 0x0000000772f00000, 0x00000007c0000000)
  eden space 110080K, 100% used [0x000000076ab00000,0x0000000771680000,0x0000000771680000)
  from space 10752K, 99% used [0x0000000772480000,0x0000000772ef6cc8,0x0000000772f00000)
  to   space 10752K, 0% used [0x0000000771a00000,0x0000000771a00000,0x0000000772480000)
 ParOldGen       total 104960K, used 17704K [0x00000006c0000000, 0x00000006c6680000, 0x000000076ab00000)
  object space 104960K, 16% used [0x00000006c0000000,0x00000006c114a3e0,0x00000006c6680000)
 Metaspace       used 27445K, capacity 27819K, committed 28160K, reserved 1075200K
  class space    used 2119K, capacity 2247K, committed 2304K, reserved 1048576K
Event: 27.381 GC heap after
Heap after GC invocations=6 (full 1):
 PSYoungGen      total 124416K, used 10715K [0x000000076ab00000, 0x0000000777b80000, 0x00000007c0000000)
  eden space 113664K, 0% used [0x000000076ab00000,0x000000076ab00000,0x0000000771a00000)
  from space 10752K, 99% used [0x0000000771a00000,0x0000000772476cc8,0x0000000772480000)
  to   space 17920K, 0% used [0x0000000776a00000,0x0000000776a00000,0x0000000777b80000)
 ParOldGen       total 104960K, used 17712K [0x00000006c0000000, 0x00000006c6680000, 0x000000076ab00000)
  object space 104960K, 16% used [0x00000006c0000000,0x00000006c114c3e0,0x00000006c6680000)
 Metaspace       used 27445K, capacity 27819K, committed 28160K, reserved 1075200K
  class space    used 2119K, capacity 2247K, committed 2304K, reserved 1048576K
}

