# JRE version: OpenJDK Runtime Environment (8.0_242-b08) (build 1.8.0_242-b08)
# Java VM: OpenJDK 64-Bit Server VM (25.242-b08 mixed mode bsd-amd64 compressed oops)
Heap:
 PSYoungGen      total 251392K, used 227368K [0x000000076ab00000, 0x0000000781700000, 0x00000007c0000000)
  eden space 232448K, 97% used [0x000000076ab00000,0x00000007788ca2f8,0x0000000778e00000)
  from space 18944K, 1% used [0x000000077f200000,0x000000077f240000,0x0000000780480000)
  to   space 18432K, 0% used [0x0000000780500000,0x0000000780500000,0x0000000781700000)
 ParOldGen       total 96256K, used 28059K [0x00000006c0000000, 0x00000006c5e00000, 0x000000076ab00000)
  object space 96256K, 29% used [0x00000006c0000000,0x00000006c1b66f10,0x00000006c5e00000)
 Metaspace       used 27930K, capacity 28309K, committed 28416K, reserved 1075200K
  class space    used 2170K, capacity 2280K, committed 2304K, reserved 1048576K
GC Heap History (10 events):
Event: 346.828 GC heap before
{Heap before GC invocations=14 (full 1):
 PSYoungGen      total 282624K, used 282368K [0x000000076ab00000, 0x0000000783d00000, 0x00000007c0000000)
  eden space 282112K, 100% used [0x000000076ab00000,0x000000077be80000,0x000000077be80000)
  from space 512K, 50% used [0x0000000783c80000,0x0000000783cc0000,0x0000000783d00000)
  to   space 20480K, 0% used [0x0000000781500000,0x0000000781500000,0x0000000782900000)
 ParOldGen       total 96256K, used 28059K [0x00000006c0000000, 0x00000006c5e00000, 0x000000076ab00000)
  object space 96256K, 29% used [0x00000006c0000000,0x00000006c1b66f10,0x00000006c5e00000)
 Metaspace       used 27868K, capacity 28241K, committed 28416K, reserved 1075200K
  class space    used 2158K, capacity 2278K, committed 2304K, reserved 1048576K
Event: 346.830 GC heap after
Heap after GC invocations=14 (full 1):
 PSYoungGen      total 291840K, used 256K [0x000000076ab00000, 0x0000000783d00000, 0x00000007c0000000)
  eden space 271360K, 0% used [0x000000076ab00000,0x000000076ab00000,0x000000077b400000)
  from space 20480K, 1% used [0x0000000781500000,0x0000000781540000,0x0000000782900000)
  to   space 20480K, 0% used [0x0000000782900000,0x0000000782900000,0x0000000783d00000)
 ParOldGen       total 96256K, used 28059K [0x00000006c0000000, 0x00000006c5e00000, 0x000000076ab00000)
  object space 96256K, 29% used [0x00000006c0000000,0x00000006c1b66f10,0x00000006c5e00000)
 Metaspace       used 27868K, capacity 28241K, committed 28416K, reserved 1075200K
  class space    used 2158K, capacity 2278K, committed 2304K, reserved 1048576K
}
Event: 391.977 GC heap before
{Heap before GC invocations=15 (full 1):
 PSYoungGen      total 291840K, used 271616K [0x000000076ab00000, 0x0000000783d00000, 0x00000007c0000000)
  eden space 271360K, 100% used [0x000000076ab00000,0x000000077b400000,0x000000077b400000)
  from space 20480K, 1% used [0x0000000781500000,0x0000000781540000,0x0000000782900000)
  to   space 20480K, 0% used [0x0000000782900000,0x0000000782900000,0x0000000783d00000)
 ParOldGen       total 96256K, used 28059K [0x00000006c0000000, 0x00000006c5e00000, 0x000000076ab00000)
  object space 96256K, 29% used [0x00000006c0000000,0x00000006c1b66f10,0x00000006c5e00000)
 Metaspace       used 27868K, capacity 28241K, committed 28416K, reserved 1075200K
  class space    used 2158K, capacity 2278K, committed 2304K, reserved 1048576K
Event: 391.979 GC heap after
Heap after GC invocations=15 (full 1):
 PSYoungGen      total 261632K, used 256K [0x000000076ab00000, 0x0000000782980000, 0x00000007c0000000)
  eden space 261120K, 0% used [0x000000076ab00000,0x000000076ab00000,0x000000077aa00000)
  from space 512K, 50% used [0x0000000782900000,0x0000000782940000,0x0000000782980000)
  to   space 19968K, 0% used [0x0000000780280000,0x0000000780280000,0x0000000781600000)
 ParOldGen       total 96256K, used 28059K [0x00000006c0000000, 0x00000006c5e00000, 0x000000076ab00000)
  object space 96256K, 29% used [0x00000006c0000000,0x00000006c1b66f10,0x00000006c5e00000)
 Metaspace       used 27868K, capacity 28241K, committed 28416K, reserved 1075200K
  class space    used 2158K, capacity 2278K, committed 2304K, reserved 1048576K
}
Event: 435.476 GC heap before
{Heap before GC invocations=16 (full 1):
 PSYoungGen      total 261632K, used 261376K [0x000000076ab00000, 0x0000000782980000, 0x00000007c0000000)
  eden space 261120K, 100% used [0x000000076ab00000,0x000000077aa00000,0x000000077aa00000)
  from space 512K, 50% used [0x0000000782900000,0x0000000782940000,0x0000000782980000)
  to   space 19968K, 0% used [0x0000000780280000,0x0000000780280000,0x0000000781600000)
 ParOldGen       total 96256K, used 28059K [0x00000006c0000000, 0x00000006c5e00000, 0x000000076ab00000)
  object space 96256K, 29% used [0x00000006c0000000,0x00000006c1b66f10,0x00000006c5e00000)
 Metaspace       used 27868K, capacity 28241K, committed 28416K, reserved 1075200K
  class space    used 2158K, capacity 2278K, committed 2304K, reserved 1048576K
Event: 435.478 GC heap after
Heap after GC invocations=16 (full 1):
 PSYoungGen      total 271360K, used 256K [0x000000076ab00000, 0x0000000782980000, 0x00000007c0000000)
  eden space 251392K, 0% used [0x000000076ab00000,0x000000076ab00000,0x000000077a080000)
  from space 19968K, 1% used [0x0000000780280000,0x00000007802c0000,0x0000000781600000)
  to   space 19456K, 0% used [0x0000000781680000,0x0000000781680000,0x0000000782980000)
 ParOldGen       total 96256K, used 28059K [0x00000006c0000000, 0x00000006c5e00000, 0x000000076ab00000)
  object space 96256K, 29% used [0x00000006c0000000,0x00000006c1b66f10,0x00000006c5e00000)
 Metaspace       used 27868K, capacity 28241K, committed 28416K, reserved 1075200K
  class space    used 2158K, capacity 2278K, committed 2304K, reserved 1048576K
}
Event: 477.342 GC heap before
{Heap before GC invocations=17 (full 1):
 PSYoungGen      total 271360K, used 251648K [0x000000076ab00000, 0x0000000782980000, 0x00000007c0000000)
  eden space 251392K, 100% used [0x000000076ab00000,0x000000077a080000,0x000000077a080000)
  from space 19968K, 1% used [0x0000000780280000,0x00000007802c0000,0x0000000781600000)
  to   space 19456K, 0% used [0x0000000781680000,0x0000000781680000,0x0000000782980000)
 ParOldGen       total 96256K, used 28059K [0x00000006c0000000, 0x00000006c5e00000, 0x000000076ab00000)
  object space 96256K, 29% used [0x00000006c0000000,0x00000006c1b66f10,0x00000006c5e00000)
 Metaspace       used 27868K, capacity 28241K, committed 28416K, reserved 1075200K
  class space    used 2158K, capacity 2278K, committed 2304K, reserved 1048576K
Event: 477.343 GC heap after
Heap after GC invocations=17 (full 1):
 PSYoungGen      total 242176K, used 224K [0x000000076ab00000, 0x0000000781700000, 0x00000007c0000000)
  eden space 241664K, 0% used [0x000000076ab00000,0x000000076ab00000,0x0000000779700000)
  from space 512K, 43% used [0x0000000781680000,0x00000007816b8000,0x0000000781700000)
  to   space 18944K, 0% used [0x000000077f200000,0x000000077f200000,0x0000000780480000)
 ParOldGen       total 96256K, used 28059K [0x00000006c0000000, 0x00000006c5e00000, 0x000000076ab00000)
  object space 96256K, 29% used [0x00000006c0000000,0x00000006c1b66f10,0x00000006c5e00000)
 Metaspace       used 27868K, capacity 28241K, committed 28416K, reserved 1075200K
  class space    used 2158K, capacity 2278K, committed 2304K, reserved 1048576K
}
Event: 517.525 GC heap before
{Heap before GC invocations=18 (full 1):
 PSYoungGen      total 242176K, used 241888K [0x000000076ab00000, 0x0000000781700000, 0x00000007c0000000)
  eden space 241664K, 100% used [0x000000076ab00000,0x0000000779700000,0x0000000779700000)
  from space 512K, 43% used [0x0000000781680000,0x00000007816b8000,0x0000000781700000)
  to   space 18944K, 0% used [0x000000077f200000,0x000000077f200000,0x0000000780480000)
 ParOldGen       total 96256K, used 28059K [0x00000006c0000000, 0x00000006c5e00000, 0x000000076ab00000)
  object space 96256K, 29% used [0x00000006c0000000,0x00000006c1b66f10,0x00000006c5e00000)
 Metaspace       used 27868K, capacity 28241K, committed 28416K, reserved 1075200K
  class space    used 2158K, capacity 2278K, committed 2304K, reserved 1048576K
Event: 517.527 GC heap after
Heap after GC invocations=18 (full 1):
 PSYoungGen      total 251392K, used 256K [0x000000076ab00000, 0x0000000781700000, 0x00000007c0000000)
  eden space 232448K, 0% used [0x000000076ab00000,0x000000076ab00000,0x0000000778e00000)
  from space 18944K, 1% used [0x000000077f200000,0x000000077f240000,0x0000000780480000)
  to   space 18432K, 0% used [0x0000000780500000,0x0000000780500000,0x0000000781700000)
 ParOldGen       total 96256K, used 28059K [0x00000006c0000000, 0x00000006c5e00000, 0x000000076ab00000)
  object space 96256K, 29% used [0x00000006c0000000,0x00000006c1b66f10,0x00000006c5e00000)
 Metaspace       used 27868K, capacity 28241K, committed 28416K, reserved 1075200K
  class space    used 2158K, capacity 2278K, committed 2304K, reserved 1048576K
}

