# JRE version: OpenJDK Runtime Environment (8.0_242-b08) (build 1.8.0_242-b08)
# Java VM: OpenJDK 64-Bit Server VM (25.242-b08 mixed mode bsd-amd64 compressed oops)
Heap:
 PSYoungGen      total 294912K, used 116641K [0x000000076ab00000, 0x0000000787500000, 0x00000007c0000000)
  eden space 294400K, 39% used [0x000000076ab00000,0x0000000771ca0678,0x000000077ca80000)
  from space 512K, 56% used [0x0000000787480000,0x00000007874c8000,0x0000000787500000)
  to   space 19968K, 0% used [0x0000000784e00000,0x0000000784e00000,0x0000000786180000)
 ParOldGen       total 93696K, used 27619K [0x00000006c0000000, 0x00000006c5b80000, 0x000000076ab00000)
  object space 93696K, 29% used [0x00000006c0000000,0x00000006c1af8de8,0x00000006c5b80000)
 Metaspace       used 27635K, capacity 27991K, committed 28160K, reserved 1075200K
  class space    used 2166K, capacity 2281K, committed 2304K, reserved 1048576K
GC Heap History (10 events):
Event: 302.360 GC heap before
{Heap before GC invocations=11 (full 1):
 PSYoungGen      total 380416K, used 362208K [0x000000076ab00000, 0x000000078ae80000, 0x00000007c0000000)
  eden space 361984K, 100% used [0x000000076ab00000,0x0000000780c80000,0x0000000780c80000)
  from space 18432K, 1% used [0x0000000780c80000,0x0000000780cb8000,0x0000000781e80000)
  to   space 19456K, 0% used [0x0000000789b80000,0x0000000789b80000,0x000000078ae80000)
 ParOldGen       total 93696K, used 27547K [0x00000006c0000000, 0x00000006c5b80000, 0x000000076ab00000)
  object space 93696K, 29% used [0x00000006c0000000,0x00000006c1ae6de8,0x00000006c5b80000)
 Metaspace       used 27359K, capacity 27659K, committed 27904K, reserved 1075200K
  class space    used 2127K, capacity 2213K, committed 2304K, reserved 1048576K
Event: 302.362 GC heap after
Heap after GC invocations=11 (full 1):
 PSYoungGen      total 347648K, used 160K [0x000000076ab00000, 0x0000000789c00000, 0x00000007c0000000)
  eden space 347136K, 0% used [0x000000076ab00000,0x000000076ab00000,0x000000077fe00000)
  from space 512K, 31% used [0x0000000789b80000,0x0000000789ba8000,0x0000000789c00000)
  to   space 19968K, 0% used [0x0000000787500000,0x0000000787500000,0x0000000788880000)
 ParOldGen       total 93696K, used 27619K [0x00000006c0000000, 0x00000006c5b80000, 0x000000076ab00000)
  object space 93696K, 29% used [0x00000006c0000000,0x00000006c1af8de8,0x00000006c5b80000)
 Metaspace       used 27359K, capacity 27659K, committed 27904K, reserved 1075200K
  class space    used 2127K, capacity 2213K, committed 2304K, reserved 1048576K
}
Event: 372.894 GC heap before
{Heap before GC invocations=12 (full 1):
 PSYoungGen      total 347648K, used 347296K [0x000000076ab00000, 0x0000000789c00000, 0x00000007c0000000)
  eden space 347136K, 100% used [0x000000076ab00000,0x000000077fe00000,0x000000077fe00000)
  from space 512K, 31% used [0x0000000789b80000,0x0000000789ba8000,0x0000000789c00000)
  to   space 19968K, 0% used [0x0000000787500000,0x0000000787500000,0x0000000788880000)
 ParOldGen       total 93696K, used 27619K [0x00000006c0000000, 0x00000006c5b80000, 0x000000076ab00000)
  object space 93696K, 29% used [0x00000006c0000000,0x00000006c1af8de8,0x00000006c5b80000)
 Metaspace       used 27359K, capacity 27659K, committed 27904K, reserved 1075200K
  class space    used 2127K, capacity 2213K, committed 2304K, reserved 1048576K
Event: 372.896 GC heap after
Heap after GC invocations=12 (full 1):
 PSYoungGen      total 333312K, used 96K [0x000000076ab00000, 0x0000000789c00000, 0x00000007c0000000)
  eden space 332800K, 0% used [0x000000076ab00000,0x000000076ab00000,0x000000077f000000)
  from space 512K, 18% used [0x0000000787500000,0x0000000787518000,0x0000000787580000)
  to   space 20480K, 0% used [0x0000000788800000,0x0000000788800000,0x0000000789c00000)
 ParOldGen       total 93696K, used 27619K [0x00000006c0000000, 0x00000006c5b80000, 0x000000076ab00000)
  object space 93696K, 29% used [0x00000006c0000000,0x00000006c1af8de8,0x00000006c5b80000)
 Metaspace       used 27359K, capacity 27659K, committed 27904K, reserved 1075200K
  class space    used 2127K, capacity 2213K, committed 2304K, reserved 1048576K
}
Event: 440.560 GC heap before
{Heap before GC invocations=13 (full 1):
 PSYoungGen      total 333312K, used 332896K [0x000000076ab00000, 0x0000000789c00000, 0x00000007c0000000)
  eden space 332800K, 100% used [0x000000076ab00000,0x000000077f000000,0x000000077f000000)
  from space 512K, 18% used [0x0000000787500000,0x0000000787518000,0x0000000787580000)
  to   space 20480K, 0% used [0x0000000788800000,0x0000000788800000,0x0000000789c00000)
 ParOldGen       total 93696K, used 27619K [0x00000006c0000000, 0x00000006c5b80000, 0x000000076ab00000)
  object space 93696K, 29% used [0x00000006c0000000,0x00000006c1af8de8,0x00000006c5b80000)
 Metaspace       used 27359K, capacity 27659K, committed 27904K, reserved 1075200K
  class space    used 2127K, capacity 2213K, committed 2304K, reserved 1048576K
Event: 440.561 GC heap after
Heap after GC invocations=13 (full 1):
 PSYoungGen      total 320000K, used 192K [0x000000076ab00000, 0x0000000788880000, 0x00000007c0000000)
  eden space 319488K, 0% used [0x000000076ab00000,0x000000076ab00000,0x000000077e300000)
  from space 512K, 37% used [0x0000000788800000,0x0000000788830000,0x0000000788880000)
  to   space 20480K, 0% used [0x0000000786080000,0x0000000786080000,0x0000000787480000)
 ParOldGen       total 93696K, used 27619K [0x00000006c0000000, 0x00000006c5b80000, 0x000000076ab00000)
  object space 93696K, 29% used [0x00000006c0000000,0x00000006c1af8de8,0x00000006c5b80000)
 Metaspace       used 27359K, capacity 27659K, committed 27904K, reserved 1075200K
  class space    used 2127K, capacity 2213K, committed 2304K, reserved 1048576K
}
Event: 505.424 GC heap before
{Heap before GC invocations=14 (full 1):
 PSYoungGen      total 320000K, used 319680K [0x000000076ab00000, 0x0000000788880000, 0x00000007c0000000)
  eden space 319488K, 100% used [0x000000076ab00000,0x000000077e300000,0x000000077e300000)
  from space 512K, 37% used [0x0000000788800000,0x0000000788830000,0x0000000788880000)
  to   space 20480K, 0% used [0x0000000786080000,0x0000000786080000,0x0000000787480000)
 ParOldGen       total 93696K, used 27619K [0x00000006c0000000, 0x00000006c5b80000, 0x000000076ab00000)
  object space 93696K, 29% used [0x00000006c0000000,0x00000006c1af8de8,0x00000006c5b80000)
 Metaspace       used 27359K, capacity 27659K, committed 27904K, reserved 1075200K
  class space    used 2127K, capacity 2213K, committed 2304K, reserved 1048576K
Event: 505.425 GC heap after
Heap after GC invocations=14 (full 1):
 PSYoungGen      total 327168K, used 192K [0x000000076ab00000, 0x0000000788880000, 0x00000007c0000000)
  eden space 306688K, 0% used [0x000000076ab00000,0x000000076ab00000,0x000000077d680000)
  from space 20480K, 0% used [0x0000000786080000,0x00000007860b0000,0x0000000787480000)
  to   space 20480K, 0% used [0x0000000787480000,0x0000000787480000,0x0000000788880000)
 ParOldGen       total 93696K, used 27619K [0x00000006c0000000, 0x00000006c5b80000, 0x000000076ab00000)
  object space 93696K, 29% used [0x00000006c0000000,0x00000006c1af8de8,0x00000006c5b80000)
 Metaspace       used 27359K, capacity 27659K, committed 27904K, reserved 1075200K
  class space    used 2127K, capacity 2213K, committed 2304K, reserved 1048576K
}
Event: 567.409 GC heap before
{Heap before GC invocations=15 (full 1):
 PSYoungGen      total 327168K, used 306880K [0x000000076ab00000, 0x0000000788880000, 0x00000007c0000000)
  eden space 306688K, 100% used [0x000000076ab00000,0x000000077d680000,0x000000077d680000)
  from space 20480K, 0% used [0x0000000786080000,0x00000007860b0000,0x0000000787480000)
  to   space 20480K, 0% used [0x0000000787480000,0x0000000787480000,0x0000000788880000)
 ParOldGen       total 93696K, used 27619K [0x00000006c0000000, 0x00000006c5b80000, 0x000000076ab00000)
  object space 93696K, 29% used [0x00000006c0000000,0x00000006c1af8de8,0x00000006c5b80000)
 Metaspace       used 27388K, capacity 27755K, committed 27904K, reserved 1075200K
  class space    used 2131K, capacity 2245K, committed 2304K, reserved 1048576K
Event: 567.410 GC heap after
Heap after GC invocations=15 (full 1):
 PSYoungGen      total 294912K, used 288K [0x000000076ab00000, 0x0000000787500000, 0x00000007c0000000)
  eden space 294400K, 0% used [0x000000076ab00000,0x000000076ab00000,0x000000077ca80000)
  from space 512K, 56% used [0x0000000787480000,0x00000007874c8000,0x0000000787500000)
  to   space 19968K, 0% used [0x0000000784e00000,0x0000000784e00000,0x0000000786180000)
 ParOldGen       total 93696K, used 27619K [0x00000006c0000000, 0x00000006c5b80000, 0x000000076ab00000)
  object space 93696K, 29% used [0x00000006c0000000,0x00000006c1af8de8,0x00000006c5b80000)
 Metaspace       used 27388K, capacity 27755K, committed 27904K, reserved 1075200K
  class space    used 2131K, capacity 2245K, committed 2304K, reserved 1048576K
}

