# JRE version: OpenJDK Runtime Environment (8.0_242-b08) (build 1.8.0_242-b08)
# Java VM: OpenJDK 64-Bit Server VM (25.242-b08 mixed mode bsd-amd64 compressed oops)
Heap:
 PSYoungGen      total 116224K, used 80986K [0x000000076ab00000, 0x0000000772b00000, 0x00000007c0000000)
  eden space 105472K, 66% used [0x000000076ab00000,0x000000076ef985e0,0x0000000771200000)
  from space 10752K, 99% used [0x0000000772080000,0x0000000772afe580,0x0000000772b00000)
  to   space 10752K, 0% used [0x0000000771600000,0x0000000771600000,0x0000000772080000)
 ParOldGen       total 108544K, used 17679K [0x00000006c0000000, 0x00000006c6a00000, 0x000000076ab00000)
  object space 108544K, 16% used [0x00000006c0000000,0x00000006c1143e40,0x00000006c6a00000)
 Metaspace       used 27530K, capacity 27827K, committed 28160K, reserved 1075200K
  class space    used 2145K, capacity 2249K, committed 2304K, reserved 1048576K
GC Heap History (10 events):
Event: 3.840 GC heap before
{Heap before GC invocations=1 (full 0):
 PSYoungGen      total 76288K, used 64788K [0x000000076ab00000, 0x0000000770000000, 0x00000007c0000000)
  eden space 65536K, 98% used [0x000000076ab00000,0x000000076ea45298,0x000000076eb00000)
  from space 10752K, 0% used [0x000000076f580000,0x000000076f580000,0x0000000770000000)
  to   space 10752K, 0% used [0x000000076eb00000,0x000000076eb00000,0x000000076f580000)
 ParOldGen       total 175104K, used 0K [0x00000006c0000000, 0x00000006cab00000, 0x000000076ab00000)
  object space 175104K, 0% used [0x00000006c0000000,0x00000006c0000000,0x00000006cab00000)
 Metaspace       used 19070K, capacity 19347K, committed 19456K, reserved 1067008K
  class space    used 1912K, capacity 2018K, committed 2048K, reserved 1048576K
Event: 3.848 GC heap after
Heap after GC invocations=1 (full 0):
 PSYoungGen      total 76288K, used 10731K [0x000000076ab00000, 0x0000000770000000, 0x00000007c0000000)
  eden space 65536K, 0% used [0x000000076ab00000,0x000000076ab00000,0x000000076eb00000)
  from space 10752K, 99% used [0x000000076eb00000,0x000000076f57afa8,0x000000076f580000)
  to   space 10752K, 0% used [0x000000076f580000,0x000000076f580000,0x0000000770000000)
 ParOldGen       total 175104K, used 454K [0x00000006c0000000, 0x00000006cab00000, 0x000000076ab00000)
  object space 175104K, 0% used [0x00000006c0000000,0x00000006c0071920,0x00000006cab00000)
 Metaspace       used 19070K, capacity 19347K, committed 19456K, reserved 1067008K
  class space    used 1912K, capacity 2018K, committed 2048K, reserved 1048576K
}
Event: 3.984 GC heap before
{Heap before GC invocations=2 (full 0):
 PSYoungGen      total 76288K, used 35631K [0x000000076ab00000, 0x0000000770000000, 0x00000007c0000000)
  eden space 65536K, 37% used [0x000000076ab00000,0x000000076c350c68,0x000000076eb00000)
  from space 10752K, 99% used [0x000000076eb00000,0x000000076f57afa8,0x000000076f580000)
  to   space 10752K, 0% used [0x000000076f580000,0x000000076f580000,0x0000000770000000)
 ParOldGen       total 175104K, used 454K [0x00000006c0000000, 0x00000006cab00000, 0x000000076ab00000)
  object space 175104K, 0% used [0x00000006c0000000,0x00000006c0071920,0x00000006cab00000)
 Metaspace       used 20835K, capacity 21160K, committed 21296K, reserved 1069056K
  class space    used 1978K, capacity 2082K, committed 2176K, reserved 1048576K
Event: 3.994 GC heap after
Heap after GC invocations=2 (full 0):
 PSYoungGen      total 76288K, used 10749K [0x000000076ab00000, 0x0000000774000000, 0x00000007c0000000)
  eden space 65536K, 0% used [0x000000076ab00000,0x000000076ab00000,0x000000076eb00000)
  from space 10752K, 99% used [0x000000076f580000,0x000000076ffff530,0x0000000770000000)
  to   space 10752K, 0% used [0x000000076eb00000,0x000000076eb00000,0x000000076f580000)
 ParOldGen       total 175104K, used 7119K [0x00000006c0000000, 0x00000006cab00000, 0x000000076ab00000)
  object space 175104K, 4% used [0x00000006c0000000,0x00000006c06f3fe8,0x00000006cab00000)
 Metaspace       used 20835K, capacity 21160K, committed 21296K, reserved 1069056K
  class space    used 1978K, capacity 2082K, committed 2176K, reserved 1048576K
}
Event: 3.994 GC heap before
{Heap before GC invocations=3 (full 1):
 PSYoungGen      total 76288K, used 10749K [0x000000076ab00000, 0x0000000774000000, 0x00000007c0000000)
  eden space 65536K, 0% used [0x000000076ab00000,0x000000076ab00000,0x000000076eb00000)
  from space 10752K, 99% used [0x000000076f580000,0x000000076ffff530,0x0000000770000000)
  to   space 10752K, 0% used [0x000000076eb00000,0x000000076eb00000,0x000000076f580000)
 ParOldGen       total 175104K, used 7119K [0x00000006c0000000, 0x00000006cab00000, 0x000000076ab00000)
  object space 175104K, 4% used [0x00000006c0000000,0x00000006c06f3fe8,0x00000006cab00000)
 Metaspace       used 20835K, capacity 21160K, committed 21296K, reserved 1069056K
  class space    used 1978K, capacity 2082K, committed 2176K, reserved 1048576K
Event: 4.039 GC heap after
Heap after GC invocations=3 (full 1):
 PSYoungGen      total 76288K, used 0K [0x000000076ab00000, 0x0000000774000000, 0x00000007c0000000)
  eden space 65536K, 0% used [0x000000076ab00000,0x000000076ab00000,0x000000076eb00000)
  from space 10752K, 0% used [0x000000076f580000,0x000000076f580000,0x0000000770000000)
  to   space 10752K, 0% used [0x000000076eb00000,0x000000076eb00000,0x000000076f580000)
 ParOldGen       total 108544K, used 17399K [0x00000006c0000000, 0x00000006c6a00000, 0x000000076ab00000)
  object space 108544K, 16% used [0x00000006c0000000,0x00000006c10fde30,0x00000006c6a00000)
 Metaspace       used 20835K, capacity 21160K, committed 21296K, reserved 1069056K
  class space    used 1978K, capacity 2082K, committed 2176K, reserved 1048576K
}
Event: 7.146 GC heap before
{Heap before GC invocations=4 (full 1):
 PSYoungGen      total 76288K, used 65536K [0x000000076ab00000, 0x0000000774000000, 0x00000007c0000000)
  eden space 65536K, 100% used [0x000000076ab00000,0x000000076eb00000,0x000000076eb00000)
  from space 10752K, 0% used [0x000000076f580000,0x000000076f580000,0x0000000770000000)
  to   space 10752K, 0% used [0x000000076eb00000,0x000000076eb00000,0x000000076f580000)
 ParOldGen       total 108544K, used 17399K [0x00000006c0000000, 0x00000006c6a00000, 0x000000076ab00000)
  object space 108544K, 16% used [0x00000006c0000000,0x00000006c10fde30,0x00000006c6a00000)
 Metaspace       used 27017K, capacity 27367K, committed 27648K, reserved 1075200K
  class space    used 2130K, capacity 2245K, committed 2304K, reserved 1048576K
Event: 7.152 GC heap after
Heap after GC invocations=4 (full 1):
 PSYoungGen      total 76288K, used 8414K [0x000000076ab00000, 0x0000000772b00000, 0x00000007c0000000)
  eden space 65536K, 0% used [0x000000076ab00000,0x000000076ab00000,0x000000076eb00000)
  from space 10752K, 78% used [0x000000076eb00000,0x000000076f337bf8,0x000000076f580000)
  to   space 10752K, 0% used [0x0000000772080000,0x0000000772080000,0x0000000772b00000)
 ParOldGen       total 108544K, used 17407K [0x00000006c0000000, 0x00000006c6a00000, 0x000000076ab00000)
  object space 108544K, 16% used [0x00000006c0000000,0x00000006c10ffe30,0x00000006c6a00000)
 Metaspace       used 27017K, capacity 27367K, committed 27648K, reserved 1075200K
  class space    used 2130K, capacity 2245K, committed 2304K, reserved 1048576K
}
Event: 11.811 GC heap before
{Heap before GC invocations=5 (full 1):
 PSYoungGen      total 76288K, used 73950K [0x000000076ab00000, 0x0000000772b00000, 0x00000007c0000000)
  eden space 65536K, 100% used [0x000000076ab00000,0x000000076eb00000,0x000000076eb00000)
  from space 10752K, 78% used [0x000000076eb00000,0x000000076f337bf8,0x000000076f580000)
  to   space 10752K, 0% used [0x0000000772080000,0x0000000772080000,0x0000000772b00000)
 ParOldGen       total 108544K, used 17407K [0x00000006c0000000, 0x00000006c6a00000, 0x000000076ab00000)
  object space 108544K, 16% used [0x00000006c0000000,0x00000006c10ffe30,0x00000006c6a00000)
 Metaspace       used 27357K, capacity 27693K, committed 27904K, reserved 1075200K
  class space    used 2130K, capacity 2246K, committed 2304K, reserved 1048576K
Event: 11.818 GC heap after
Heap after GC invocations=5 (full 1):
 PSYoungGen      total 116224K, used 10745K [0x000000076ab00000, 0x0000000772b00000, 0x00000007c0000000)
  eden space 105472K, 0% used [0x000000076ab00000,0x000000076ab00000,0x0000000771200000)
  from space 10752K, 99% used [0x0000000772080000,0x0000000772afe580,0x0000000772b00000)
  to   space 10752K, 0% used [0x0000000771600000,0x0000000771600000,0x0000000772080000)
 ParOldGen       total 108544K, used 17679K [0x00000006c0000000, 0x00000006c6a00000, 0x000000076ab00000)
  object space 108544K, 16% used [0x00000006c0000000,0x00000006c1143e40,0x00000006c6a00000)
 Metaspace       used 27357K, capacity 27693K, committed 27904K, reserved 1075200K
  class space    used 2130K, capacity 2246K, committed 2304K, reserved 1048576K
}

