# JRE version: OpenJDK Runtime Environment (8.0_242-b08) (build 1.8.0_242-b08)
# Java VM: OpenJDK 64-Bit Server VM (25.242-b08 mixed mode bsd-amd64 compressed oops)
Heap:
 PSYoungGen      total 71168K, used 57778K [0x000000076ab00000, 0x0000000770300000, 0x00000007c0000000)
  eden space 60416K, 77% used [0x000000076ab00000,0x000000076d8f3e48,0x000000076e600000)
  from space 10752K, 99% used [0x000000076e700000,0x000000076f178c00,0x000000076f180000)
  to   space 14848K, 0% used [0x000000076f480000,0x000000076f480000,0x0000000770300000)
 ParOldGen       total 124928K, used 14865K [0x00000006c0000000, 0x00000006c7a00000, 0x000000076ab00000)
  object space 124928K, 11% used [0x00000006c0000000,0x00000006c0e84560,0x00000006c7a00000)
 Metaspace       used 24435K, capacity 24905K, committed 25088K, reserved 1071104K
  class space    used 2387K, capacity 2537K, committed 2560K, reserved 1048576K
GC Heap History (10 events):
Event: 43.415 GC heap before
{Heap before GC invocations=6 (full 1):
 PSYoungGen      total 76288K, used 76210K [0x000000076ab00000, 0x0000000770000000, 0x00000007c0000000)
  eden space 65536K, 100% used [0x000000076ab00000,0x000000076eb00000,0x000000076eb00000)
  from space 10752K, 99% used [0x000000076f580000,0x000000076ffecbf0,0x0000000770000000)
  to   space 10752K, 0% used [0x000000076eb00000,0x000000076eb00000,0x000000076f580000)
 ParOldGen       total 124928K, used 14849K [0x00000006c0000000, 0x00000006c7a00000, 0x000000076ab00000)
  object space 124928K, 11% used [0x00000006c0000000,0x00000006c0e80560,0x00000006c7a00000)
 Metaspace       used 24281K, capacity 24709K, committed 25088K, reserved 1071104K
  class space    used 2375K, capacity 2535K, committed 2560K, reserved 1048576K
Event: 43.418 GC heap after
Heap after GC invocations=6 (full 1):
 PSYoungGen      total 75264K, used 10738K [0x000000076ab00000, 0x0000000770900000, 0x00000007c0000000)
  eden space 64512K, 0% used [0x000000076ab00000,0x000000076ab00000,0x000000076ea00000)
  from space 10752K, 99% used [0x000000076eb00000,0x000000076f57cbf0,0x000000076f580000)
  to   space 15872K, 0% used [0x000000076f980000,0x000000076f980000,0x0000000770900000)
 ParOldGen       total 124928K, used 14857K [0x00000006c0000000, 0x00000006c7a00000, 0x000000076ab00000)
  object space 124928K, 11% used [0x00000006c0000000,0x00000006c0e82560,0x00000006c7a00000)
 Metaspace       used 24281K, capacity 24709K, committed 25088K, reserved 1071104K
  class space    used 2375K, capacity 2535K, committed 2560K, reserved 1048576K
}
Event: 54.887 GC heap before
{Heap before GC invocations=7 (full 1):
 PSYoungGen      total 75264K, used 75250K [0x000000076ab00000, 0x0000000770900000, 0x00000007c0000000)
  eden space 64512K, 100% used [0x000000076ab00000,0x000000076ea00000,0x000000076ea00000)
  from space 10752K, 99% used [0x000000076eb00000,0x000000076f57cbf0,0x000000076f580000)
  to   space 15872K, 0% used [0x000000076f980000,0x000000076f980000,0x0000000770900000)
 ParOldGen       total 124928K, used 14857K [0x00000006c0000000, 0x00000006c7a00000, 0x000000076ab00000)
  object space 124928K, 11% used [0x00000006c0000000,0x00000006c0e82560,0x00000006c7a00000)
 Metaspace       used 24281K, capacity 24709K, committed 25088K, reserved 1071104K
  class space    used 2375K, capacity 2535K, committed 2560K, reserved 1048576K
Event: 54.891 GC heap after
Heap after GC invocations=7 (full 1):
 PSYoungGen      total 77312K, used 10770K [0x000000076ab00000, 0x0000000770700000, 0x00000007c0000000)
  eden space 63488K, 0% used [0x000000076ab00000,0x000000076ab00000,0x000000076e900000)
  from space 13824K, 77% used [0x000000076f980000,0x0000000770404bf0,0x0000000770700000)
  to   space 15360K, 0% used [0x000000076e900000,0x000000076e900000,0x000000076f800000)
 ParOldGen       total 124928K, used 14857K [0x00000006c0000000, 0x00000006c7a00000, 0x000000076ab00000)
  object space 124928K, 11% used [0x00000006c0000000,0x00000006c0e82560,0x00000006c7a00000)
 Metaspace       used 24281K, capacity 24709K, committed 25088K, reserved 1071104K
  class space    used 2375K, capacity 2535K, committed 2560K, reserved 1048576K
}
Event: 66.218 GC heap before
{Heap before GC invocations=8 (full 1):
 PSYoungGen      total 77312K, used 74258K [0x000000076ab00000, 0x0000000770700000, 0x00000007c0000000)
  eden space 63488K, 100% used [0x000000076ab00000,0x000000076e900000,0x000000076e900000)
  from space 13824K, 77% used [0x000000076f980000,0x0000000770404bf0,0x0000000770700000)
  to   space 15360K, 0% used [0x000000076e900000,0x000000076e900000,0x000000076f800000)
 ParOldGen       total 124928K, used 14857K [0x00000006c0000000, 0x00000006c7a00000, 0x000000076ab00000)
  object space 124928K, 11% used [0x00000006c0000000,0x00000006c0e82560,0x00000006c7a00000)
 Metaspace       used 24281K, capacity 24709K, committed 25088K, reserved 1071104K
  class space    used 2375K, capacity 2535K, committed 2560K, reserved 1048576K
Event: 66.221 GC heap after
Heap after GC invocations=8 (full 1):
 PSYoungGen      total 73216K, used 10706K [0x000000076ab00000, 0x0000000770600000, 0x00000007c0000000)
  eden space 62464K, 0% used [0x000000076ab00000,0x000000076ab00000,0x000000076e800000)
  from space 10752K, 99% used [0x000000076e900000,0x000000076f374bf0,0x000000076f380000)
  to   space 15360K, 0% used [0x000000076f700000,0x000000076f700000,0x0000000770600000)
 ParOldGen       total 124928K, used 14857K [0x00000006c0000000, 0x00000006c7a00000, 0x000000076ab00000)
  object space 124928K, 11% used [0x00000006c0000000,0x00000006c0e82560,0x00000006c7a00000)
 Metaspace       used 24281K, capacity 24709K, committed 25088K, reserved 1071104K
  class space    used 2375K, capacity 2535K, committed 2560K, reserved 1048576K
}
Event: 77.382 GC heap before
{Heap before GC invocations=9 (full 1):
 PSYoungGen      total 73216K, used 73170K [0x000000076ab00000, 0x0000000770600000, 0x00000007c0000000)
  eden space 62464K, 100% used [0x000000076ab00000,0x000000076e800000,0x000000076e800000)
  from space 10752K, 99% used [0x000000076e900000,0x000000076f374bf0,0x000000076f380000)
  to   space 15360K, 0% used [0x000000076f700000,0x000000076f700000,0x0000000770600000)
 ParOldGen       total 124928K, used 14857K [0x00000006c0000000, 0x00000006c7a00000, 0x000000076ab00000)
  object space 124928K, 11% used [0x00000006c0000000,0x00000006c0e82560,0x00000006c7a00000)
 Metaspace       used 24281K, capacity 24709K, committed 25088K, reserved 1071104K
  class space    used 2375K, capacity 2535K, committed 2560K, reserved 1048576K
Event: 77.384 GC heap after
Heap after GC invocations=9 (full 1):
 PSYoungGen      total 74752K, used 10723K [0x000000076ab00000, 0x0000000770400000, 0x00000007c0000000)
  eden space 61440K, 0% used [0x000000076ab00000,0x000000076ab00000,0x000000076e700000)
  from space 13312K, 80% used [0x000000076f700000,0x0000000770178c00,0x0000000770400000)
  to   space 14848K, 0% used [0x000000076e700000,0x000000076e700000,0x000000076f580000)
 ParOldGen       total 124928K, used 14857K [0x00000006c0000000, 0x00000006c7a00000, 0x000000076ab00000)
  object space 124928K, 11% used [0x00000006c0000000,0x00000006c0e82560,0x00000006c7a00000)
 Metaspace       used 24281K, capacity 24709K, committed 25088K, reserved 1071104K
  class space    used 2375K, capacity 2535K, committed 2560K, reserved 1048576K
}
Event: 88.282 GC heap before
{Heap before GC invocations=10 (full 1):
 PSYoungGen      total 74752K, used 72163K [0x000000076ab00000, 0x0000000770400000, 0x00000007c0000000)
  eden space 61440K, 100% used [0x000000076ab00000,0x000000076e700000,0x000000076e700000)
  from space 13312K, 80% used [0x000000076f700000,0x0000000770178c00,0x0000000770400000)
  to   space 14848K, 0% used [0x000000076e700000,0x000000076e700000,0x000000076f580000)
 ParOldGen       total 124928K, used 14857K [0x00000006c0000000, 0x00000006c7a00000, 0x000000076ab00000)
  object space 124928K, 11% used [0x00000006c0000000,0x00000006c0e82560,0x00000006c7a00000)
 Metaspace       used 24315K, capacity 24709K, committed 25088K, reserved 1071104K
  class space    used 2375K, capacity 2535K, committed 2560K, reserved 1048576K
Event: 88.284 GC heap after
Heap after GC invocations=10 (full 1):
 PSYoungGen      total 71168K, used 10723K [0x000000076ab00000, 0x0000000770300000, 0x00000007c0000000)
  eden space 60416K, 0% used [0x000000076ab00000,0x000000076ab00000,0x000000076e600000)
  from space 10752K, 99% used [0x000000076e700000,0x000000076f178c00,0x000000076f180000)
  to   space 14848K, 0% used [0x000000076f480000,0x000000076f480000,0x0000000770300000)
 ParOldGen       total 124928K, used 14865K [0x00000006c0000000, 0x00000006c7a00000, 0x000000076ab00000)
  object space 124928K, 11% used [0x00000006c0000000,0x00000006c0e84560,0x00000006c7a00000)
 Metaspace       used 24315K, capacity 24709K, committed 25088K, reserved 1071104K
  class space    used 2375K, capacity 2535K, committed 2560K, reserved 1048576K
}

