# JRE version: OpenJDK Runtime Environment (8.0_242-b08) (build 1.8.0_242-b08)
# Java VM: OpenJDK 64-Bit Server VM (25.242-b08 mixed mode bsd-amd64 compressed oops)
Heap:
 PSYoungGen      total 83968K, used 23338K [0x000000076ab00000, 0x0000000770d00000, 0x00000007c0000000)
  eden space 70656K, 17% used [0x000000076ab00000,0x000000076b761390,0x000000076f000000)
  from space 13312K, 80% used [0x0000000770000000,0x0000000770a69610,0x0000000770d00000)
  to   space 14848K, 0% used [0x000000076f000000,0x000000076f000000,0x000000076fe80000)
 ParOldGen       total 127488K, used 14929K [0x00000006c0000000, 0x00000006c7c80000, 0x000000076ab00000)
  object space 127488K, 11% used [0x00000006c0000000,0x00000006c0e947f0,0x00000006c7c80000)
 Metaspace       used 24348K, capacity 24777K, committed 25088K, reserved 1071104K
  class space    used 2382K, capacity 2537K, committed 2560K, reserved 1048576K
GC Heap History (10 events):
Event: 28.954 GC heap before
{Heap before GC invocations=5 (full 1):
 PSYoungGen      total 76288K, used 76229K [0x000000076ab00000, 0x0000000770a80000, 0x00000007c0000000)
  eden space 65536K, 100% used [0x000000076ab00000,0x000000076eb00000,0x000000076eb00000)
  from space 10752K, 99% used [0x000000076eb00000,0x000000076f571610,0x000000076f580000)
  to   space 10752K, 0% used [0x0000000770000000,0x0000000770000000,0x0000000770a80000)
 ParOldGen       total 127488K, used 14913K [0x00000006c0000000, 0x00000006c7c80000, 0x000000076ab00000)
  object space 127488K, 11% used [0x00000006c0000000,0x00000006c0e907f0,0x00000006c7c80000)
 Metaspace       used 24264K, capacity 24675K, committed 24832K, reserved 1071104K
  class space    used 2370K, capacity 2502K, committed 2560K, reserved 1048576K
Event: 28.960 GC heap after
Heap after GC invocations=5 (full 1):
 PSYoungGen      total 85504K, used 10661K [0x000000076ab00000, 0x0000000770a80000, 0x00000007c0000000)
  eden space 74752K, 0% used [0x000000076ab00000,0x000000076ab00000,0x000000076f400000)
  from space 10752K, 99% used [0x0000000770000000,0x0000000770a69630,0x0000000770a80000)
  to   space 10752K, 0% used [0x000000076f580000,0x000000076f580000,0x0000000770000000)
 ParOldGen       total 127488K, used 14921K [0x00000006c0000000, 0x00000006c7c80000, 0x000000076ab00000)
  object space 127488K, 11% used [0x00000006c0000000,0x00000006c0e927f0,0x00000006c7c80000)
 Metaspace       used 24264K, capacity 24675K, committed 24832K, reserved 1071104K
  class space    used 2370K, capacity 2502K, committed 2560K, reserved 1048576K
}
Event: 42.139 GC heap before
{Heap before GC invocations=6 (full 1):
 PSYoungGen      total 85504K, used 85413K [0x000000076ab00000, 0x0000000770a80000, 0x00000007c0000000)
  eden space 74752K, 100% used [0x000000076ab00000,0x000000076f400000,0x000000076f400000)
  from space 10752K, 99% used [0x0000000770000000,0x0000000770a69630,0x0000000770a80000)
  to   space 10752K, 0% used [0x000000076f580000,0x000000076f580000,0x0000000770000000)
 ParOldGen       total 127488K, used 14921K [0x00000006c0000000, 0x00000006c7c80000, 0x000000076ab00000)
  object space 127488K, 11% used [0x00000006c0000000,0x00000006c0e927f0,0x00000006c7c80000)
 Metaspace       used 24264K, capacity 24675K, committed 24832K, reserved 1071104K
  class space    used 2370K, capacity 2502K, committed 2560K, reserved 1048576K
Event: 42.142 GC heap after
Heap after GC invocations=6 (full 1):
 PSYoungGen      total 84480K, used 10645K [0x000000076ab00000, 0x0000000771300000, 0x00000007c0000000)
  eden space 73728K, 0% used [0x000000076ab00000,0x000000076ab00000,0x000000076f300000)
  from space 10752K, 99% used [0x000000076f580000,0x000000076ffe5620,0x0000000770000000)
  to   space 16384K, 0% used [0x0000000770300000,0x0000000770300000,0x0000000771300000)
 ParOldGen       total 127488K, used 14929K [0x00000006c0000000, 0x00000006c7c80000, 0x000000076ab00000)
  object space 127488K, 11% used [0x00000006c0000000,0x00000006c0e947f0,0x00000006c7c80000)
 Metaspace       used 24264K, capacity 24675K, committed 24832K, reserved 1071104K
  class space    used 2370K, capacity 2502K, committed 2560K, reserved 1048576K
}
Event: 55.337 GC heap before
{Heap before GC invocations=7 (full 1):
 PSYoungGen      total 84480K, used 84373K [0x000000076ab00000, 0x0000000771300000, 0x00000007c0000000)
  eden space 73728K, 100% used [0x000000076ab00000,0x000000076f300000,0x000000076f300000)
  from space 10752K, 99% used [0x000000076f580000,0x000000076ffe5620,0x0000000770000000)
  to   space 16384K, 0% used [0x0000000770300000,0x0000000770300000,0x0000000771300000)
 ParOldGen       total 127488K, used 14929K [0x00000006c0000000, 0x00000006c7c80000, 0x000000076ab00000)
  object space 127488K, 11% used [0x00000006c0000000,0x00000006c0e947f0,0x00000006c7c80000)
 Metaspace       used 24264K, capacity 24675K, committed 24832K, reserved 1071104K
  class space    used 2370K, capacity 2502K, committed 2560K, reserved 1048576K
Event: 55.341 GC heap after
Heap after GC invocations=7 (full 1):
 PSYoungGen      total 87040K, used 10709K [0x000000076ab00000, 0x0000000771100000, 0x00000007c0000000)
  eden space 72704K, 0% used [0x000000076ab00000,0x000000076ab00000,0x000000076f200000)
  from space 14336K, 74% used [0x0000000770300000,0x0000000770d75620,0x0000000771100000)
  to   space 15872K, 0% used [0x000000076f200000,0x000000076f200000,0x0000000770180000)
 ParOldGen       total 127488K, used 14929K [0x00000006c0000000, 0x00000006c7c80000, 0x000000076ab00000)
  object space 127488K, 11% used [0x00000006c0000000,0x00000006c0e947f0,0x00000006c7c80000)
 Metaspace       used 24264K, capacity 24675K, committed 24832K, reserved 1071104K
  class space    used 2370K, capacity 2502K, committed 2560K, reserved 1048576K
}
Event: 68.303 GC heap before
{Heap before GC invocations=8 (full 1):
 PSYoungGen      total 87040K, used 83413K [0x000000076ab00000, 0x0000000771100000, 0x00000007c0000000)
  eden space 72704K, 100% used [0x000000076ab00000,0x000000076f200000,0x000000076f200000)
  from space 14336K, 74% used [0x0000000770300000,0x0000000770d75620,0x0000000771100000)
  to   space 15872K, 0% used [0x000000076f200000,0x000000076f200000,0x0000000770180000)
 ParOldGen       total 127488K, used 14929K [0x00000006c0000000, 0x00000006c7c80000, 0x000000076ab00000)
  object space 127488K, 11% used [0x00000006c0000000,0x00000006c0e947f0,0x00000006c7c80000)
 Metaspace       used 24271K, capacity 24677K, committed 24832K, reserved 1071104K
  class space    used 2370K, capacity 2503K, committed 2560K, reserved 1048576K
Event: 68.307 GC heap after
Heap after GC invocations=8 (full 1):
 PSYoungGen      total 82432K, used 10661K [0x000000076ab00000, 0x0000000770f00000, 0x00000007c0000000)
  eden space 71680K, 0% used [0x000000076ab00000,0x000000076ab00000,0x000000076f100000)
  from space 10752K, 99% used [0x000000076f200000,0x000000076fc69610,0x000000076fc80000)
  to   space 15360K, 0% used [0x0000000770000000,0x0000000770000000,0x0000000770f00000)
 ParOldGen       total 127488K, used 14929K [0x00000006c0000000, 0x00000006c7c80000, 0x000000076ab00000)
  object space 127488K, 11% used [0x00000006c0000000,0x00000006c0e947f0,0x00000006c7c80000)
 Metaspace       used 24271K, capacity 24677K, committed 24832K, reserved 1071104K
  class space    used 2370K, capacity 2503K, committed 2560K, reserved 1048576K
}
Event: 81.122 GC heap before
{Heap before GC invocations=9 (full 1):
 PSYoungGen      total 82432K, used 82341K [0x000000076ab00000, 0x0000000770f00000, 0x00000007c0000000)
  eden space 71680K, 100% used [0x000000076ab00000,0x000000076f100000,0x000000076f100000)
  from space 10752K, 99% used [0x000000076f200000,0x000000076fc69610,0x000000076fc80000)
  to   space 15360K, 0% used [0x0000000770000000,0x0000000770000000,0x0000000770f00000)
 ParOldGen       total 127488K, used 14929K [0x00000006c0000000, 0x00000006c7c80000, 0x000000076ab00000)
  object space 127488K, 11% used [0x00000006c0000000,0x00000006c0e947f0,0x00000006c7c80000)
 Metaspace       used 24271K, capacity 24677K, committed 24832K, reserved 1071104K
  class space    used 2370K, capacity 2503K, committed 2560K, reserved 1048576K
Event: 81.125 GC heap after
Heap after GC invocations=9 (full 1):
 PSYoungGen      total 83968K, used 10661K [0x000000076ab00000, 0x0000000770d00000, 0x00000007c0000000)
  eden space 70656K, 0% used [0x000000076ab00000,0x000000076ab00000,0x000000076f000000)
  from space 13312K, 80% used [0x0000000770000000,0x0000000770a69610,0x0000000770d00000)
  to   space 14848K, 0% used [0x000000076f000000,0x000000076f000000,0x000000076fe80000)
 ParOldGen       total 127488K, used 14929K [0x00000006c0000000, 0x00000006c7c80000, 0x000000076ab00000)
  object space 127488K, 11% used [0x00000006c0000000,0x00000006c0e947f0,0x00000006c7c80000)
 Metaspace       used 24271K, capacity 24677K, committed 24832K, reserved 1071104K
  class space    used 2370K, capacity 2503K, committed 2560K, reserved 1048576K
}

