# JRE version: OpenJDK Runtime Environment (8.0_242-b08) (build 1.8.0_242-b08)
# Java VM: OpenJDK 64-Bit Server VM (25.242-b08 mixed mode bsd-amd64 compressed oops)
Heap:
 PSYoungGen      total 277504K, used 206778K [0x000000076ab00000, 0x000000078cd00000, 0x00000007c0000000)
  eden space 262144K, 78% used [0x000000076ab00000,0x000000077749e898,0x000000077ab00000)
  from space 15360K, 2% used [0x000000077ab00000,0x000000077ab50000,0x000000077ba00000)
  to   space 17408K, 0% used [0x000000078bc00000,0x000000078bc00000,0x000000078cd00000)
 ParOldGen       total 175104K, used 16753K [0x00000006c0000000, 0x00000006cab00000, 0x000000076ab00000)
  object space 175104K, 9% used [0x00000006c0000000,0x00000006c105c520,0x00000006cab00000)
 Metaspace       used 19597K, capacity 19947K, committed 19968K, reserved 1067008K
  class space    used 1937K, capacity 2042K, committed 2048K, reserved 1048576K
GC Heap History (10 events):
Event: 3.540 GC heap before
{Heap before GC invocations=3 (full 0):
 PSYoungGen      total 76288K, used 76277K [0x000000076ab00000, 0x0000000774000000, 0x00000007c0000000)
  eden space 65536K, 100% used [0x000000076ab00000,0x000000076eb00000,0x000000076eb00000)
  from space 10752K, 99% used [0x000000076f580000,0x000000076fffd4e0,0x0000000770000000)
  to   space 10752K, 0% used [0x000000076eb00000,0x000000076eb00000,0x000000076f580000)
 ParOldGen       total 175104K, used 5961K [0x00000006c0000000, 0x00000006cab00000, 0x000000076ab00000)
  object space 175104K, 3% used [0x00000006c0000000,0x00000006c05d27d8,0x00000006cab00000)
 Metaspace       used 19299K, capacity 19671K, committed 19712K, reserved 1067008K
  class space    used 1923K, capacity 2038K, committed 2048K, reserved 1048576K
Event: 3.545 GC heap after
Heap after GC invocations=3 (full 0):
 PSYoungGen      total 76288K, used 10739K [0x000000076ab00000, 0x0000000774000000, 0x00000007c0000000)
  eden space 65536K, 0% used [0x000000076ab00000,0x000000076ab00000,0x000000076eb00000)
  from space 10752K, 99% used [0x000000076eb00000,0x000000076f57cdc0,0x000000076f580000)
  to   space 10752K, 0% used [0x0000000773580000,0x0000000773580000,0x0000000774000000)
 ParOldGen       total 175104K, used 6001K [0x00000006c0000000, 0x00000006cab00000, 0x000000076ab00000)
  object space 175104K, 3% used [0x00000006c0000000,0x00000006c05dc7d8,0x00000006cab00000)
 Metaspace       used 19299K, capacity 19671K, committed 19712K, reserved 1067008K
  class space    used 1923K, capacity 2038K, committed 2048K, reserved 1048576K
}
Event: 3.709 GC heap before
{Heap before GC invocations=4 (full 0):
 PSYoungGen      total 76288K, used 76275K [0x000000076ab00000, 0x0000000774000000, 0x00000007c0000000)
  eden space 65536K, 100% used [0x000000076ab00000,0x000000076eb00000,0x000000076eb00000)
  from space 10752K, 99% used [0x000000076eb00000,0x000000076f57cdc0,0x000000076f580000)
  to   space 10752K, 0% used [0x0000000773580000,0x0000000773580000,0x0000000774000000)
 ParOldGen       total 175104K, used 6001K [0x00000006c0000000, 0x00000006cab00000, 0x000000076ab00000)
  object space 175104K, 3% used [0x00000006c0000000,0x00000006c05dc7d8,0x00000006cab00000)
 Metaspace       used 19327K, capacity 19741K, committed 19968K, reserved 1067008K
  class space    used 1923K, capacity 2039K, committed 2048K, reserved 1048576K
Event: 3.714 GC heap after
Heap after GC invocations=4 (full 0):
 PSYoungGen      total 141824K, used 10723K [0x000000076ab00000, 0x0000000774000000, 0x00000007c0000000)
  eden space 131072K, 0% used [0x000000076ab00000,0x000000076ab00000,0x0000000772b00000)
  from space 10752K, 99% used [0x0000000773580000,0x0000000773ff8db0,0x0000000774000000)
  to   space 10752K, 0% used [0x0000000772b00000,0x0000000772b00000,0x0000000773580000)
 ParOldGen       total 175104K, used 6169K [0x00000006c0000000, 0x00000006cab00000, 0x000000076ab00000)
  object space 175104K, 3% used [0x00000006c0000000,0x00000006c06067d8,0x00000006cab00000)
 Metaspace       used 19327K, capacity 19741K, committed 19968K, reserved 1067008K
  class space    used 1923K, capacity 2039K, committed 2048K, reserved 1048576K
}
Event: 4.074 GC heap before
{Heap before GC invocations=5 (full 0):
 PSYoungGen      total 141824K, used 141795K [0x000000076ab00000, 0x0000000774000000, 0x00000007c0000000)
  eden space 131072K, 100% used [0x000000076ab00000,0x0000000772b00000,0x0000000772b00000)
  from space 10752K, 99% used [0x0000000773580000,0x0000000773ff8db0,0x0000000774000000)
  to   space 10752K, 0% used [0x0000000772b00000,0x0000000772b00000,0x0000000773580000)
 ParOldGen       total 175104K, used 6169K [0x00000006c0000000, 0x00000006cab00000, 0x000000076ab00000)
  object space 175104K, 3% used [0x00000006c0000000,0x00000006c06067d8,0x00000006cab00000)
 Metaspace       used 19359K, capacity 19741K, committed 19968K, reserved 1067008K
  class space    used 1923K, capacity 2039K, committed 2048K, reserved 1048576K
Event: 4.079 GC heap after
Heap after GC invocations=5 (full 0):
 PSYoungGen      total 141824K, used 10723K [0x000000076ab00000, 0x000000077c900000, 0x00000007c0000000)
  eden space 131072K, 0% used [0x000000076ab00000,0x000000076ab00000,0x0000000772b00000)
  from space 10752K, 99% used [0x0000000772b00000,0x0000000773578dd0,0x0000000773580000)
  to   space 15360K, 0% used [0x000000077ba00000,0x000000077ba00000,0x000000077c900000)
 ParOldGen       total 175104K, used 6177K [0x00000006c0000000, 0x00000006cab00000, 0x000000076ab00000)
  object space 175104K, 3% used [0x00000006c0000000,0x00000006c06087d8,0x00000006cab00000)
 Metaspace       used 19359K, capacity 19741K, committed 19968K, reserved 1067008K
  class space    used 1923K, capacity 2039K, committed 2048K, reserved 1048576K
}
Event: 4.357 GC heap before
{Heap before GC invocations=6 (full 0):
 PSYoungGen      total 141824K, used 141795K [0x000000076ab00000, 0x000000077c900000, 0x00000007c0000000)
  eden space 131072K, 100% used [0x000000076ab00000,0x0000000772b00000,0x0000000772b00000)
  from space 10752K, 99% used [0x0000000772b00000,0x0000000773578dd0,0x0000000773580000)
  to   space 15360K, 0% used [0x000000077ba00000,0x000000077ba00000,0x000000077c900000)
 ParOldGen       total 175104K, used 6177K [0x00000006c0000000, 0x00000006cab00000, 0x000000076ab00000)
  object space 175104K, 3% used [0x00000006c0000000,0x00000006c06087d8,0x00000006cab00000)
 Metaspace       used 19411K, capacity 19805K, committed 19968K, reserved 1067008K
  class space    used 1923K, capacity 2039K, committed 2048K, reserved 1048576K
Event: 4.362 GC heap after
Heap after GC invocations=6 (full 0):
 PSYoungGen      total 277504K, used 10707K [0x000000076ab00000, 0x000000077c900000, 0x00000007c0000000)
  eden space 262144K, 0% used [0x000000076ab00000,0x000000076ab00000,0x000000077ab00000)
  from space 15360K, 69% used [0x000000077ba00000,0x000000077c474da0,0x000000077c900000)
  to   space 15360K, 0% used [0x000000077ab00000,0x000000077ab00000,0x000000077ba00000)
 ParOldGen       total 175104K, used 6185K [0x00000006c0000000, 0x00000006cab00000, 0x000000076ab00000)
  object space 175104K, 3% used [0x00000006c0000000,0x00000006c060a7d8,0x00000006cab00000)
 Metaspace       used 19411K, capacity 19805K, committed 19968K, reserved 1067008K
  class space    used 1923K, capacity 2039K, committed 2048K, reserved 1048576K
}
Event: 5.094 GC heap before
{Heap before GC invocations=7 (full 0):
 PSYoungGen      total 277504K, used 272851K [0x000000076ab00000, 0x000000077c900000, 0x00000007c0000000)
  eden space 262144K, 100% used [0x000000076ab00000,0x000000077ab00000,0x000000077ab00000)
  from space 15360K, 69% used [0x000000077ba00000,0x000000077c474da0,0x000000077c900000)
  to   space 15360K, 0% used [0x000000077ab00000,0x000000077ab00000,0x000000077ba00000)
 ParOldGen       total 175104K, used 6185K [0x00000006c0000000, 0x00000006cab00000, 0x000000076ab00000)
  object space 175104K, 3% used [0x00000006c0000000,0x00000006c060a7d8,0x00000006cab00000)
 Metaspace       used 19495K, capacity 19875K, committed 19968K, reserved 1067008K
  class space    used 1924K, capacity 2040K, committed 2048K, reserved 1048576K
Event: 5.100 GC heap after
Heap after GC invocations=7 (full 0):
 PSYoungGen      total 277504K, used 320K [0x000000076ab00000, 0x000000078cd00000, 0x00000007c0000000)
  eden space 262144K, 0% used [0x000000076ab00000,0x000000076ab00000,0x000000077ab00000)
  from space 15360K, 2% used [0x000000077ab00000,0x000000077ab50000,0x000000077ba00000)
  to   space 17408K, 0% used [0x000000078bc00000,0x000000078bc00000,0x000000078cd00000)
 ParOldGen       total 175104K, used 16753K [0x00000006c0000000, 0x00000006cab00000, 0x000000076ab00000)
  object space 175104K, 9% used [0x00000006c0000000,0x00000006c105c520,0x00000006cab00000)
 Metaspace       used 19495K, capacity 19875K, committed 19968K, reserved 1067008K
  class space    used 1924K, capacity 2040K, committed 2048K, reserved 1048576K
}

